TN:
SF:/home/apoelstra/dload/code/secp256k1/src/ecdsa_impl.h
FN:49,secp256k1_der_read_len
FN:101,secp256k1_der_parse_integer
FN:147,secp256k1_ecdsa_sig_parse
FN:179,secp256k1_ecdsa_sig_serialize
FN:203,secp256k1_ecdsa_sig_verify
FN:275,secp256k1_ecdsa_sig_sign
FNDA:0,secp256k1_der_read_len
FNDA:0,secp256k1_der_parse_integer
FNDA:0,secp256k1_ecdsa_sig_parse
FNDA:0,secp256k1_ecdsa_sig_serialize
FNDA:0,secp256k1_ecdsa_sig_verify
FNDA:0,secp256k1_ecdsa_sig_sign
FNF:6
FNH:0
DA:49,0
DA:51,0
DA:52,0
DA:53,0
DA:55,0
DA:56,0
DA:58,0
DA:60,0
DA:62,0
DA:64,0
DA:66,0
DA:69,0
DA:70,0
DA:71,0
DA:73,0
DA:75,0
DA:77,0
DA:81,0
DA:83,0
DA:84,0
DA:86,0
DA:87,0
DA:89,0
DA:91,0
DA:92,0
DA:94,0
DA:96,0
DA:98,0
DA:101,0
DA:102,0
DA:103,0
DA:106,0
DA:108,0
DA:110,0
DA:111,0
DA:112,0
DA:114,0
DA:116,0
DA:118,0
DA:120,0
DA:122,0
DA:124,0
DA:126,0
DA:128,0
DA:130,0
DA:131,0
DA:133,0
DA:134,0
DA:136,0
DA:137,0
DA:138,0
DA:140,0
DA:141,0
DA:143,0
DA:144,0
DA:147,0
DA:148,0
DA:150,0
DA:152,0
DA:154,0
DA:155,0
DA:157,0
DA:159,0
DA:161,0
DA:164,0
DA:165,0
DA:167,0
DA:168,0
DA:171,0
DA:173,0
DA:176,0
DA:179,0
DA:180,0
DA:181,0
DA:182,0
DA:183,0
DA:184,0
DA:185,0
DA:186,0
DA:187,0
DA:188,0
DA:189,0
DA:191,0
DA:192,0
DA:193,0
DA:194,0
DA:195,0
DA:196,0
DA:197,0
DA:198,0
DA:199,0
DA:200,0
DA:203,0
DA:212,0
DA:213,0
DA:216,0
DA:217,0
DA:218,0
DA:219,0
DA:220,0
DA:221,0
DA:222,0
DA:239,0
DA:240,0
DA:258,0
DA:260,0
DA:262,0
DA:264,0
DA:266,0
DA:267,0
DA:269,0
DA:271,0
DA:275,0
DA:280,0
DA:282,0
DA:283,0
DA:284,0
DA:285,0
DA:286,0
DA:287,0
DA:288,0
DA:292,0
DA:293,0
DA:294,0
DA:296,0
DA:300,0
DA:302,0
DA:303,0
DA:304,0
DA:305,0
DA:306,0
DA:307,0
DA:308,0
DA:309,0
DA:310,0
DA:312,0
DA:313,0
DA:314,0
DA:315,0
DA:318,0
LF:140
LH:0
end_of_record
SF:/home/apoelstra/dload/code/secp256k1/src/eckey_impl.h
FN:17,secp256k1_eckey_pubkey_parse
FN:36,secp256k1_eckey_pubkey_serialize
FN:54,secp256k1_eckey_privkey_tweak_add
FN:62,secp256k1_eckey_pubkey_tweak_add
FN:76,secp256k1_eckey_privkey_tweak_mul
FN:85,secp256k1_eckey_pubkey_tweak_mul
FNDA:0,secp256k1_eckey_pubkey_parse
FNDA:0,secp256k1_eckey_pubkey_serialize
FNDA:0,secp256k1_eckey_privkey_tweak_add
FNDA:0,secp256k1_eckey_pubkey_tweak_add
FNDA:0,secp256k1_eckey_privkey_tweak_mul
FNDA:0,secp256k1_eckey_pubkey_tweak_mul
FNF:6
FNH:0
DA:17,0
DA:18,0
DA:20,0
DA:21,0
DA:23,0
DA:24,0
DA:26,0
DA:27,0
DA:28,0
DA:30,0
DA:32,0
DA:36,0
DA:37,0
DA:38,0
DA:40,0
DA:41,0
DA:42,0
DA:43,0
DA:44,0
DA:45,0
DA:47,0
DA:48,0
DA:49,0
DA:51,0
DA:54,0
DA:55,0
DA:56,0
DA:57,0
DA:59,0
DA:62,0
DA:65,0
DA:66,0
DA:67,0
DA:69,0
DA:70,0
DA:72,0
DA:73,0
DA:76,0
DA:77,0
DA:78,0
DA:81,0
DA:82,0
DA:85,0
DA:88,0
DA:89,0
DA:92,0
DA:93,0
DA:94,0
DA:95,0
DA:96,0
LF:50
LH:0
end_of_record
SF:/home/apoelstra/dload/code/secp256k1/src/ecmult_const_impl.h
FN:57,secp256k1_wnaf_const
FN:122,secp256k1_ecmult_const
FNDA:0,secp256k1_wnaf_const
FNDA:0,secp256k1_ecmult_const
FNF:2
FNH:0
DA:57,0
DA:59,0
DA:60,0
DA:79,0
DA:81,0
DA:83,0
DA:84,0
DA:85,0
DA:91,0
DA:92,0
DA:93,0
DA:96,0
DA:97,0
DA:102,0
DA:104,0
DA:105,0
DA:106,0
DA:107,0
DA:110,0
DA:112,0
DA:114,0
DA:116,0
DA:117,0
DA:118,0
DA:122,0
DA:137,0
DA:146,0
DA:155,0
DA:156,0
DA:157,0
DA:158,0
DA:169,0
DA:171,0
DA:172,0
DA:180,0
DA:183,0
DA:184,0
DA:187,0
DA:188,0
DA:190,0
DA:199,0
DA:203,0
DA:210,0
DA:211,0
DA:212,0
DA:213,0
DA:217,0
DA:220,0
DA:226,0
DA:227,0
DA:228,0
DA:237,0
LF:52
LH:0
end_of_record
SF:/home/apoelstra/dload/code/secp256k1/src/ecmult_gen_impl.h
FN:17,secp256k1_ecmult_gen_context_init
FN:21,secp256k1_ecmult_gen_context_build
FN:94,secp256k1_ecmult_gen_context_is_built
FN:98,secp256k1_ecmult_gen_context_clone
FN:115,secp256k1_ecmult_gen_context_clear
FN:124,secp256k1_ecmult_gen
FN:159,secp256k1_ecmult_gen_blind
FNDA:0,secp256k1_ecmult_gen_context_init
FNDA:0,secp256k1_ecmult_gen_context_build
FNDA:0,secp256k1_ecmult_gen_context_is_built
FNDA:0,secp256k1_ecmult_gen_context_clone
FNDA:0,secp256k1_ecmult_gen_context_clear
FNDA:0,secp256k1_ecmult_gen
FNDA:0,secp256k1_ecmult_gen_blind
FNF:7
FNH:0
DA:17,0
DA:18,0
DA:19,0
DA:21,0
DA:29,0
DA:30,0
DA:89,0
DA:91,0
DA:94,0
DA:95,0
DA:98,0
DA:100,0
DA:101,0
DA:108,0
DA:110,0
DA:111,0
DA:113,0
DA:115,0
DA:119,0
DA:120,0
DA:121,0
DA:122,0
DA:124,0
DA:130,0
DA:131,0
DA:133,0
DA:134,0
DA:135,0
DA:136,0
DA:137,0
DA:148,0
DA:150,0
DA:151,0
DA:153,0
DA:154,0
DA:155,0
DA:156,0
DA:159,0
DA:166,0
DA:167,0
DA:169,0
DA:170,0
DA:171,0
DA:174,0
DA:179,0
DA:180,0
DA:181,0
DA:183,0
DA:184,0
DA:187,0
DA:188,0
DA:189,0
DA:190,0
DA:192,0
DA:193,0
DA:195,0
DA:196,0
DA:198,0
DA:199,0
DA:200,0
DA:201,0
DA:202,0
DA:203,0
DA:204,0
DA:205,0
DA:206,0
DA:207,0
DA:208,0
LF:68
LH:0
end_of_record
SF:/home/apoelstra/dload/code/secp256k1/src/ecmult_impl.h
FN:54,secp256k1_ecmult_odd_multiples_table
FN:104,secp256k1_ecmult_odd_multiples_table_globalz_windowa
FN:114,secp256k1_ecmult_odd_multiples_table_storage_var
FN:159,secp256k1_ecmult_context_init
FN:166,secp256k1_ecmult_context_build
FN:198,secp256k1_ecmult_context_clone
FN:218,secp256k1_ecmult_context_is_built
FN:222,secp256k1_ecmult_context_clear
FN:237,secp256k1_ecmult_wnaf
FN:288,secp256k1_ecmult
FNDA:0,secp256k1_ecmult_odd_multiples_table
FNDA:0,secp256k1_ecmult_odd_multiples_table_globalz_windowa
FNDA:0,secp256k1_ecmult_odd_multiples_table_storage_var
FNDA:0,secp256k1_ecmult_context_init
FNDA:0,secp256k1_ecmult_context_build
FNDA:0,secp256k1_ecmult_context_clone
FNDA:0,secp256k1_ecmult_context_is_built
FNDA:0,secp256k1_ecmult_context_clear
FNDA:0,secp256k1_ecmult_wnaf
FNDA:0,secp256k1_ecmult
FNF:10
FNH:0
DA:54,0
DA:59,0
DA:61,0
DA:67,0
DA:68,0
DA:69,0
DA:71,0
DA:72,0
DA:73,0
DA:74,0
DA:75,0
DA:77,0
DA:78,0
DA:79,0
DA:86,0
DA:87,0
DA:104,0
DA:109,0
DA:111,0
DA:112,0
DA:114,0
DA:115,0
DA:116,0
DA:117,0
DA:121,0
DA:123,0
DA:125,0
DA:126,0
DA:129,0
DA:130,0
DA:131,0
DA:132,0
DA:159,0
DA:160,0
DA:164,0
DA:166,0
DA:169,0
DA:170,0
DA:174,0
DA:176,0
DA:179,0
DA:198,0
DA:200,0
DA:201,0
DA:203,0
DA:204,0
DA:205,0
DA:216,0
DA:218,0
DA:219,0
DA:222,0
DA:223,0
DA:227,0
DA:228,0
DA:237,0
DA:238,0
DA:239,0
DA:240,0
DA:241,0
DA:242,0
DA:245,0
DA:247,0
DA:249,0
DA:251,0
DA:252,0
DA:253,0
DA:256,0
DA:259,0
DA:260,0
DA:261,0
DA:264,0
DA:265,0
DA:266,0
DA:269,0
DA:271,0
DA:272,0
DA:274,0
DA:275,0
DA:277,0
DA:285,0
DA:288,0
DA:329,0
DA:330,0
DA:343,0
DA:363,0
DA:364,0
DA:365,0
DA:369,0
DA:371,0
DA:373,0
DA:392,0
DA:393,0
DA:394,0
DA:396,0
DA:397,0
DA:398,0
DA:403,0
DA:404,0
DA:406,0
LF:99
LH:0
end_of_record
SF:/home/apoelstra/dload/code/secp256k1/src/field_5x52_impl.h
FN:53,secp256k1_fe_verify
FN:58,secp256k1_fe_normalize
FN:101,secp256k1_fe_normalize_weak
FN:125,secp256k1_fe_normalize_var
FN:169,secp256k1_fe_normalizes_to_zero
FN:192,secp256k1_fe_normalizes_to_zero_var
FN:233,secp256k1_fe_set_int
FN:243,secp256k1_fe_is_zero
FN:252,secp256k1_fe_is_odd
FN:260,secp256k1_fe_clear
FN:271,secp256k1_fe_cmp_var
FN:290,secp256k1_fe_set_b32
FN:313,secp256k1_fe_get_b32
FN:331,secp256k1_fe_negate
FN:348,secp256k1_fe_mul_int
FN:361,secp256k1_fe_add
FN:377,secp256k1_fe_mul
FN:393,secp256k1_fe_sqr
FN:406,secp256k1_fe_cmov
FN:423,secp256k1_fe_storage_cmov
FN:433,secp256k1_fe_to_storage
FN:443,secp256k1_fe_from_storage
FNDA:0,secp256k1_fe_verify
FNDA:0,secp256k1_fe_normalize
FNDA:0,secp256k1_fe_normalize_weak
FNDA:0,secp256k1_fe_normalize_var
FNDA:0,secp256k1_fe_normalizes_to_zero
FNDA:0,secp256k1_fe_normalizes_to_zero_var
FNDA:0,secp256k1_fe_set_int
FNDA:0,secp256k1_fe_is_zero
FNDA:0,secp256k1_fe_is_odd
FNDA:0,secp256k1_fe_clear
FNDA:0,secp256k1_fe_cmp_var
FNDA:0,secp256k1_fe_set_b32
FNDA:0,secp256k1_fe_get_b32
FNDA:0,secp256k1_fe_negate
FNDA:0,secp256k1_fe_mul_int
FNDA:0,secp256k1_fe_add
FNDA:0,secp256k1_fe_mul
FNDA:0,secp256k1_fe_sqr
FNDA:0,secp256k1_fe_cmov
FNDA:0,secp256k1_fe_storage_cmov
FNDA:0,secp256k1_fe_to_storage
FNDA:0,secp256k1_fe_from_storage
FNF:22
FNH:0
DA:53,0
DA:55,0
DA:58,0
DA:59,0
DA:63,0
DA:66,0
DA:67,0
DA:68,0
DA:69,0
DA:70,0
DA:73,0
DA:76,0
DA:77,0
DA:80,0
DA:81,0
DA:82,0
DA:83,0
DA:84,0
DA:87,0
DA:90,0
DA:92,0
DA:99,0
DA:101,0
DA:102,0
DA:105,0
DA:108,0
DA:109,0
DA:110,0
DA:111,0
DA:112,0
DA:115,0
DA:117,0
DA:123,0
DA:125,0
DA:126,0
DA:130,0
DA:133,0
DA:134,0
DA:135,0
DA:136,0
DA:137,0
DA:140,0
DA:143,0
DA:144,0
DA:146,0
DA:147,0
DA:148,0
DA:149,0
DA:150,0
DA:151,0
DA:154,0
DA:157,0
DA:160,0
DA:167,0
DA:169,0
DA:170,0
DA:176,0
DA:179,0
DA:180,0
DA:181,0
DA:182,0
DA:183,0
DA:184,0
DA:187,0
DA:189,0
DA:192,0
DA:197,0
DA:198,0
DA:201,0
DA:204,0
DA:207,0
DA:208,0
DA:211,0
DA:212,0
DA:215,0
DA:216,0
DA:217,0
DA:219,0
DA:221,0
DA:222,0
DA:223,0
DA:224,0
DA:225,0
DA:228,0
DA:230,0
DA:233,0
DA:234,0
DA:235,0
DA:241,0
DA:243,0
DA:244,0
DA:249,0
DA:252,0
DA:257,0
DA:260,0
DA:266,0
DA:267,0
DA:269,0
DA:271,0
DA:279,0
DA:280,0
DA:281,0
DA:283,0
DA:284,0
DA:287,0
DA:290,0
DA:292,0
DA:293,0
DA:295,0
DA:296,0
DA:297,0
DA:298,0
DA:301,0
DA:302,0
DA:309,0
DA:313,0
DA:319,0
DA:321,0
DA:322,0
DA:323,0
DA:324,0
DA:325,0
DA:327,0
DA:329,0
DA:331,0
DA:336,0
DA:337,0
DA:338,0
DA:339,0
DA:340,0
DA:346,0
DA:348,0
DA:349,0
DA:350,0
DA:351,0
DA:352,0
DA:353,0
DA:359,0
DA:361,0
DA:365,0
DA:366,0
DA:367,0
DA:368,0
DA:369,0
DA:375,0
DA:377,0
DA:385,0
DA:391,0
DA:393,0
DA:398,0
DA:404,0
DA:406,0
DA:408,0
DA:409,0
DA:410,0
DA:411,0
DA:412,0
DA:413,0
DA:414,0
DA:421,0
DA:423,0
DA:425,0
DA:426,0
DA:427,0
DA:428,0
DA:429,0
DA:430,0
DA:431,0
DA:433,0
DA:437,0
DA:438,0
DA:439,0
DA:440,0
DA:441,0
DA:443,0
DA:444,0
DA:445,0
DA:446,0
DA:447,0
DA:448,0
DA:453,0
LF:181
LH:0
end_of_record
SF:/home/apoelstra/dload/code/secp256k1/src/field_5x52_int128_impl.h
FN:18,secp256k1_fe_mul_inner
FN:155,secp256k1_fe_sqr_inner
FNDA:0,secp256k1_fe_mul_inner
FNDA:0,secp256k1_fe_sqr_inner
FNF:2
FNH:0
DA:18,0
DA:21,0
DA:22,0
DA:41,0
DA:42,0
DA:43,0
DA:44,0
DA:47,0
DA:50,0
DA:54,0
DA:59,0
DA:60,0
DA:61,0
DA:62,0
DA:63,0
DA:66,0
DA:69,0
DA:73,0
DA:78,0
DA:81,0
DA:82,0
DA:83,0
DA:84,0
DA:87,0
DA:92,0
DA:95,0
DA:98,0
DA:103,0
DA:104,0
DA:107,0
DA:108,0
DA:109,0
DA:112,0
DA:116,0
DA:121,0
DA:122,0
DA:123,0
DA:126,0
DA:127,0
DA:130,0
DA:136,0
DA:140,0
DA:143,0
DA:147,0
DA:150,0
DA:153,0
DA:155,0
DA:157,0
DA:159,0
DA:172,0
DA:173,0
DA:176,0
DA:179,0
DA:183,0
DA:188,0
DA:189,0
DA:190,0
DA:191,0
DA:194,0
DA:197,0
DA:201,0
DA:206,0
DA:209,0
DA:210,0
DA:213,0
DA:218,0
DA:221,0
DA:224,0
DA:229,0
DA:230,0
DA:233,0
DA:234,0
DA:237,0
DA:241,0
DA:246,0
DA:247,0
DA:250,0
DA:253,0
DA:257,0
DA:262,0
DA:265,0
DA:269,0
DA:272,0
DA:275,0
LF:84
LH:0
end_of_record
SF:/home/apoelstra/dload/code/secp256k1/src/field_impl.h
FN:24,secp256k1_fe_equal
FN:31,secp256k1_fe_equal_var
FN:38,secp256k1_fe_sqrt
FN:136,secp256k1_fe_inv
FN:226,secp256k1_fe_inv_var
FN:263,secp256k1_fe_inv_all_var
FN:290,secp256k1_fe_is_quad_var
FNDA:0,secp256k1_fe_equal
FNDA:0,secp256k1_fe_equal_var
FNDA:0,secp256k1_fe_sqrt
FNDA:0,secp256k1_fe_inv
FNDA:0,secp256k1_fe_inv_var
FNDA:0,secp256k1_fe_inv_all_var
FNDA:0,secp256k1_fe_is_quad_var
FNF:7
FNH:0
DA:24,0
DA:26,0
DA:27,0
DA:28,0
DA:31,0
DA:33,0
DA:34,0
DA:35,0
DA:38,0
DA:56,0
DA:57,0
DA:59,0
DA:60,0
DA:62,0
DA:63,0
DA:64,0
DA:66,0
DA:68,0
DA:69,0
DA:70,0
DA:72,0
DA:74,0
DA:75,0
DA:76,0
DA:78,0
DA:80,0
DA:81,0
DA:82,0
DA:84,0
DA:86,0
DA:87,0
DA:88,0
DA:90,0
DA:92,0
DA:93,0
DA:94,0
DA:96,0
DA:98,0
DA:99,0
DA:100,0
DA:102,0
DA:104,0
DA:105,0
DA:106,0
DA:108,0
DA:110,0
DA:111,0
DA:112,0
DA:114,0
DA:118,0
DA:119,0
DA:120,0
DA:122,0
DA:123,0
DA:124,0
DA:126,0
DA:127,0
DA:128,0
DA:132,0
DA:133,0
DA:136,0
DA:145,0
DA:146,0
DA:148,0
DA:149,0
DA:151,0
DA:152,0
DA:153,0
DA:155,0
DA:157,0
DA:158,0
DA:159,0
DA:161,0
DA:163,0
DA:164,0
DA:165,0
DA:167,0
DA:169,0
DA:170,0
DA:171,0
DA:173,0
DA:175,0
DA:176,0
DA:177,0
DA:179,0
DA:181,0
DA:182,0
DA:183,0
DA:185,0
DA:187,0
DA:188,0
DA:189,0
DA:191,0
DA:193,0
DA:194,0
DA:195,0
DA:197,0
DA:199,0
DA:200,0
DA:201,0
DA:203,0
DA:207,0
DA:208,0
DA:209,0
DA:211,0
DA:212,0
DA:213,0
DA:215,0
DA:216,0
DA:217,0
DA:219,0
DA:220,0
DA:221,0
DA:223,0
DA:224,0
DA:226,0
DA:228,0
DA:261,0
DA:263,0
DA:266,0
DA:267,0
DA:270,0
DA:272,0
DA:274,0
DA:275,0
DA:276,0
DA:279,0
DA:281,0
DA:282,0
DA:283,0
DA:284,0
DA:287,0
DA:290,0
DA:311,0
LF:134
LH:0
end_of_record
SF:/home/apoelstra/dload/code/secp256k1/src/group_impl.h
FN:83,secp256k1_ge_set_gej_zinv
FN:93,secp256k1_ge_set_xy
FN:99,secp256k1_ge_is_infinity
FN:103,secp256k1_ge_neg
FN:109,secp256k1_ge_set_gej
FN:122,secp256k1_ge_set_gej_var
FN:138,secp256k1_ge_set_all_gej_var
FN:164,secp256k1_ge_set_table_gej_var
FN:182,secp256k1_ge_globalz_set_table_gej
FN:205,secp256k1_gej_set_infinity
FN:212,secp256k1_ge_set_infinity
FN:218,secp256k1_gej_clear
FN:225,secp256k1_ge_clear
FN:231,secp256k1_ge_set_xquad
FN:242,secp256k1_ge_set_xo_var
FN:254,secp256k1_gej_set_ge
FN:261,secp256k1_gej_eq_x_var
FN:269,secp256k1_gej_neg
FN:278,secp256k1_gej_is_infinity
FN:282,secp256k1_gej_is_valid_var
FN:302,secp256k1_ge_is_valid_var
FN:316,secp256k1_gej_double_var
FN:371,secp256k1_gej_double_nonzero
FN:376,secp256k1_gej_add_var
FN:429,secp256k1_gej_add_ge_var
FN:478,secp256k1_gej_add_zinv_var
FN:535,secp256k1_gej_add_ge
FN:657,secp256k1_gej_rescale
FN:668,secp256k1_ge_to_storage
FN:679,secp256k1_ge_from_storage
FN:685,secp256k1_ge_storage_cmov
FN:701,secp256k1_gej_has_quad_y_var
FNDA:0,secp256k1_ge_set_gej_zinv
FNDA:0,secp256k1_ge_set_xy
FNDA:0,secp256k1_ge_is_infinity
FNDA:0,secp256k1_ge_neg
FNDA:0,secp256k1_ge_set_gej
FNDA:0,secp256k1_ge_set_gej_var
FNDA:0,secp256k1_ge_set_all_gej_var
FNDA:0,secp256k1_ge_set_table_gej_var
FNDA:0,secp256k1_ge_globalz_set_table_gej
FNDA:0,secp256k1_gej_set_infinity
FNDA:0,secp256k1_ge_set_infinity
FNDA:0,secp256k1_gej_clear
FNDA:0,secp256k1_ge_clear
FNDA:0,secp256k1_ge_set_xquad
FNDA:0,secp256k1_ge_set_xo_var
FNDA:0,secp256k1_gej_set_ge
FNDA:0,secp256k1_gej_eq_x_var
FNDA:0,secp256k1_gej_neg
FNDA:0,secp256k1_gej_is_infinity
FNDA:0,secp256k1_gej_is_valid_var
FNDA:0,secp256k1_ge_is_valid_var
FNDA:0,secp256k1_gej_double_var
FNDA:0,secp256k1_gej_double_nonzero
FNDA:0,secp256k1_gej_add_var
FNDA:0,secp256k1_gej_add_ge_var
FNDA:0,secp256k1_gej_add_zinv_var
FNDA:0,secp256k1_gej_add_ge
FNDA:0,secp256k1_gej_rescale
FNDA:0,secp256k1_ge_to_storage
FNDA:0,secp256k1_ge_from_storage
FNDA:0,secp256k1_ge_storage_cmov
FNDA:0,secp256k1_gej_has_quad_y_var
FNF:32
FNH:0
DA:83,0
DA:86,0
DA:87,0
DA:88,0
DA:89,0
DA:90,0
DA:91,0
DA:93,0
DA:94,0
DA:95,0
DA:96,0
DA:97,0
DA:99,0
DA:100,0
DA:103,0
DA:104,0
DA:105,0
DA:106,0
DA:107,0
DA:109,0
DA:111,0
DA:112,0
DA:113,0
DA:114,0
DA:115,0
DA:116,0
DA:117,0
DA:118,0
DA:119,0
DA:120,0
DA:122,0
DA:124,0
DA:125,0
DA:126,0
DA:128,0
DA:129,0
DA:130,0
DA:131,0
DA:132,0
DA:133,0
DA:134,0
DA:135,0
DA:138,0
DA:142,0
DA:143,0
DA:144,0
DA:145,0
DA:146,0
DA:150,0
DA:151,0
DA:152,0
DA:154,0
DA:155,0
DA:156,0
DA:157,0
DA:158,0
DA:161,0
DA:162,0
DA:164,0
DA:165,0
DA:168,0
DA:170,0
DA:171,0
DA:174,0
DA:175,0
DA:176,0
DA:177,0
DA:180,0
DA:182,0
DA:183,0
DA:186,0
DA:188,0
DA:189,0
DA:190,0
DA:191,0
DA:192,0
DA:195,0
DA:196,0
DA:197,0
DA:199,0
DA:200,0
DA:203,0
DA:205,0
DA:206,0
DA:207,0
DA:208,0
DA:209,0
DA:210,0
DA:212,0
DA:213,0
DA:214,0
DA:215,0
DA:216,0
DA:218,0
DA:219,0
DA:220,0
DA:221,0
DA:222,0
DA:223,0
DA:225,0
DA:226,0
DA:227,0
DA:228,0
DA:229,0
DA:231,0
DA:233,0
DA:234,0
DA:235,0
DA:236,0
DA:237,0
DA:238,0
DA:239,0
DA:242,0
DA:243,0
DA:244,0
DA:246,0
DA:247,0
DA:248,0
DA:250,0
DA:254,0
DA:255,0
DA:256,0
DA:257,0
DA:258,0
DA:259,0
DA:261,0
DA:263,0
DA:264,0
DA:265,0
DA:266,0
DA:269,0
DA:270,0
DA:271,0
DA:272,0
DA:273,0
DA:274,0
DA:275,0
DA:276,0
DA:278,0
DA:279,0
DA:282,0
DA:284,0
DA:285,0
DA:292,0
DA:293,0
DA:294,0
DA:295,0
DA:296,0
DA:297,0
DA:298,0
DA:299,0
DA:302,0
DA:304,0
DA:305,0
DA:308,0
DA:309,0
DA:310,0
DA:311,0
DA:312,0
DA:313,0
DA:316,0
DA:335,0
DA:336,0
DA:337,0
DA:338,0
DA:340,0
DA:343,0
DA:344,0
DA:345,0
DA:346,0
DA:349,0
DA:350,0
DA:351,0
DA:352,0
DA:353,0
DA:354,0
DA:355,0
DA:356,0
DA:357,0
DA:358,0
DA:359,0
DA:360,0
DA:361,0
DA:362,0
DA:363,0
DA:364,0
DA:365,0
DA:366,0
DA:367,0
DA:368,0
DA:371,0
DA:372,0
DA:373,0
DA:374,0
DA:376,0
DA:380,0
DA:382,0
DA:383,0
DA:386,0
DA:387,0
DA:388,0
DA:390,0
DA:391,0
DA:394,0
DA:395,0
DA:396,0
DA:397,0
DA:398,0
DA:399,0
DA:400,0
DA:401,0
DA:402,0
DA:403,0
DA:404,0
DA:405,0
DA:407,0
DA:408,0
DA:410,0
DA:412,0
DA:414,0
DA:415,0
DA:416,0
DA:417,0
DA:418,0
DA:419,0
DA:421,0
DA:422,0
DA:423,0
DA:424,0
DA:425,0
DA:426,0
DA:429,0
DA:432,0
DA:434,0
DA:435,0
DA:437,0
DA:438,0
DA:439,0
DA:441,0
DA:442,0
DA:444,0
DA:446,0
DA:447,0
DA:448,0
DA:449,0
DA:450,0
DA:451,0
DA:452,0
DA:453,0
DA:454,0
DA:455,0
DA:457,0
DA:458,0
DA:460,0
DA:462,0
DA:464,0
DA:465,0
DA:466,0
DA:467,0
DA:468,0
DA:470,0
DA:471,0
DA:472,0
DA:473,0
DA:474,0
DA:475,0
DA:478,0
DA:482,0
DA:483,0
DA:484,0
DA:486,0
DA:488,0
DA:489,0
DA:490,0
DA:491,0
DA:492,0
DA:493,0
DA:494,0
DA:496,0
DA:506,0
DA:508,0
DA:509,0
DA:510,0
DA:511,0
DA:512,0
DA:513,0
DA:514,0
DA:515,0
DA:516,0
DA:517,0
DA:519,0
DA:521,0
DA:523,0
DA:524,0
DA:525,0
DA:526,0
DA:527,0
DA:528,0
DA:529,0
DA:530,0
DA:531,0
DA:535,0
DA:541,0
DA:542,0
DA:594,0
DA:595,0
DA:596,0
DA:597,0
DA:598,0
DA:599,0
DA:600,0
DA:601,0
DA:602,0
DA:603,0
DA:604,0
DA:605,0
DA:608,0
DA:609,0
DA:615,0
DA:616,0
DA:617,0
DA:619,0
DA:620,0
DA:625,0
DA:626,0
DA:631,0
DA:632,0
DA:633,0
DA:634,0
DA:635,0
DA:636,0
DA:637,0
DA:638,0
DA:639,0
DA:640,0
DA:641,0
DA:642,0
DA:643,0
DA:644,0
DA:645,0
DA:646,0
DA:647,0
DA:648,0
DA:651,0
DA:652,0
DA:653,0
DA:654,0
DA:655,0
DA:657,0
DA:660,0
DA:661,0
DA:662,0
DA:663,0
DA:664,0
DA:665,0
DA:666,0
DA:668,0
DA:670,0
DA:671,0
DA:672,0
DA:673,0
DA:674,0
DA:675,0
DA:676,0
DA:677,0
DA:679,0
DA:680,0
DA:681,0
DA:682,0
DA:683,0
DA:685,0
DA:686,0
DA:687,0
DA:688,0
DA:701,0
DA:704,0
DA:705,0
DA:711,0
DA:712,0
LF:379
LH:0
end_of_record
SF:/home/apoelstra/dload/code/secp256k1/src/hash_impl.h
FN:36,secp256k1_sha256_initialize
FN:49,secp256k1_sha256_transform
FN:131,secp256k1_sha256_write
FN:148,secp256k1_sha256_finalize
FN:164,secp256k1_hmac_sha256_initialize
FN:192,secp256k1_hmac_sha256_write
FN:196,secp256k1_hmac_sha256_finalize
FN:205,secp256k1_rfc6979_hmac_sha256_initialize
FN:235,secp256k1_rfc6979_hmac_sha256_generate
FN:266,secp256k1_rfc6979_hmac_sha256_finalize
FNDA:0,secp256k1_sha256_initialize
FNDA:0,secp256k1_sha256_transform
FNDA:0,secp256k1_sha256_write
FNDA:0,secp256k1_sha256_finalize
FNDA:0,secp256k1_hmac_sha256_initialize
FNDA:0,secp256k1_hmac_sha256_write
FNDA:0,secp256k1_hmac_sha256_finalize
FNDA:0,secp256k1_rfc6979_hmac_sha256_initialize
FNDA:0,secp256k1_rfc6979_hmac_sha256_generate
FNDA:0,secp256k1_rfc6979_hmac_sha256_finalize
FNF:10
FNH:0
DA:36,0
DA:37,0
DA:38,0
DA:39,0
DA:40,0
DA:41,0
DA:42,0
DA:43,0
DA:44,0
DA:45,0
DA:46,0
DA:49,0
DA:50,0
DA:53,0
DA:54,0
DA:55,0
DA:56,0
DA:57,0
DA:58,0
DA:59,0
DA:60,0
DA:61,0
DA:62,0
DA:63,0
DA:64,0
DA:65,0
DA:66,0
DA:67,0
DA:68,0
DA:70,0
DA:71,0
DA:72,0
DA:73,0
DA:74,0
DA:75,0
DA:76,0
DA:77,0
DA:78,0
DA:79,0
DA:80,0
DA:81,0
DA:82,0
DA:83,0
DA:84,0
DA:85,0
DA:87,0
DA:88,0
DA:89,0
DA:90,0
DA:91,0
DA:92,0
DA:93,0
DA:94,0
DA:95,0
DA:96,0
DA:97,0
DA:98,0
DA:99,0
DA:100,0
DA:101,0
DA:102,0
DA:104,0
DA:105,0
DA:106,0
DA:107,0
DA:108,0
DA:109,0
DA:110,0
DA:111,0
DA:112,0
DA:113,0
DA:114,0
DA:115,0
DA:116,0
DA:117,0
DA:118,0
DA:119,0
DA:121,0
DA:122,0
DA:123,0
DA:124,0
DA:125,0
DA:126,0
DA:127,0
DA:128,0
DA:129,0
DA:131,0
DA:132,0
DA:133,0
DA:134,0
DA:136,0
DA:137,0
DA:138,0
DA:139,0
DA:140,0
DA:142,0
DA:144,0
DA:146,0
DA:148,0
DA:152,0
DA:153,0
DA:154,0
DA:155,0
DA:156,0
DA:157,0
DA:158,0
DA:159,0
DA:161,0
DA:162,0
DA:164,0
DA:167,0
DA:168,0
DA:169,0
DA:172,0
DA:173,0
DA:174,0
DA:175,0
DA:178,0
DA:179,0
DA:180,0
DA:182,0
DA:184,0
DA:185,0
DA:186,0
DA:188,0
DA:189,0
DA:190,0
DA:192,0
DA:193,0
DA:194,0
DA:196,0
DA:198,0
DA:199,0
DA:200,0
DA:201,0
DA:202,0
DA:205,0
DA:210,0
DA:211,0
DA:214,0
DA:215,0
DA:216,0
DA:217,0
DA:218,0
DA:219,0
DA:220,0
DA:221,0
DA:224,0
DA:225,0
DA:226,0
DA:227,0
DA:228,0
DA:229,0
DA:230,0
DA:231,0
DA:232,0
DA:233,0
DA:235,0
DA:238,0
DA:240,0
DA:241,0
DA:242,0
DA:243,0
DA:244,0
DA:245,0
DA:246,0
DA:249,0
DA:251,0
DA:252,0
DA:253,0
DA:254,0
DA:255,0
DA:256,0
DA:258,0
DA:259,0
DA:260,0
DA:263,0
DA:264,0
DA:266,0
DA:267,0
DA:268,0
DA:269,0
DA:270,0
LF:183
LH:0
end_of_record
SF:/home/apoelstra/dload/code/secp256k1/src/modules/ecdh/main_impl.h
FN:13,secp256k1_ecdh
FNDA:0,secp256k1_ecdh
FNF:1
FNH:0
DA:13,0
DA:14,0
DA:15,0
DA:19,0
DA:20,0
DA:21,0
DA:24,0
DA:25,0
DA:26,0
DA:27,0
DA:33,0
DA:34,0
DA:38,0
DA:39,0
DA:40,0
DA:41,0
DA:43,0
DA:44,0
DA:45,0
DA:46,0
DA:47,0
DA:50,0
DA:51,0
LF:23
LH:0
end_of_record
SF:/home/apoelstra/dload/code/secp256k1/src/modules/recovery/main_impl.h
FN:12,secp256k1_ecdsa_recoverable_signature_load
FN:27,secp256k1_ecdsa_recoverable_signature_save
FN:38,secp256k1_ecdsa_recoverable_signature_parse_compact
FN:60,secp256k1_ecdsa_recoverable_signature_serialize_compact
FN:74,secp256k1_ecdsa_recoverable_signature_convert
FN:87,secp256k1_ecdsa_sig_recover
FN:123,secp256k1_ecdsa_sign_recoverable
FN:170,secp256k1_ecdsa_recover
FNDA:0,secp256k1_ecdsa_recoverable_signature_load
FNDA:0,secp256k1_ecdsa_recoverable_signature_save
FNDA:0,secp256k1_ecdsa_recoverable_signature_parse_compact
FNDA:0,secp256k1_ecdsa_recoverable_signature_serialize_compact
FNDA:0,secp256k1_ecdsa_recoverable_signature_convert
FNDA:0,secp256k1_ecdsa_sig_recover
FNDA:0,secp256k1_ecdsa_sign_recoverable
FNDA:0,secp256k1_ecdsa_recover
FNF:8
FNH:0
DA:12,0
DA:18,0
DA:19,0
DA:24,0
DA:25,0
DA:27,0
DA:29,0
DA:30,0
DA:35,0
DA:36,0
DA:38,0
DA:40,0
DA:41,0
DA:44,0
DA:45,0
DA:46,0
DA:48,0
DA:49,0
DA:50,0
DA:51,0
DA:52,0
DA:53,0
DA:55,0
DA:57,0
DA:60,0
DA:64,0
DA:65,0
DA:66,0
DA:68,0
DA:69,0
DA:70,0
DA:71,0
DA:74,0
DA:79,0
DA:80,0
DA:82,0
DA:83,0
DA:84,0
DA:87,0
DA:96,0
DA:97,0
DA:100,0
DA:101,0
DA:104,0
DA:105,0
DA:106,0
DA:108,0
DA:110,0
DA:111,0
DA:113,0
DA:114,0
DA:115,0
DA:116,0
DA:117,0
DA:118,0
DA:119,0
DA:120,0
DA:123,0
DA:127,0
DA:128,0
DA:130,0
DA:131,0
DA:132,0
DA:133,0
DA:134,0
DA:135,0
DA:138,0
DA:140,0
DA:142,0
DA:143,0
DA:145,0
DA:146,0
DA:147,0
DA:149,0
DA:150,0
DA:151,0
DA:152,0
DA:155,0
DA:157,0
DA:158,0
DA:159,0
DA:160,0
DA:162,0
DA:163,0
DA:165,0
DA:167,0
DA:170,0
DA:176,0
DA:177,0
DA:178,0
DA:179,0
DA:181,0
DA:182,0
DA:183,0
DA:184,0
DA:185,0
DA:186,0
DA:188,0
DA:189,0
LF:99
LH:0
end_of_record
SF:/home/apoelstra/dload/code/secp256k1/src/scalar_4x64_impl.h
FN:27,secp256k1_scalar_clear
FN:34,secp256k1_scalar_set_int
FN:41,secp256k1_scalar_get_bits
FN:46,secp256k1_scalar_get_bits_var
FN:57,secp256k1_scalar_check_overflow
FN:69,secp256k1_scalar_reduce
FN:83,secp256k1_scalar_add
FN:99,secp256k1_scalar_cadd_bit
FN:117,secp256k1_scalar_set_b32
FN:129,secp256k1_scalar_get_b32
FN:136,secp256k1_scalar_is_zero
FN:140,secp256k1_scalar_negate
FN:152,secp256k1_scalar_is_one
FN:156,secp256k1_scalar_is_high
FN:168,secp256k1_scalar_cond_negate
FN:270,secp256k1_scalar_reduce_512
FN:579,secp256k1_scalar_mul_512
FN:746,secp256k1_scalar_sqr_512
FN:891,secp256k1_scalar_mul
FN:897,secp256k1_scalar_shr_int
FN:909,secp256k1_scalar_sqr
FNDA:0,secp256k1_scalar_clear
FNDA:0,secp256k1_scalar_set_int
FNDA:0,secp256k1_scalar_get_bits
FNDA:0,secp256k1_scalar_get_bits_var
FNDA:0,secp256k1_scalar_check_overflow
FNDA:0,secp256k1_scalar_reduce
FNDA:0,secp256k1_scalar_add
FNDA:0,secp256k1_scalar_cadd_bit
FNDA:0,secp256k1_scalar_set_b32
FNDA:0,secp256k1_scalar_get_b32
FNDA:0,secp256k1_scalar_is_zero
FNDA:0,secp256k1_scalar_negate
FNDA:0,secp256k1_scalar_is_one
FNDA:0,secp256k1_scalar_is_high
FNDA:0,secp256k1_scalar_cond_negate
FNDA:0,secp256k1_scalar_reduce_512
FNDA:0,secp256k1_scalar_mul_512
FNDA:0,secp256k1_scalar_sqr_512
FNDA:0,secp256k1_scalar_mul
FNDA:0,secp256k1_scalar_shr_int
FNDA:0,secp256k1_scalar_sqr
FNF:21
FNH:0
DA:27,0
DA:28,0
DA:29,0
DA:30,0
DA:31,0
DA:32,0
DA:34,0
DA:35,0
DA:36,0
DA:37,0
DA:38,0
DA:39,0
DA:41,0
DA:42,0
DA:43,0
DA:46,0
DA:48,0
DA:49,0
DA:50,0
DA:52,0
DA:53,0
DA:57,0
DA:58,0
DA:59,0
DA:60,0
DA:61,0
DA:62,0
DA:63,0
DA:64,0
DA:65,0
DA:66,0
DA:69,0
DA:72,0
DA:73,0
DA:74,0
DA:75,0
DA:76,0
DA:77,0
DA:78,0
DA:79,0
DA:80,0
DA:83,0
DA:85,0
DA:86,0
DA:87,0
DA:88,0
DA:89,0
DA:90,0
DA:91,0
DA:92,0
DA:93,0
DA:94,0
DA:95,0
DA:96,0
DA:99,0
DA:102,0
DA:103,0
DA:104,0
DA:105,0
DA:106,0
DA:107,0
DA:108,0
DA:109,0
DA:110,0
DA:115,0
DA:117,0
DA:119,0
DA:120,0
DA:121,0
DA:122,0
DA:123,0
DA:124,0
DA:125,0
DA:127,0
DA:129,0
DA:130,0
DA:131,0
DA:132,0
DA:133,0
DA:134,0
DA:136,0
DA:137,0
DA:140,0
DA:141,0
DA:142,0
DA:143,0
DA:144,0
DA:145,0
DA:146,0
DA:147,0
DA:148,0
DA:149,0
DA:150,0
DA:152,0
DA:153,0
DA:156,0
DA:157,0
DA:158,0
DA:159,0
DA:160,0
DA:161,0
DA:162,0
DA:163,0
DA:164,0
DA:165,0
DA:168,0
DA:171,0
DA:172,0
DA:173,0
DA:174,0
DA:175,0
DA:176,0
DA:177,0
DA:178,0
DA:179,0
DA:180,0
DA:181,0
DA:270,0
DA:509,0
DA:517,0
DA:518,0
DA:519,0
DA:520,0
DA:521,0
DA:522,0
DA:523,0
DA:524,0
DA:525,0
DA:526,0
DA:527,0
DA:528,0
DA:529,0
DA:530,0
DA:531,0
DA:532,0
DA:533,0
DA:534,0
DA:535,0
DA:536,0
DA:537,0
DA:538,0
DA:540,0
DA:544,0
DA:545,0
DA:546,0
DA:547,0
DA:548,0
DA:549,0
DA:550,0
DA:551,0
DA:552,0
DA:553,0
DA:554,0
DA:555,0
DA:556,0
DA:557,0
DA:558,0
DA:559,0
DA:560,0
DA:565,0
DA:566,0
DA:567,0
DA:568,0
DA:569,0
DA:570,0
DA:571,0
DA:572,0
DA:576,0
DA:577,0
DA:579,0
DA:714,0
DA:715,0
DA:718,0
DA:719,0
DA:720,0
DA:721,0
DA:722,0
DA:723,0
DA:724,0
DA:725,0
DA:726,0
DA:727,0
DA:728,0
DA:729,0
DA:730,0
DA:731,0
DA:732,0
DA:733,0
DA:734,0
DA:735,0
DA:736,0
DA:737,0
DA:738,0
DA:739,0
DA:740,0
DA:742,0
DA:744,0
DA:746,0
DA:857,0
DA:858,0
DA:861,0
DA:862,0
DA:863,0
DA:864,0
DA:865,0
DA:866,0
DA:867,0
DA:868,0
DA:869,0
DA:870,0
DA:871,0
DA:872,0
DA:873,0
DA:874,0
DA:875,0
DA:876,0
DA:877,0
DA:879,0
DA:881,0
DA:891,0
DA:893,0
DA:894,0
DA:895,0
DA:897,0
DA:901,0
DA:902,0
DA:903,0
DA:904,0
DA:905,0
DA:906,0
DA:909,0
DA:911,0
DA:912,0
DA:913,0
LF:234
LH:0
end_of_record
SF:/home/apoelstra/dload/code/secp256k1/src/scalar_impl.h
FN:55,secp256k1_scalar_inverse
FN:257,secp256k1_scalar_is_even
FN:262,secp256k1_scalar_inverse_var
FNDA:0,secp256k1_scalar_inverse
FNDA:0,secp256k1_scalar_is_even
FNDA:0,secp256k1_scalar_inverse_var
FNF:3
FNH:0
DA:55,0
DA:72,0
DA:73,0
DA:75,0
DA:76,0
DA:78,0
DA:79,0
DA:81,0
DA:82,0
DA:83,0
DA:85,0
DA:86,0
DA:88,0
DA:89,0
DA:91,0
DA:92,0
DA:93,0
DA:95,0
DA:97,0
DA:98,0
DA:99,0
DA:101,0
DA:103,0
DA:104,0
DA:105,0
DA:107,0
DA:109,0
DA:110,0
DA:111,0
DA:113,0
DA:115,0
DA:116,0
DA:117,0
DA:119,0
DA:122,0
DA:123,0
DA:124,0
DA:126,0
DA:127,0
DA:128,0
DA:130,0
DA:131,0
DA:132,0
DA:134,0
DA:135,0
DA:136,0
DA:138,0
DA:139,0
DA:140,0
DA:142,0
DA:143,0
DA:144,0
DA:146,0
DA:147,0
DA:148,0
DA:150,0
DA:151,0
DA:152,0
DA:154,0
DA:155,0
DA:156,0
DA:158,0
DA:159,0
DA:160,0
DA:162,0
DA:163,0
DA:164,0
DA:166,0
DA:167,0
DA:168,0
DA:170,0
DA:171,0
DA:172,0
DA:174,0
DA:175,0
DA:176,0
DA:178,0
DA:179,0
DA:180,0
DA:182,0
DA:183,0
DA:184,0
DA:186,0
DA:187,0
DA:188,0
DA:190,0
DA:191,0
DA:192,0
DA:194,0
DA:195,0
DA:196,0
DA:198,0
DA:199,0
DA:200,0
DA:202,0
DA:203,0
DA:204,0
DA:206,0
DA:207,0
DA:208,0
DA:210,0
DA:211,0
DA:212,0
DA:214,0
DA:215,0
DA:216,0
DA:218,0
DA:219,0
DA:220,0
DA:222,0
DA:223,0
DA:224,0
DA:226,0
DA:227,0
DA:228,0
DA:230,0
DA:231,0
DA:232,0
DA:234,0
DA:235,0
DA:236,0
DA:238,0
DA:239,0
DA:240,0
DA:242,0
DA:243,0
DA:244,0
DA:246,0
DA:247,0
DA:248,0
DA:250,0
DA:251,0
DA:252,0
DA:254,0
DA:255,0
DA:257,0
DA:258,0
DA:262,0
DA:264,0
DA:281,0
LF:140
LH:0
end_of_record
SF:/home/apoelstra/dload/code/secp256k1/src/secp256k1.c
FN:28,default_illegal_callback_fn
FN:39,default_error_callback_fn
FN:58,secp256k1_context_create
FN:83,secp256k1_context_clone
FN:92,secp256k1_context_destroy
FN:101,secp256k1_context_set_illegal_callback
FN:109,secp256k1_context_set_error_callback
FN:117,secp256k1_pubkey_load
FN:136,secp256k1_pubkey_save
FN:150,secp256k1_ec_pubkey_parse
FN:165,secp256k1_ec_pubkey_serialize
FN:188,secp256k1_ecdsa_signature_load
FN:202,secp256k1_ecdsa_signature_save
FN:212,secp256k1_ecdsa_signature_parse_der
FN:228,secp256k1_ecdsa_signature_parse_compact
FN:249,secp256k1_ecdsa_signature_serialize_der
FN:261,secp256k1_ecdsa_signature_serialize_compact
FN:274,secp256k1_ecdsa_signature_normalize
FN:293,secp256k1_ecdsa_verify
FN:310,nonce_function_rfc6979
FN:345,secp256k1_ecdsa_sign
FN:392,secp256k1_ec_seckey_verify
FN:405,secp256k1_ec_pubkey_create
FN:428,secp256k1_ec_privkey_tweak_add
FN:451,secp256k1_ec_pubkey_tweak_add
FN:475,secp256k1_ec_privkey_tweak_mul
FN:497,secp256k1_ec_pubkey_tweak_mul
FN:521,secp256k1_context_randomize
FN:528,secp256k1_ec_pubkey_combine
FNDA:0,default_illegal_callback_fn
FNDA:0,default_error_callback_fn
FNDA:0,secp256k1_context_create
FNDA:0,secp256k1_context_clone
FNDA:0,secp256k1_context_destroy
FNDA:0,secp256k1_context_set_illegal_callback
FNDA:0,secp256k1_context_set_error_callback
FNDA:0,secp256k1_pubkey_load
FNDA:0,secp256k1_pubkey_save
FNDA:0,secp256k1_ec_pubkey_parse
FNDA:0,secp256k1_ec_pubkey_serialize
FNDA:0,secp256k1_ecdsa_signature_load
FNDA:0,secp256k1_ecdsa_signature_save
FNDA:0,secp256k1_ecdsa_signature_parse_der
FNDA:0,secp256k1_ecdsa_signature_parse_compact
FNDA:0,secp256k1_ecdsa_signature_serialize_der
FNDA:0,secp256k1_ecdsa_signature_serialize_compact
FNDA:0,secp256k1_ecdsa_signature_normalize
FNDA:0,secp256k1_ecdsa_verify
FNDA:0,nonce_function_rfc6979
FNDA:0,secp256k1_ecdsa_sign
FNDA:0,secp256k1_ec_seckey_verify
FNDA:0,secp256k1_ec_pubkey_create
FNDA:0,secp256k1_ec_privkey_tweak_add
FNDA:0,secp256k1_ec_pubkey_tweak_add
FNDA:0,secp256k1_ec_privkey_tweak_mul
FNDA:0,secp256k1_ec_pubkey_tweak_mul
FNDA:0,secp256k1_context_randomize
FNDA:0,secp256k1_ec_pubkey_combine
FNF:29
FNH:0
DA:28,0
DA:30,0
DA:31,0
DA:39,0
DA:41,0
DA:42,0
DA:58,0
DA:59,0
DA:60,0
DA:61,0
DA:63,0
DA:64,0
DA:66,0
DA:67,0
DA:70,0
DA:71,0
DA:73,0
DA:74,0
DA:76,0
DA:77,0
DA:80,0
DA:83,0
DA:84,0
DA:85,0
DA:86,0
DA:87,0
DA:88,0
DA:89,0
DA:92,0
DA:93,0
DA:94,0
DA:95,0
DA:97,0
DA:99,0
DA:101,0
DA:102,0
DA:103,0
DA:105,0
DA:106,0
DA:107,0
DA:109,0
DA:110,0
DA:111,0
DA:113,0
DA:114,0
DA:115,0
DA:117,0
DA:123,0
DA:124,0
DA:132,0
DA:133,0
DA:136,0
DA:139,0
DA:140,0
DA:148,0
DA:150,0
DA:154,0
DA:155,0
DA:156,0
DA:157,0
DA:158,0
DA:160,0
DA:161,0
DA:162,0
DA:165,0
DA:168,0
DA:171,0
DA:172,0
DA:173,0
DA:174,0
DA:175,0
DA:176,0
DA:177,0
DA:178,0
DA:179,0
DA:180,0
DA:181,0
DA:182,0
DA:185,0
DA:188,0
DA:194,0
DA:195,0
DA:200,0
DA:202,0
DA:204,0
DA:205,0
DA:210,0
DA:212,0
DA:216,0
DA:217,0
DA:219,0
DA:220,0
DA:221,0
DA:223,0
DA:224,0
DA:228,0
DA:230,0
DA:231,0
DA:234,0
DA:235,0
DA:237,0
DA:238,0
DA:239,0
DA:240,0
DA:241,0
DA:242,0
DA:244,0
DA:246,0
DA:249,0
DA:253,0
DA:254,0
DA:255,0
DA:257,0
DA:258,0
DA:261,0
DA:265,0
DA:266,0
DA:268,0
DA:269,0
DA:270,0
DA:271,0
DA:274,0
DA:276,0
DA:279,0
DA:281,0
DA:282,0
DA:283,0
DA:284,0
DA:285,0
DA:287,0
DA:290,0
DA:293,0
DA:298,0
DA:299,0
DA:300,0
DA:301,0
DA:303,0
DA:304,0
DA:305,0
DA:306,0
DA:307,0
DA:310,0
DA:312,0
DA:323,0
DA:324,0
DA:325,0
DA:326,0
DA:327,0
DA:329,0
DA:330,0
DA:331,0
DA:333,0
DA:334,0
DA:335,0
DA:336,0
DA:338,0
DA:339,0
DA:345,0
DA:348,0
DA:349,0
DA:351,0
DA:352,0
DA:353,0
DA:354,0
DA:355,0
DA:356,0
DA:359,0
DA:361,0
DA:363,0
DA:364,0
DA:366,0
DA:367,0
DA:368,0
DA:370,0
DA:371,0
DA:373,0
DA:374,0
DA:377,0
DA:379,0
DA:380,0
DA:381,0
DA:382,0
DA:384,0
DA:385,0
DA:387,0
DA:389,0
DA:392,0
DA:397,0
DA:399,0
DA:400,0
DA:401,0
DA:402,0
DA:405,0
DA:410,0
DA:412,0
DA:413,0
DA:414,0
DA:415,0
DA:417,0
DA:418,0
DA:419,0
DA:420,0
DA:421,0
DA:422,0
DA:424,0
DA:425,0
DA:428,0
DA:431,0
DA:432,0
DA:434,0
DA:435,0
DA:437,0
DA:438,0
DA:440,0
DA:441,0
DA:442,0
DA:443,0
DA:446,0
DA:447,0
DA:448,0
DA:451,0
DA:454,0
DA:455,0
DA:457,0
DA:458,0
DA:459,0
DA:461,0
DA:462,0
DA:463,0
DA:464,0
DA:465,0
DA:466,0
DA:468,0
DA:472,0
DA:475,0
DA:478,0
DA:479,0
DA:481,0
DA:482,0
DA:484,0
DA:485,0
DA:486,0
DA:487,0
DA:488,0
DA:489,0
DA:492,0
DA:493,0
DA:494,0
DA:497,0
DA:500,0
DA:501,0
DA:503,0
DA:504,0
DA:505,0
DA:507,0
DA:508,0
DA:509,0
DA:510,0
DA:511,0
DA:512,0
DA:514,0
DA:518,0
DA:521,0
DA:523,0
DA:524,0
DA:525,0
DA:528,0
DA:533,0
DA:534,0
DA:535,0
DA:536,0
DA:538,0
DA:540,0
DA:541,0
DA:542,0
DA:544,0
DA:545,0
DA:547,0
DA:548,0
DA:549,0
LF:280
LH:0
end_of_record
SF:/home/apoelstra/dload/code/secp256k1/src/util.h
FN:23,secp256k1_callback_call
FN:68,checked_malloc
FNDA:0,secp256k1_callback_call
FNDA:0,checked_malloc
FNF:2
FNH:0
DA:23,0
DA:24,0
DA:25,0
DA:68,0
DA:69,0
DA:70,0
DA:71,0
DA:73,0
LF:8
LH:0
end_of_record
TN:
SF:/home/apoelstra/dload/code/secp256k1/src/bench.h
FN:14,gettimedouble
FN:20,print_number
FN:33,run_benchmark
FNDA:0,gettimedouble
FNDA:0,print_number
FNDA:0,run_benchmark
FNF:3
FNH:0
DA:14,0
DA:16,0
DA:17,0
DA:20,0
DA:21,0
DA:22,0
DA:23,0
DA:24,0
DA:26,0
DA:27,0
DA:28,0
DA:30,0
DA:31,0
DA:33,0
DA:35,0
DA:36,0
DA:37,0
DA:38,0
DA:40,0
DA:41,0
DA:43,0
DA:44,0
DA:45,0
DA:46,0
DA:47,0
DA:49,0
DA:50,0
DA:52,0
DA:53,0
DA:55,0
DA:57,0
DA:58,0
DA:59,0
DA:60,0
DA:61,0
DA:62,0
DA:63,0
DA:64,0
LF:38
LH:0
end_of_record
SF:/home/apoelstra/dload/code/secp256k1/src/bench_verify.c
FN:33,benchmark_verify
FN:53,benchmark_verify_openssl
FN:82,main
FNDA:0,benchmark_verify
FNDA:0,benchmark_verify_openssl
FNDA:0,main
FNF:3
FNH:0
DA:33,0
DA:35,0
DA:37,0
DA:40,0
DA:41,0
DA:42,0
DA:43,0
DA:44,0
DA:45,0
DA:46,0
DA:47,0
DA:48,0
DA:50,0
DA:53,0
DA:55,0
DA:57,0
DA:58,0
DA:59,0
DA:60,0
DA:62,0
DA:63,0
DA:66,0
DA:67,0
DA:68,0
DA:69,0
DA:70,0
DA:71,0
DA:72,0
DA:73,0
DA:75,0
DA:76,0
DA:77,0
DA:79,0
DA:82,0
DA:88,0
DA:90,0
DA:91,0
DA:93,0
DA:94,0
DA:96,0
DA:97,0
DA:98,0
DA:99,0
DA:100,0
DA:101,0
DA:103,0
DA:105,0
DA:106,0
DA:107,0
DA:110,0
DA:111,0
LF:51
LH:0
end_of_record
TN:
SF:/home/apoelstra/dload/code/secp256k1/contrib/lax_der_parsing.c
FN:12,ecdsa_signature_parse_der_lax
FNDA:0,ecdsa_signature_parse_der_lax
FNF:1
FNH:0
DA:12,0
DA:14,0
DA:16,0
DA:17,0
DA:20,0
DA:23,0
DA:24,0
DA:26,0
DA:29,0
DA:30,0
DA:32,0
DA:33,0
DA:34,0
DA:35,0
DA:36,0
DA:38,0
DA:42,0
DA:43,0
DA:45,0
DA:48,0
DA:49,0
DA:51,0
DA:52,0
DA:53,0
DA:54,0
DA:55,0
DA:57,0
DA:58,0
DA:59,0
DA:61,0
DA:62,0
DA:64,0
DA:65,0
DA:66,0
DA:67,0
DA:68,0
DA:71,0
DA:73,0
DA:74,0
DA:76,0
DA:77,0
DA:80,0
DA:81,0
DA:83,0
DA:86,0
DA:87,0
DA:89,0
DA:90,0
DA:91,0
DA:92,0
DA:93,0
DA:95,0
DA:96,0
DA:97,0
DA:99,0
DA:100,0
DA:102,0
DA:103,0
DA:104,0
DA:105,0
DA:106,0
DA:109,0
DA:111,0
DA:112,0
DA:114,0
DA:115,0
DA:118,0
DA:119,0
DA:120,0
DA:123,0
DA:124,0
DA:126,0
DA:130,0
DA:131,0
DA:132,0
DA:135,0
DA:136,0
DA:138,0
DA:141,0
DA:142,0
DA:144,0
DA:145,0
DA:146,0
DA:148,0
LF:84
LH:0
end_of_record
SF:/home/apoelstra/dload/code/secp256k1/contrib/lax_der_privatekey_parsing.c
FN:12,ec_privkey_import_der
FN:56,ec_privkey_export_der
FNDA:0,ec_privkey_import_der
FNDA:0,ec_privkey_export_der
FNF:2
FNH:0
DA:12,0
DA:13,0
DA:14,0
DA:15,0
DA:16,0
DA:18,0
DA:19,0
DA:21,0
DA:23,0
DA:24,0
DA:26,0
DA:27,0
DA:28,0
DA:30,0
DA:31,0
DA:34,0
DA:35,0
DA:36,0
DA:37,0
DA:40,0
DA:41,0
DA:43,0
DA:45,0
DA:46,0
DA:48,0
DA:49,0
DA:50,0
DA:51,0
DA:53,0
DA:56,0
DA:58,0
DA:59,0
DA:60,0
DA:61,0
DA:63,0
DA:78,0
DA:79,0
DA:80,0
DA:81,0
DA:82,0
DA:83,0
DA:84,0
DA:85,0
DA:103,0
DA:104,0
DA:105,0
DA:106,0
DA:107,0
DA:108,0
DA:109,0
DA:110,0
DA:112,0
LF:52
LH:0
end_of_record
SF:/home/apoelstra/dload/code/secp256k1/src/ecdsa_impl.h
FN:49,secp256k1_der_read_len
FN:101,secp256k1_der_parse_integer
FN:147,secp256k1_ecdsa_sig_parse
FN:179,secp256k1_ecdsa_sig_serialize
FN:203,secp256k1_ecdsa_sig_verify
FN:275,secp256k1_ecdsa_sig_sign
FNDA:0,secp256k1_der_read_len
FNDA:0,secp256k1_der_parse_integer
FNDA:0,secp256k1_ecdsa_sig_parse
FNDA:0,secp256k1_ecdsa_sig_serialize
FNDA:0,secp256k1_ecdsa_sig_verify
FNDA:0,secp256k1_ecdsa_sig_sign
FNF:6
FNH:0
DA:49,0
DA:51,0
DA:52,0
DA:53,0
DA:55,0
DA:56,0
DA:58,0
DA:60,0
DA:62,0
DA:64,0
DA:66,0
DA:69,0
DA:70,0
DA:71,0
DA:73,0
DA:75,0
DA:77,0
DA:81,0
DA:83,0
DA:84,0
DA:86,0
DA:87,0
DA:89,0
DA:91,0
DA:92,0
DA:94,0
DA:96,0
DA:98,0
DA:101,0
DA:102,0
DA:103,0
DA:106,0
DA:108,0
DA:110,0
DA:111,0
DA:112,0
DA:114,0
DA:116,0
DA:118,0
DA:120,0
DA:122,0
DA:124,0
DA:126,0
DA:128,0
DA:130,0
DA:131,0
DA:133,0
DA:134,0
DA:136,0
DA:137,0
DA:138,0
DA:140,0
DA:141,0
DA:143,0
DA:144,0
DA:147,0
DA:148,0
DA:150,0
DA:152,0
DA:154,0
DA:155,0
DA:157,0
DA:159,0
DA:161,0
DA:164,0
DA:165,0
DA:167,0
DA:168,0
DA:171,0
DA:173,0
DA:176,0
DA:179,0
DA:180,0
DA:181,0
DA:182,0
DA:183,0
DA:184,0
DA:185,0
DA:186,0
DA:187,0
DA:188,0
DA:189,0
DA:191,0
DA:192,0
DA:193,0
DA:194,0
DA:195,0
DA:196,0
DA:197,0
DA:198,0
DA:199,0
DA:200,0
DA:203,0
DA:212,0
DA:213,0
DA:216,0
DA:217,0
DA:218,0
DA:219,0
DA:220,0
DA:221,0
DA:222,0
DA:239,0
DA:240,0
DA:258,0
DA:260,0
DA:262,0
DA:264,0
DA:266,0
DA:267,0
DA:269,0
DA:271,0
DA:275,0
DA:280,0
DA:282,0
DA:283,0
DA:284,0
DA:285,0
DA:286,0
DA:287,0
DA:288,0
DA:292,0
DA:293,0
DA:294,0
DA:296,0
DA:300,0
DA:302,0
DA:303,0
DA:304,0
DA:305,0
DA:306,0
DA:307,0
DA:308,0
DA:309,0
DA:310,0
DA:312,0
DA:313,0
DA:314,0
DA:315,0
DA:318,0
LF:140
LH:0
end_of_record
SF:/home/apoelstra/dload/code/secp256k1/src/eckey_impl.h
FN:17,secp256k1_eckey_pubkey_parse
FN:36,secp256k1_eckey_pubkey_serialize
FN:54,secp256k1_eckey_privkey_tweak_add
FN:62,secp256k1_eckey_pubkey_tweak_add
FN:76,secp256k1_eckey_privkey_tweak_mul
FN:85,secp256k1_eckey_pubkey_tweak_mul
FNDA:0,secp256k1_eckey_pubkey_parse
FNDA:0,secp256k1_eckey_pubkey_serialize
FNDA:0,secp256k1_eckey_privkey_tweak_add
FNDA:0,secp256k1_eckey_pubkey_tweak_add
FNDA:0,secp256k1_eckey_privkey_tweak_mul
FNDA:0,secp256k1_eckey_pubkey_tweak_mul
FNF:6
FNH:0
DA:17,0
DA:18,0
DA:20,0
DA:21,0
DA:23,0
DA:24,0
DA:26,0
DA:27,0
DA:28,0
DA:30,0
DA:32,0
DA:36,0
DA:37,0
DA:38,0
DA:40,0
DA:41,0
DA:42,0
DA:43,0
DA:44,0
DA:45,0
DA:47,0
DA:48,0
DA:49,0
DA:51,0
DA:54,0
DA:55,0
DA:56,0
DA:57,0
DA:59,0
DA:62,0
DA:65,0
DA:66,0
DA:67,0
DA:69,0
DA:70,0
DA:72,0
DA:73,0
DA:76,0
DA:77,0
DA:78,0
DA:81,0
DA:82,0
DA:85,0
DA:88,0
DA:89,0
DA:92,0
DA:93,0
DA:94,0
DA:95,0
DA:96,0
LF:50
LH:0
end_of_record
SF:/home/apoelstra/dload/code/secp256k1/src/ecmult_const_impl.h
FN:57,secp256k1_wnaf_const
FN:122,secp256k1_ecmult_const
FNDA:0,secp256k1_wnaf_const
FNDA:0,secp256k1_ecmult_const
FNF:2
FNH:0
DA:57,0
DA:59,0
DA:60,0
DA:79,0
DA:81,0
DA:83,0
DA:84,0
DA:85,0
DA:91,0
DA:92,0
DA:93,0
DA:96,0
DA:97,0
DA:102,0
DA:104,0
DA:105,0
DA:106,0
DA:107,0
DA:110,0
DA:112,0
DA:114,0
DA:116,0
DA:117,0
DA:118,0
DA:122,0
DA:137,0
DA:146,0
DA:155,0
DA:156,0
DA:157,0
DA:158,0
DA:169,0
DA:171,0
DA:172,0
DA:180,0
DA:183,0
DA:184,0
DA:187,0
DA:188,0
DA:190,0
DA:199,0
DA:203,0
DA:210,0
DA:211,0
DA:212,0
DA:213,0
DA:217,0
DA:220,0
DA:226,0
DA:227,0
DA:228,0
DA:237,0
LF:52
LH:0
end_of_record
SF:/home/apoelstra/dload/code/secp256k1/src/ecmult_gen_impl.h
FN:17,secp256k1_ecmult_gen_context_init
FN:21,secp256k1_ecmult_gen_context_build
FN:94,secp256k1_ecmult_gen_context_is_built
FN:98,secp256k1_ecmult_gen_context_clone
FN:115,secp256k1_ecmult_gen_context_clear
FN:124,secp256k1_ecmult_gen
FN:159,secp256k1_ecmult_gen_blind
FNDA:0,secp256k1_ecmult_gen_context_init
FNDA:0,secp256k1_ecmult_gen_context_build
FNDA:0,secp256k1_ecmult_gen_context_is_built
FNDA:0,secp256k1_ecmult_gen_context_clone
FNDA:0,secp256k1_ecmult_gen_context_clear
FNDA:0,secp256k1_ecmult_gen
FNDA:0,secp256k1_ecmult_gen_blind
FNF:7
FNH:0
DA:17,0
DA:18,0
DA:19,0
DA:21,0
DA:29,0
DA:30,0
DA:89,0
DA:91,0
DA:94,0
DA:95,0
DA:98,0
DA:100,0
DA:101,0
DA:108,0
DA:110,0
DA:111,0
DA:113,0
DA:115,0
DA:119,0
DA:120,0
DA:121,0
DA:122,0
DA:124,0
DA:130,0
DA:131,0
DA:133,0
DA:134,0
DA:135,0
DA:136,0
DA:137,0
DA:148,0
DA:150,0
DA:151,0
DA:153,0
DA:154,0
DA:155,0
DA:156,0
DA:159,0
DA:166,0
DA:167,0
DA:169,0
DA:170,0
DA:171,0
DA:174,0
DA:179,0
DA:180,0
DA:181,0
DA:183,0
DA:184,0
DA:187,0
DA:188,0
DA:189,0
DA:190,0
DA:192,0
DA:193,0
DA:195,0
DA:196,0
DA:198,0
DA:199,0
DA:200,0
DA:201,0
DA:202,0
DA:203,0
DA:204,0
DA:205,0
DA:206,0
DA:207,0
DA:208,0
LF:68
LH:0
end_of_record
SF:/home/apoelstra/dload/code/secp256k1/src/ecmult_impl.h
FN:54,secp256k1_ecmult_odd_multiples_table
FN:104,secp256k1_ecmult_odd_multiples_table_globalz_windowa
FN:114,secp256k1_ecmult_odd_multiples_table_storage_var
FN:159,secp256k1_ecmult_context_init
FN:166,secp256k1_ecmult_context_build
FN:198,secp256k1_ecmult_context_clone
FN:218,secp256k1_ecmult_context_is_built
FN:222,secp256k1_ecmult_context_clear
FN:237,secp256k1_ecmult_wnaf
FN:288,secp256k1_ecmult
FNDA:0,secp256k1_ecmult_odd_multiples_table
FNDA:0,secp256k1_ecmult_odd_multiples_table_globalz_windowa
FNDA:0,secp256k1_ecmult_odd_multiples_table_storage_var
FNDA:0,secp256k1_ecmult_context_init
FNDA:0,secp256k1_ecmult_context_build
FNDA:0,secp256k1_ecmult_context_clone
FNDA:0,secp256k1_ecmult_context_is_built
FNDA:0,secp256k1_ecmult_context_clear
FNDA:0,secp256k1_ecmult_wnaf
FNDA:0,secp256k1_ecmult
FNF:10
FNH:0
DA:54,0
DA:59,0
DA:61,0
DA:67,0
DA:68,0
DA:69,0
DA:71,0
DA:72,0
DA:73,0
DA:74,0
DA:75,0
DA:77,0
DA:78,0
DA:79,0
DA:86,0
DA:87,0
DA:104,0
DA:109,0
DA:111,0
DA:112,0
DA:114,0
DA:115,0
DA:116,0
DA:117,0
DA:121,0
DA:123,0
DA:125,0
DA:126,0
DA:129,0
DA:130,0
DA:131,0
DA:132,0
DA:159,0
DA:160,0
DA:164,0
DA:166,0
DA:169,0
DA:170,0
DA:174,0
DA:176,0
DA:179,0
DA:198,0
DA:200,0
DA:201,0
DA:203,0
DA:204,0
DA:205,0
DA:216,0
DA:218,0
DA:219,0
DA:222,0
DA:223,0
DA:227,0
DA:228,0
DA:237,0
DA:238,0
DA:239,0
DA:240,0
DA:241,0
DA:242,0
DA:245,0
DA:247,0
DA:249,0
DA:251,0
DA:252,0
DA:253,0
DA:256,0
DA:259,0
DA:260,0
DA:261,0
DA:264,0
DA:265,0
DA:266,0
DA:269,0
DA:271,0
DA:272,0
DA:274,0
DA:275,0
DA:277,0
DA:280,0
DA:281,0
DA:282,0
DA:285,0
DA:288,0
DA:329,0
DA:330,0
DA:343,0
DA:363,0
DA:364,0
DA:365,0
DA:369,0
DA:371,0
DA:373,0
DA:392,0
DA:393,0
DA:394,0
DA:396,0
DA:397,0
DA:398,0
DA:403,0
DA:404,0
DA:406,0
LF:102
LH:0
end_of_record
SF:/home/apoelstra/dload/code/secp256k1/src/field_5x52_impl.h
FN:33,secp256k1_fe_verify
FN:58,secp256k1_fe_normalize
FN:101,secp256k1_fe_normalize_weak
FN:125,secp256k1_fe_normalize_var
FN:169,secp256k1_fe_normalizes_to_zero
FN:192,secp256k1_fe_normalizes_to_zero_var
FN:233,secp256k1_fe_set_int
FN:243,secp256k1_fe_is_zero
FN:252,secp256k1_fe_is_odd
FN:260,secp256k1_fe_clear
FN:271,secp256k1_fe_cmp_var
FN:290,secp256k1_fe_set_b32
FN:313,secp256k1_fe_get_b32
FN:331,secp256k1_fe_negate
FN:348,secp256k1_fe_mul_int
FN:361,secp256k1_fe_add
FN:377,secp256k1_fe_mul
FN:393,secp256k1_fe_sqr
FN:406,secp256k1_fe_cmov
FN:423,secp256k1_fe_storage_cmov
FN:433,secp256k1_fe_to_storage
FN:443,secp256k1_fe_from_storage
FNDA:0,secp256k1_fe_verify
FNDA:0,secp256k1_fe_normalize
FNDA:0,secp256k1_fe_normalize_weak
FNDA:0,secp256k1_fe_normalize_var
FNDA:0,secp256k1_fe_normalizes_to_zero
FNDA:0,secp256k1_fe_normalizes_to_zero_var
FNDA:0,secp256k1_fe_set_int
FNDA:0,secp256k1_fe_is_zero
FNDA:0,secp256k1_fe_is_odd
FNDA:0,secp256k1_fe_clear
FNDA:0,secp256k1_fe_cmp_var
FNDA:0,secp256k1_fe_set_b32
FNDA:0,secp256k1_fe_get_b32
FNDA:0,secp256k1_fe_negate
FNDA:0,secp256k1_fe_mul_int
FNDA:0,secp256k1_fe_add
FNDA:0,secp256k1_fe_mul
FNDA:0,secp256k1_fe_sqr
FNDA:0,secp256k1_fe_cmov
FNDA:0,secp256k1_fe_storage_cmov
FNDA:0,secp256k1_fe_to_storage
FNDA:0,secp256k1_fe_from_storage
FNF:22
FNH:0
DA:33,0
DA:34,0
DA:35,0
DA:37,0
DA:38,0
DA:39,0
DA:40,0
DA:41,0
DA:42,0
DA:43,0
DA:44,0
DA:45,0
DA:46,0
DA:47,0
DA:51,0
DA:58,0
DA:59,0
DA:63,0
DA:66,0
DA:67,0
DA:68,0
DA:69,0
DA:70,0
DA:73,0
DA:76,0
DA:77,0
DA:80,0
DA:81,0
DA:82,0
DA:83,0
DA:84,0
DA:87,0
DA:90,0
DA:92,0
DA:95,0
DA:96,0
DA:97,0
DA:99,0
DA:101,0
DA:102,0
DA:105,0
DA:108,0
DA:109,0
DA:110,0
DA:111,0
DA:112,0
DA:115,0
DA:117,0
DA:120,0
DA:121,0
DA:123,0
DA:125,0
DA:126,0
DA:130,0
DA:133,0
DA:134,0
DA:135,0
DA:136,0
DA:137,0
DA:140,0
DA:143,0
DA:144,0
DA:146,0
DA:147,0
DA:148,0
DA:149,0
DA:150,0
DA:151,0
DA:154,0
DA:157,0
DA:160,0
DA:163,0
DA:164,0
DA:165,0
DA:167,0
DA:169,0
DA:170,0
DA:176,0
DA:179,0
DA:180,0
DA:181,0
DA:182,0
DA:183,0
DA:184,0
DA:187,0
DA:189,0
DA:192,0
DA:197,0
DA:198,0
DA:201,0
DA:204,0
DA:207,0
DA:208,0
DA:211,0
DA:212,0
DA:215,0
DA:216,0
DA:217,0
DA:219,0
DA:221,0
DA:222,0
DA:223,0
DA:224,0
DA:225,0
DA:228,0
DA:230,0
DA:233,0
DA:234,0
DA:235,0
DA:237,0
DA:238,0
DA:239,0
DA:241,0
DA:243,0
DA:244,0
DA:247,0
DA:249,0
DA:252,0
DA:255,0
DA:257,0
DA:260,0
DA:263,0
DA:264,0
DA:266,0
DA:267,0
DA:269,0
DA:271,0
DA:276,0
DA:277,0
DA:279,0
DA:280,0
DA:281,0
DA:283,0
DA:284,0
DA:287,0
DA:290,0
DA:292,0
DA:293,0
DA:295,0
DA:296,0
DA:297,0
DA:298,0
DA:301,0
DA:302,0
DA:305,0
DA:306,0
DA:307,0
DA:309,0
DA:313,0
DA:317,0
DA:319,0
DA:321,0
DA:322,0
DA:323,0
DA:324,0
DA:325,0
DA:327,0
DA:329,0
DA:331,0
DA:333,0
DA:334,0
DA:336,0
DA:337,0
DA:338,0
DA:339,0
DA:340,0
DA:342,0
DA:343,0
DA:344,0
DA:346,0
DA:348,0
DA:349,0
DA:350,0
DA:351,0
DA:352,0
DA:353,0
DA:355,0
DA:356,0
DA:357,0
DA:359,0
DA:361,0
DA:363,0
DA:365,0
DA:366,0
DA:367,0
DA:368,0
DA:369,0
DA:371,0
DA:372,0
DA:373,0
DA:375,0
DA:377,0
DA:379,0
DA:380,0
DA:381,0
DA:382,0
DA:385,0
DA:387,0
DA:388,0
DA:389,0
DA:391,0
DA:393,0
DA:395,0
DA:396,0
DA:398,0
DA:400,0
DA:401,0
DA:402,0
DA:404,0
DA:406,0
DA:408,0
DA:409,0
DA:410,0
DA:411,0
DA:412,0
DA:413,0
DA:414,0
DA:416,0
DA:417,0
DA:419,0
DA:421,0
DA:423,0
DA:425,0
DA:426,0
DA:427,0
DA:428,0
DA:429,0
DA:430,0
DA:431,0
DA:433,0
DA:437,0
DA:438,0
DA:439,0
DA:440,0
DA:441,0
DA:443,0
DA:444,0
DA:445,0
DA:446,0
DA:447,0
DA:448,0
DA:450,0
DA:451,0
DA:453,0
LF:244
LH:0
end_of_record
SF:/home/apoelstra/dload/code/secp256k1/src/field_5x52_int128_impl.h
FN:18,secp256k1_fe_mul_inner
FN:155,secp256k1_fe_sqr_inner
FNDA:0,secp256k1_fe_mul_inner
FNDA:0,secp256k1_fe_sqr_inner
FNF:2
FNH:0
DA:18,0
DA:21,0
DA:22,0
DA:24,0
DA:25,0
DA:26,0
DA:27,0
DA:28,0
DA:29,0
DA:30,0
DA:31,0
DA:32,0
DA:33,0
DA:41,0
DA:42,0
DA:43,0
DA:44,0
DA:45,0
DA:47,0
DA:48,0
DA:50,0
DA:51,0
DA:52,0
DA:54,0
DA:55,0
DA:56,0
DA:59,0
DA:60,0
DA:61,0
DA:62,0
DA:63,0
DA:64,0
DA:66,0
DA:67,0
DA:69,0
DA:70,0
DA:71,0
DA:73,0
DA:74,0
DA:75,0
DA:78,0
DA:79,0
DA:81,0
DA:82,0
DA:83,0
DA:84,0
DA:85,0
DA:87,0
DA:88,0
DA:89,0
DA:92,0
DA:93,0
DA:95,0
DA:96,0
DA:98,0
DA:99,0
DA:100,0
DA:103,0
DA:104,0
DA:105,0
DA:107,0
DA:108,0
DA:109,0
DA:110,0
DA:112,0
DA:113,0
DA:114,0
DA:116,0
DA:117,0
DA:118,0
DA:121,0
DA:122,0
DA:123,0
DA:124,0
DA:126,0
DA:127,0
DA:128,0
DA:130,0
DA:131,0
DA:132,0
DA:136,0
DA:137,0
DA:138,0
DA:140,0
DA:141,0
DA:143,0
DA:144,0
DA:145,0
DA:147,0
DA:148,0
DA:150,0
DA:151,0
DA:153,0
DA:155,0
DA:157,0
DA:159,0
DA:161,0
DA:162,0
DA:163,0
DA:164,0
DA:165,0
DA:172,0
DA:173,0
DA:174,0
DA:176,0
DA:177,0
DA:179,0
DA:180,0
DA:181,0
DA:183,0
DA:184,0
DA:185,0
DA:188,0
DA:189,0
DA:190,0
DA:191,0
DA:192,0
DA:194,0
DA:195,0
DA:197,0
DA:198,0
DA:199,0
DA:201,0
DA:202,0
DA:203,0
DA:206,0
DA:207,0
DA:209,0
DA:210,0
DA:211,0
DA:213,0
DA:214,0
DA:215,0
DA:218,0
DA:219,0
DA:221,0
DA:222,0
DA:224,0
DA:225,0
DA:226,0
DA:229,0
DA:230,0
DA:231,0
DA:233,0
DA:234,0
DA:235,0
DA:237,0
DA:238,0
DA:239,0
DA:241,0
DA:242,0
DA:243,0
DA:246,0
DA:247,0
DA:248,0
DA:250,0
DA:251,0
DA:253,0
DA:254,0
DA:255,0
DA:257,0
DA:258,0
DA:259,0
DA:262,0
DA:263,0
DA:265,0
DA:266,0
DA:267,0
DA:269,0
DA:270,0
DA:272,0
DA:273,0
DA:275,0
LF:173
LH:0
end_of_record
SF:/home/apoelstra/dload/code/secp256k1/src/field_impl.h
FN:24,secp256k1_fe_equal
FN:31,secp256k1_fe_equal_var
FN:38,secp256k1_fe_sqrt
FN:136,secp256k1_fe_inv
FN:226,secp256k1_fe_inv_var
FN:263,secp256k1_fe_inv_all_var
FN:290,secp256k1_fe_is_quad_var
FNDA:0,secp256k1_fe_equal
FNDA:0,secp256k1_fe_equal_var
FNDA:0,secp256k1_fe_sqrt
FNDA:0,secp256k1_fe_inv
FNDA:0,secp256k1_fe_inv_var
FNDA:0,secp256k1_fe_inv_all_var
FNDA:0,secp256k1_fe_is_quad_var
FNF:7
FNH:0
DA:24,0
DA:26,0
DA:27,0
DA:28,0
DA:31,0
DA:33,0
DA:34,0
DA:35,0
DA:38,0
DA:56,0
DA:57,0
DA:59,0
DA:60,0
DA:62,0
DA:63,0
DA:64,0
DA:66,0
DA:68,0
DA:69,0
DA:70,0
DA:72,0
DA:74,0
DA:75,0
DA:76,0
DA:78,0
DA:80,0
DA:81,0
DA:82,0
DA:84,0
DA:86,0
DA:87,0
DA:88,0
DA:90,0
DA:92,0
DA:93,0
DA:94,0
DA:96,0
DA:98,0
DA:99,0
DA:100,0
DA:102,0
DA:104,0
DA:105,0
DA:106,0
DA:108,0
DA:110,0
DA:111,0
DA:112,0
DA:114,0
DA:118,0
DA:119,0
DA:120,0
DA:122,0
DA:123,0
DA:124,0
DA:126,0
DA:127,0
DA:128,0
DA:132,0
DA:133,0
DA:136,0
DA:145,0
DA:146,0
DA:148,0
DA:149,0
DA:151,0
DA:152,0
DA:153,0
DA:155,0
DA:157,0
DA:158,0
DA:159,0
DA:161,0
DA:163,0
DA:164,0
DA:165,0
DA:167,0
DA:169,0
DA:170,0
DA:171,0
DA:173,0
DA:175,0
DA:176,0
DA:177,0
DA:179,0
DA:181,0
DA:182,0
DA:183,0
DA:185,0
DA:187,0
DA:188,0
DA:189,0
DA:191,0
DA:193,0
DA:194,0
DA:195,0
DA:197,0
DA:199,0
DA:200,0
DA:201,0
DA:203,0
DA:207,0
DA:208,0
DA:209,0
DA:211,0
DA:212,0
DA:213,0
DA:215,0
DA:216,0
DA:217,0
DA:219,0
DA:220,0
DA:221,0
DA:223,0
DA:224,0
DA:226,0
DA:228,0
DA:261,0
DA:263,0
DA:266,0
DA:267,0
DA:270,0
DA:272,0
DA:274,0
DA:275,0
DA:276,0
DA:279,0
DA:281,0
DA:282,0
DA:283,0
DA:284,0
DA:287,0
DA:290,0
DA:311,0
LF:134
LH:0
end_of_record
SF:/home/apoelstra/dload/code/secp256k1/src/group_impl.h
FN:83,secp256k1_ge_set_gej_zinv
FN:93,secp256k1_ge_set_xy
FN:99,secp256k1_ge_is_infinity
FN:103,secp256k1_ge_neg
FN:109,secp256k1_ge_set_gej
FN:122,secp256k1_ge_set_gej_var
FN:138,secp256k1_ge_set_all_gej_var
FN:164,secp256k1_ge_set_table_gej_var
FN:182,secp256k1_ge_globalz_set_table_gej
FN:205,secp256k1_gej_set_infinity
FN:212,secp256k1_ge_set_infinity
FN:218,secp256k1_gej_clear
FN:225,secp256k1_ge_clear
FN:231,secp256k1_ge_set_xquad
FN:242,secp256k1_ge_set_xo_var
FN:254,secp256k1_gej_set_ge
FN:261,secp256k1_gej_eq_x_var
FN:269,secp256k1_gej_neg
FN:278,secp256k1_gej_is_infinity
FN:282,secp256k1_gej_is_valid_var
FN:302,secp256k1_ge_is_valid_var
FN:316,secp256k1_gej_double_var
FN:371,secp256k1_gej_double_nonzero
FN:376,secp256k1_gej_add_var
FN:429,secp256k1_gej_add_ge_var
FN:478,secp256k1_gej_add_zinv_var
FN:535,secp256k1_gej_add_ge
FN:657,secp256k1_gej_rescale
FN:668,secp256k1_ge_to_storage
FN:679,secp256k1_ge_from_storage
FN:685,secp256k1_ge_storage_cmov
FN:701,secp256k1_gej_has_quad_y_var
FNDA:0,secp256k1_ge_set_gej_zinv
FNDA:0,secp256k1_ge_set_xy
FNDA:0,secp256k1_ge_is_infinity
FNDA:0,secp256k1_ge_neg
FNDA:0,secp256k1_ge_set_gej
FNDA:0,secp256k1_ge_set_gej_var
FNDA:0,secp256k1_ge_set_all_gej_var
FNDA:0,secp256k1_ge_set_table_gej_var
FNDA:0,secp256k1_ge_globalz_set_table_gej
FNDA:0,secp256k1_gej_set_infinity
FNDA:0,secp256k1_ge_set_infinity
FNDA:0,secp256k1_gej_clear
FNDA:0,secp256k1_ge_clear
FNDA:0,secp256k1_ge_set_xquad
FNDA:0,secp256k1_ge_set_xo_var
FNDA:0,secp256k1_gej_set_ge
FNDA:0,secp256k1_gej_eq_x_var
FNDA:0,secp256k1_gej_neg
FNDA:0,secp256k1_gej_is_infinity
FNDA:0,secp256k1_gej_is_valid_var
FNDA:0,secp256k1_ge_is_valid_var
FNDA:0,secp256k1_gej_double_var
FNDA:0,secp256k1_gej_double_nonzero
FNDA:0,secp256k1_gej_add_var
FNDA:0,secp256k1_gej_add_ge_var
FNDA:0,secp256k1_gej_add_zinv_var
FNDA:0,secp256k1_gej_add_ge
FNDA:0,secp256k1_gej_rescale
FNDA:0,secp256k1_ge_to_storage
FNDA:0,secp256k1_ge_from_storage
FNDA:0,secp256k1_ge_storage_cmov
FNDA:0,secp256k1_gej_has_quad_y_var
FNF:32
FNH:0
DA:83,0
DA:86,0
DA:87,0
DA:88,0
DA:89,0
DA:90,0
DA:91,0
DA:93,0
DA:94,0
DA:95,0
DA:96,0
DA:97,0
DA:99,0
DA:100,0
DA:103,0
DA:104,0
DA:105,0
DA:106,0
DA:107,0
DA:109,0
DA:111,0
DA:112,0
DA:113,0
DA:114,0
DA:115,0
DA:116,0
DA:117,0
DA:118,0
DA:119,0
DA:120,0
DA:122,0
DA:124,0
DA:125,0
DA:126,0
DA:128,0
DA:129,0
DA:130,0
DA:131,0
DA:132,0
DA:133,0
DA:134,0
DA:135,0
DA:138,0
DA:142,0
DA:143,0
DA:144,0
DA:145,0
DA:146,0
DA:150,0
DA:151,0
DA:152,0
DA:154,0
DA:155,0
DA:156,0
DA:157,0
DA:158,0
DA:161,0
DA:162,0
DA:164,0
DA:165,0
DA:168,0
DA:170,0
DA:171,0
DA:174,0
DA:175,0
DA:176,0
DA:177,0
DA:180,0
DA:182,0
DA:183,0
DA:186,0
DA:188,0
DA:189,0
DA:190,0
DA:191,0
DA:192,0
DA:195,0
DA:196,0
DA:197,0
DA:199,0
DA:200,0
DA:203,0
DA:205,0
DA:206,0
DA:207,0
DA:208,0
DA:209,0
DA:210,0
DA:212,0
DA:213,0
DA:214,0
DA:215,0
DA:216,0
DA:218,0
DA:219,0
DA:220,0
DA:221,0
DA:222,0
DA:223,0
DA:225,0
DA:226,0
DA:227,0
DA:228,0
DA:229,0
DA:231,0
DA:233,0
DA:234,0
DA:235,0
DA:236,0
DA:237,0
DA:238,0
DA:239,0
DA:242,0
DA:243,0
DA:244,0
DA:246,0
DA:247,0
DA:248,0
DA:250,0
DA:254,0
DA:255,0
DA:256,0
DA:257,0
DA:258,0
DA:259,0
DA:261,0
DA:263,0
DA:264,0
DA:265,0
DA:266,0
DA:269,0
DA:270,0
DA:271,0
DA:272,0
DA:273,0
DA:274,0
DA:275,0
DA:276,0
DA:278,0
DA:279,0
DA:282,0
DA:284,0
DA:285,0
DA:292,0
DA:293,0
DA:294,0
DA:295,0
DA:296,0
DA:297,0
DA:298,0
DA:299,0
DA:302,0
DA:304,0
DA:305,0
DA:308,0
DA:309,0
DA:310,0
DA:311,0
DA:312,0
DA:313,0
DA:316,0
DA:335,0
DA:336,0
DA:337,0
DA:338,0
DA:340,0
DA:343,0
DA:344,0
DA:345,0
DA:346,0
DA:349,0
DA:350,0
DA:351,0
DA:352,0
DA:353,0
DA:354,0
DA:355,0
DA:356,0
DA:357,0
DA:358,0
DA:359,0
DA:360,0
DA:361,0
DA:362,0
DA:363,0
DA:364,0
DA:365,0
DA:366,0
DA:367,0
DA:368,0
DA:371,0
DA:372,0
DA:373,0
DA:374,0
DA:376,0
DA:380,0
DA:382,0
DA:383,0
DA:386,0
DA:387,0
DA:388,0
DA:390,0
DA:391,0
DA:394,0
DA:395,0
DA:396,0
DA:397,0
DA:398,0
DA:399,0
DA:400,0
DA:401,0
DA:402,0
DA:403,0
DA:404,0
DA:405,0
DA:407,0
DA:408,0
DA:410,0
DA:412,0
DA:414,0
DA:415,0
DA:416,0
DA:417,0
DA:418,0
DA:419,0
DA:421,0
DA:422,0
DA:423,0
DA:424,0
DA:425,0
DA:426,0
DA:429,0
DA:432,0
DA:434,0
DA:435,0
DA:437,0
DA:438,0
DA:439,0
DA:441,0
DA:442,0
DA:444,0
DA:446,0
DA:447,0
DA:448,0
DA:449,0
DA:450,0
DA:451,0
DA:452,0
DA:453,0
DA:454,0
DA:455,0
DA:457,0
DA:458,0
DA:460,0
DA:462,0
DA:464,0
DA:465,0
DA:466,0
DA:467,0
DA:468,0
DA:470,0
DA:471,0
DA:472,0
DA:473,0
DA:474,0
DA:475,0
DA:478,0
DA:482,0
DA:483,0
DA:484,0
DA:486,0
DA:488,0
DA:489,0
DA:490,0
DA:491,0
DA:492,0
DA:493,0
DA:494,0
DA:496,0
DA:506,0
DA:508,0
DA:509,0
DA:510,0
DA:511,0
DA:512,0
DA:513,0
DA:514,0
DA:515,0
DA:516,0
DA:517,0
DA:519,0
DA:521,0
DA:523,0
DA:524,0
DA:525,0
DA:526,0
DA:527,0
DA:528,0
DA:529,0
DA:530,0
DA:531,0
DA:535,0
DA:541,0
DA:542,0
DA:594,0
DA:595,0
DA:596,0
DA:597,0
DA:598,0
DA:599,0
DA:600,0
DA:601,0
DA:602,0
DA:603,0
DA:604,0
DA:605,0
DA:608,0
DA:609,0
DA:615,0
DA:616,0
DA:617,0
DA:619,0
DA:620,0
DA:625,0
DA:626,0
DA:631,0
DA:632,0
DA:633,0
DA:634,0
DA:635,0
DA:636,0
DA:637,0
DA:638,0
DA:639,0
DA:640,0
DA:641,0
DA:642,0
DA:643,0
DA:644,0
DA:645,0
DA:646,0
DA:647,0
DA:648,0
DA:651,0
DA:652,0
DA:653,0
DA:654,0
DA:655,0
DA:657,0
DA:660,0
DA:661,0
DA:662,0
DA:663,0
DA:664,0
DA:665,0
DA:666,0
DA:668,0
DA:670,0
DA:671,0
DA:672,0
DA:673,0
DA:674,0
DA:675,0
DA:676,0
DA:677,0
DA:679,0
DA:680,0
DA:681,0
DA:682,0
DA:683,0
DA:685,0
DA:686,0
DA:687,0
DA:688,0
DA:701,0
DA:704,0
DA:705,0
DA:711,0
DA:712,0
LF:379
LH:0
end_of_record
SF:/home/apoelstra/dload/code/secp256k1/src/hash_impl.h
FN:36,secp256k1_sha256_initialize
FN:49,secp256k1_sha256_transform
FN:131,secp256k1_sha256_write
FN:148,secp256k1_sha256_finalize
FN:164,secp256k1_hmac_sha256_initialize
FN:192,secp256k1_hmac_sha256_write
FN:196,secp256k1_hmac_sha256_finalize
FN:205,secp256k1_rfc6979_hmac_sha256_initialize
FN:235,secp256k1_rfc6979_hmac_sha256_generate
FN:266,secp256k1_rfc6979_hmac_sha256_finalize
FNDA:0,secp256k1_sha256_initialize
FNDA:0,secp256k1_sha256_transform
FNDA:0,secp256k1_sha256_write
FNDA:0,secp256k1_sha256_finalize
FNDA:0,secp256k1_hmac_sha256_initialize
FNDA:0,secp256k1_hmac_sha256_write
FNDA:0,secp256k1_hmac_sha256_finalize
FNDA:0,secp256k1_rfc6979_hmac_sha256_initialize
FNDA:0,secp256k1_rfc6979_hmac_sha256_generate
FNDA:0,secp256k1_rfc6979_hmac_sha256_finalize
FNF:10
FNH:0
DA:36,0
DA:37,0
DA:38,0
DA:39,0
DA:40,0
DA:41,0
DA:42,0
DA:43,0
DA:44,0
DA:45,0
DA:46,0
DA:49,0
DA:50,0
DA:53,0
DA:54,0
DA:55,0
DA:56,0
DA:57,0
DA:58,0
DA:59,0
DA:60,0
DA:61,0
DA:62,0
DA:63,0
DA:64,0
DA:65,0
DA:66,0
DA:67,0
DA:68,0
DA:70,0
DA:71,0
DA:72,0
DA:73,0
DA:74,0
DA:75,0
DA:76,0
DA:77,0
DA:78,0
DA:79,0
DA:80,0
DA:81,0
DA:82,0
DA:83,0
DA:84,0
DA:85,0
DA:87,0
DA:88,0
DA:89,0
DA:90,0
DA:91,0
DA:92,0
DA:93,0
DA:94,0
DA:95,0
DA:96,0
DA:97,0
DA:98,0
DA:99,0
DA:100,0
DA:101,0
DA:102,0
DA:104,0
DA:105,0
DA:106,0
DA:107,0
DA:108,0
DA:109,0
DA:110,0
DA:111,0
DA:112,0
DA:113,0
DA:114,0
DA:115,0
DA:116,0
DA:117,0
DA:118,0
DA:119,0
DA:121,0
DA:122,0
DA:123,0
DA:124,0
DA:125,0
DA:126,0
DA:127,0
DA:128,0
DA:129,0
DA:131,0
DA:132,0
DA:133,0
DA:134,0
DA:136,0
DA:137,0
DA:138,0
DA:139,0
DA:140,0
DA:142,0
DA:144,0
DA:146,0
DA:148,0
DA:152,0
DA:153,0
DA:154,0
DA:155,0
DA:156,0
DA:157,0
DA:158,0
DA:159,0
DA:161,0
DA:162,0
DA:164,0
DA:167,0
DA:168,0
DA:169,0
DA:172,0
DA:173,0
DA:174,0
DA:175,0
DA:178,0
DA:179,0
DA:180,0
DA:182,0
DA:184,0
DA:185,0
DA:186,0
DA:188,0
DA:189,0
DA:190,0
DA:192,0
DA:193,0
DA:194,0
DA:196,0
DA:198,0
DA:199,0
DA:200,0
DA:201,0
DA:202,0
DA:205,0
DA:210,0
DA:211,0
DA:214,0
DA:215,0
DA:216,0
DA:217,0
DA:218,0
DA:219,0
DA:220,0
DA:221,0
DA:224,0
DA:225,0
DA:226,0
DA:227,0
DA:228,0
DA:229,0
DA:230,0
DA:231,0
DA:232,0
DA:233,0
DA:235,0
DA:238,0
DA:240,0
DA:241,0
DA:242,0
DA:243,0
DA:244,0
DA:245,0
DA:246,0
DA:249,0
DA:251,0
DA:252,0
DA:253,0
DA:254,0
DA:255,0
DA:256,0
DA:258,0
DA:259,0
DA:260,0
DA:263,0
DA:264,0
DA:266,0
DA:267,0
DA:268,0
DA:269,0
DA:270,0
LF:183
LH:0
end_of_record
SF:/home/apoelstra/dload/code/secp256k1/src/modules/ecdh/main_impl.h
FN:13,secp256k1_ecdh
FNDA:0,secp256k1_ecdh
FNF:1
FNH:0
DA:13,0
DA:14,0
DA:15,0
DA:19,0
DA:20,0
DA:21,0
DA:24,0
DA:25,0
DA:26,0
DA:27,0
DA:33,0
DA:34,0
DA:38,0
DA:39,0
DA:40,0
DA:41,0
DA:43,0
DA:44,0
DA:45,0
DA:46,0
DA:47,0
DA:50,0
DA:51,0
LF:23
LH:0
end_of_record
SF:/home/apoelstra/dload/code/secp256k1/src/modules/ecdh/tests_impl.h
FN:10,test_ecdh_generator_basepoint
FN:44,test_bad_scalar
FN:70,run_ecdh_tests
FNDA:0,test_ecdh_generator_basepoint
FNDA:0,test_bad_scalar
FNDA:0,run_ecdh_tests
FNF:3
FNH:0
DA:10,0
DA:11,0
DA:15,0
DA:17,0
DA:23,0
DA:26,0
DA:27,0
DA:30,0
DA:31,0
DA:33,0
DA:34,0
DA:35,0
DA:36,0
DA:37,0
DA:38,0
DA:40,0
DA:42,0
DA:44,0
DA:45,0
DA:46,0
DA:52,0
DA:58,0
DA:59,0
DA:60,0
DA:63,0
DA:64,0
DA:66,0
DA:67,0
DA:68,0
DA:70,0
DA:71,0
DA:72,0
DA:73,0
LF:33
LH:0
end_of_record
SF:/home/apoelstra/dload/code/secp256k1/src/modules/recovery/main_impl.h
FN:12,secp256k1_ecdsa_recoverable_signature_load
FN:27,secp256k1_ecdsa_recoverable_signature_save
FN:38,secp256k1_ecdsa_recoverable_signature_parse_compact
FN:60,secp256k1_ecdsa_recoverable_signature_serialize_compact
FN:74,secp256k1_ecdsa_recoverable_signature_convert
FN:87,secp256k1_ecdsa_sig_recover
FN:123,secp256k1_ecdsa_sign_recoverable
FN:170,secp256k1_ecdsa_recover
FNDA:0,secp256k1_ecdsa_recoverable_signature_load
FNDA:0,secp256k1_ecdsa_recoverable_signature_save
FNDA:0,secp256k1_ecdsa_recoverable_signature_parse_compact
FNDA:0,secp256k1_ecdsa_recoverable_signature_serialize_compact
FNDA:0,secp256k1_ecdsa_recoverable_signature_convert
FNDA:0,secp256k1_ecdsa_sig_recover
FNDA:0,secp256k1_ecdsa_sign_recoverable
FNDA:0,secp256k1_ecdsa_recover
FNF:8
FNH:0
DA:12,0
DA:18,0
DA:19,0
DA:24,0
DA:25,0
DA:27,0
DA:29,0
DA:30,0
DA:35,0
DA:36,0
DA:38,0
DA:40,0
DA:41,0
DA:44,0
DA:45,0
DA:46,0
DA:48,0
DA:49,0
DA:50,0
DA:51,0
DA:52,0
DA:53,0
DA:55,0
DA:57,0
DA:60,0
DA:64,0
DA:65,0
DA:66,0
DA:68,0
DA:69,0
DA:70,0
DA:71,0
DA:74,0
DA:79,0
DA:80,0
DA:82,0
DA:83,0
DA:84,0
DA:87,0
DA:96,0
DA:97,0
DA:100,0
DA:101,0
DA:104,0
DA:105,0
DA:106,0
DA:108,0
DA:110,0
DA:111,0
DA:113,0
DA:114,0
DA:115,0
DA:116,0
DA:117,0
DA:118,0
DA:119,0
DA:120,0
DA:123,0
DA:127,0
DA:128,0
DA:130,0
DA:131,0
DA:132,0
DA:133,0
DA:134,0
DA:135,0
DA:138,0
DA:140,0
DA:142,0
DA:143,0
DA:145,0
DA:146,0
DA:147,0
DA:149,0
DA:150,0
DA:151,0
DA:152,0
DA:155,0
DA:157,0
DA:158,0
DA:159,0
DA:160,0
DA:162,0
DA:163,0
DA:165,0
DA:167,0
DA:170,0
DA:176,0
DA:177,0
DA:178,0
DA:179,0
DA:181,0
DA:182,0
DA:183,0
DA:184,0
DA:185,0
DA:186,0
DA:188,0
DA:189,0
LF:99
LH:0
end_of_record
SF:/home/apoelstra/dload/code/secp256k1/src/modules/recovery/tests_impl.h
FN:10,test_ecdsa_recovery_end_to_end
FN:69,test_ecdsa_recovery_edge_cases
FN:242,run_recovery_tests
FNDA:0,test_ecdsa_recovery_end_to_end
FNDA:0,test_ecdsa_recovery_edge_cases
FNDA:0,run_recovery_tests
FNF:3
FNH:0
DA:10,0
DA:11,0
DA:19,0
DA:24,0
DA:25,0
DA:26,0
DA:27,0
DA:31,0
DA:32,0
DA:35,0
DA:36,0
DA:37,0
DA:38,0
DA:39,0
DA:40,0
DA:41,0
DA:42,0
DA:43,0
DA:44,0
DA:45,0
DA:46,0
DA:47,0
DA:48,0
DA:49,0
DA:50,0
DA:51,0
DA:52,0
DA:54,0
DA:55,0
DA:56,0
DA:58,0
DA:59,0
DA:60,0
DA:61,0
DA:62,0
DA:64,0
DA:66,0
DA:69,0
DA:70,0
DA:76,0
DA:90,0
DA:105,0
DA:106,0
DA:107,0
DA:108,0
DA:109,0
DA:110,0
DA:111,0
DA:112,0
DA:114,0
DA:118,0
DA:119,0
DA:120,0
DA:121,0
DA:128,0
DA:135,0
DA:142,0
DA:150,0
DA:157,0
DA:158,0
DA:159,0
DA:160,0
DA:161,0
DA:163,0
DA:164,0
DA:166,0
DA:167,0
DA:171,0
DA:172,0
DA:174,0
DA:175,0
DA:176,0
DA:177,0
DA:178,0
DA:179,0
DA:180,0
DA:181,0
DA:182,0
DA:183,0
DA:185,0
DA:186,0
DA:187,0
DA:188,0
DA:189,0
DA:190,0
DA:191,0
DA:193,0
DA:195,0
DA:196,0
DA:197,0
DA:199,0
DA:200,0
DA:202,0
DA:209,0
DA:210,0
DA:221,0
DA:222,0
DA:223,0
DA:224,0
DA:225,0
DA:226,0
DA:227,0
DA:228,0
DA:229,0
DA:230,0
DA:231,0
DA:232,0
DA:233,0
DA:234,0
DA:235,0
DA:236,0
DA:237,0
DA:238,0
DA:240,0
DA:242,0
DA:244,0
DA:245,0
DA:247,0
DA:248,0
LF:119
LH:0
end_of_record
SF:/home/apoelstra/dload/code/secp256k1/src/scalar_4x64_impl.h
FN:27,secp256k1_scalar_clear
FN:34,secp256k1_scalar_set_int
FN:41,secp256k1_scalar_get_bits
FN:46,secp256k1_scalar_get_bits_var
FN:57,secp256k1_scalar_check_overflow
FN:69,secp256k1_scalar_reduce
FN:83,secp256k1_scalar_add
FN:99,secp256k1_scalar_cadd_bit
FN:117,secp256k1_scalar_set_b32
FN:129,secp256k1_scalar_get_b32
FN:136,secp256k1_scalar_is_zero
FN:140,secp256k1_scalar_negate
FN:152,secp256k1_scalar_is_one
FN:156,secp256k1_scalar_is_high
FN:168,secp256k1_scalar_cond_negate
FN:270,secp256k1_scalar_reduce_512
FN:579,secp256k1_scalar_mul_512
FN:746,secp256k1_scalar_sqr_512
FN:891,secp256k1_scalar_mul
FN:897,secp256k1_scalar_shr_int
FN:909,secp256k1_scalar_sqr
FN:928,secp256k1_scalar_eq
FNDA:0,secp256k1_scalar_clear
FNDA:0,secp256k1_scalar_set_int
FNDA:0,secp256k1_scalar_get_bits
FNDA:0,secp256k1_scalar_get_bits_var
FNDA:0,secp256k1_scalar_check_overflow
FNDA:0,secp256k1_scalar_reduce
FNDA:0,secp256k1_scalar_add
FNDA:0,secp256k1_scalar_cadd_bit
FNDA:0,secp256k1_scalar_set_b32
FNDA:0,secp256k1_scalar_get_b32
FNDA:0,secp256k1_scalar_is_zero
FNDA:0,secp256k1_scalar_negate
FNDA:0,secp256k1_scalar_is_one
FNDA:0,secp256k1_scalar_is_high
FNDA:0,secp256k1_scalar_cond_negate
FNDA:0,secp256k1_scalar_reduce_512
FNDA:0,secp256k1_scalar_mul_512
FNDA:0,secp256k1_scalar_sqr_512
FNDA:0,secp256k1_scalar_mul
FNDA:0,secp256k1_scalar_shr_int
FNDA:0,secp256k1_scalar_sqr
FNDA:0,secp256k1_scalar_eq
FNF:22
FNH:0
DA:27,0
DA:28,0
DA:29,0
DA:30,0
DA:31,0
DA:32,0
DA:34,0
DA:35,0
DA:36,0
DA:37,0
DA:38,0
DA:39,0
DA:41,0
DA:42,0
DA:43,0
DA:46,0
DA:48,0
DA:49,0
DA:50,0
DA:52,0
DA:53,0
DA:57,0
DA:58,0
DA:59,0
DA:60,0
DA:61,0
DA:62,0
DA:63,0
DA:64,0
DA:65,0
DA:66,0
DA:69,0
DA:72,0
DA:73,0
DA:74,0
DA:75,0
DA:76,0
DA:77,0
DA:78,0
DA:79,0
DA:80,0
DA:83,0
DA:85,0
DA:86,0
DA:87,0
DA:88,0
DA:89,0
DA:90,0
DA:91,0
DA:92,0
DA:93,0
DA:94,0
DA:95,0
DA:96,0
DA:99,0
DA:102,0
DA:103,0
DA:104,0
DA:105,0
DA:106,0
DA:107,0
DA:108,0
DA:109,0
DA:110,0
DA:112,0
DA:113,0
DA:115,0
DA:117,0
DA:119,0
DA:120,0
DA:121,0
DA:122,0
DA:123,0
DA:124,0
DA:125,0
DA:127,0
DA:129,0
DA:130,0
DA:131,0
DA:132,0
DA:133,0
DA:134,0
DA:136,0
DA:137,0
DA:140,0
DA:141,0
DA:142,0
DA:143,0
DA:144,0
DA:145,0
DA:146,0
DA:147,0
DA:148,0
DA:149,0
DA:150,0
DA:152,0
DA:153,0
DA:156,0
DA:157,0
DA:158,0
DA:159,0
DA:160,0
DA:161,0
DA:162,0
DA:163,0
DA:164,0
DA:165,0
DA:168,0
DA:171,0
DA:172,0
DA:173,0
DA:174,0
DA:175,0
DA:176,0
DA:177,0
DA:178,0
DA:179,0
DA:180,0
DA:181,0
DA:270,0
DA:509,0
DA:517,0
DA:518,0
DA:519,0
DA:520,0
DA:521,0
DA:522,0
DA:523,0
DA:524,0
DA:525,0
DA:526,0
DA:527,0
DA:528,0
DA:529,0
DA:530,0
DA:531,0
DA:532,0
DA:533,0
DA:534,0
DA:535,0
DA:536,0
DA:537,0
DA:538,0
DA:540,0
DA:544,0
DA:545,0
DA:546,0
DA:547,0
DA:548,0
DA:549,0
DA:550,0
DA:551,0
DA:552,0
DA:553,0
DA:554,0
DA:555,0
DA:556,0
DA:557,0
DA:558,0
DA:559,0
DA:560,0
DA:565,0
DA:566,0
DA:567,0
DA:568,0
DA:569,0
DA:570,0
DA:571,0
DA:572,0
DA:576,0
DA:577,0
DA:579,0
DA:714,0
DA:715,0
DA:718,0
DA:719,0
DA:720,0
DA:721,0
DA:722,0
DA:723,0
DA:724,0
DA:725,0
DA:726,0
DA:727,0
DA:728,0
DA:729,0
DA:730,0
DA:731,0
DA:732,0
DA:733,0
DA:734,0
DA:735,0
DA:736,0
DA:737,0
DA:738,0
DA:739,0
DA:740,0
DA:742,0
DA:744,0
DA:746,0
DA:857,0
DA:858,0
DA:861,0
DA:862,0
DA:863,0
DA:864,0
DA:865,0
DA:866,0
DA:867,0
DA:868,0
DA:869,0
DA:870,0
DA:871,0
DA:872,0
DA:873,0
DA:874,0
DA:875,0
DA:876,0
DA:877,0
DA:879,0
DA:881,0
DA:891,0
DA:893,0
DA:894,0
DA:895,0
DA:897,0
DA:901,0
DA:902,0
DA:903,0
DA:904,0
DA:905,0
DA:906,0
DA:909,0
DA:911,0
DA:912,0
DA:913,0
DA:928,0
DA:929,0
LF:238
LH:0
end_of_record
SF:/home/apoelstra/dload/code/secp256k1/src/scalar_impl.h
FN:55,secp256k1_scalar_inverse
FN:257,secp256k1_scalar_is_even
FN:262,secp256k1_scalar_inverse_var
FNDA:0,secp256k1_scalar_inverse
FNDA:0,secp256k1_scalar_is_even
FNDA:0,secp256k1_scalar_inverse_var
FNF:3
FNH:0
DA:55,0
DA:72,0
DA:73,0
DA:75,0
DA:76,0
DA:78,0
DA:79,0
DA:81,0
DA:82,0
DA:83,0
DA:85,0
DA:86,0
DA:88,0
DA:89,0
DA:91,0
DA:92,0
DA:93,0
DA:95,0
DA:97,0
DA:98,0
DA:99,0
DA:101,0
DA:103,0
DA:104,0
DA:105,0
DA:107,0
DA:109,0
DA:110,0
DA:111,0
DA:113,0
DA:115,0
DA:116,0
DA:117,0
DA:119,0
DA:122,0
DA:123,0
DA:124,0
DA:126,0
DA:127,0
DA:128,0
DA:130,0
DA:131,0
DA:132,0
DA:134,0
DA:135,0
DA:136,0
DA:138,0
DA:139,0
DA:140,0
DA:142,0
DA:143,0
DA:144,0
DA:146,0
DA:147,0
DA:148,0
DA:150,0
DA:151,0
DA:152,0
DA:154,0
DA:155,0
DA:156,0
DA:158,0
DA:159,0
DA:160,0
DA:162,0
DA:163,0
DA:164,0
DA:166,0
DA:167,0
DA:168,0
DA:170,0
DA:171,0
DA:172,0
DA:174,0
DA:175,0
DA:176,0
DA:178,0
DA:179,0
DA:180,0
DA:182,0
DA:183,0
DA:184,0
DA:186,0
DA:187,0
DA:188,0
DA:190,0
DA:191,0
DA:192,0
DA:194,0
DA:195,0
DA:196,0
DA:198,0
DA:199,0
DA:200,0
DA:202,0
DA:203,0
DA:204,0
DA:206,0
DA:207,0
DA:208,0
DA:210,0
DA:211,0
DA:212,0
DA:214,0
DA:215,0
DA:216,0
DA:218,0
DA:219,0
DA:220,0
DA:222,0
DA:223,0
DA:224,0
DA:226,0
DA:227,0
DA:228,0
DA:230,0
DA:231,0
DA:232,0
DA:234,0
DA:235,0
DA:236,0
DA:238,0
DA:239,0
DA:240,0
DA:242,0
DA:243,0
DA:244,0
DA:246,0
DA:247,0
DA:248,0
DA:250,0
DA:251,0
DA:252,0
DA:254,0
DA:255,0
DA:257,0
DA:258,0
DA:262,0
DA:264,0
DA:281,0
LF:140
LH:0
end_of_record
SF:/home/apoelstra/dload/code/secp256k1/src/secp256k1.c
FN:28,default_illegal_callback_fn
FN:39,default_error_callback_fn
FN:58,secp256k1_context_create
FN:83,secp256k1_context_clone
FN:92,secp256k1_context_destroy
FN:101,secp256k1_context_set_illegal_callback
FN:109,secp256k1_context_set_error_callback
FN:117,secp256k1_pubkey_load
FN:136,secp256k1_pubkey_save
FN:150,secp256k1_ec_pubkey_parse
FN:165,secp256k1_ec_pubkey_serialize
FN:188,secp256k1_ecdsa_signature_load
FN:202,secp256k1_ecdsa_signature_save
FN:212,secp256k1_ecdsa_signature_parse_der
FN:228,secp256k1_ecdsa_signature_parse_compact
FN:249,secp256k1_ecdsa_signature_serialize_der
FN:261,secp256k1_ecdsa_signature_serialize_compact
FN:274,secp256k1_ecdsa_signature_normalize
FN:293,secp256k1_ecdsa_verify
FN:310,nonce_function_rfc6979
FN:345,secp256k1_ecdsa_sign
FN:392,secp256k1_ec_seckey_verify
FN:405,secp256k1_ec_pubkey_create
FN:428,secp256k1_ec_privkey_tweak_add
FN:451,secp256k1_ec_pubkey_tweak_add
FN:475,secp256k1_ec_privkey_tweak_mul
FN:497,secp256k1_ec_pubkey_tweak_mul
FN:521,secp256k1_context_randomize
FN:528,secp256k1_ec_pubkey_combine
FNDA:0,default_illegal_callback_fn
FNDA:0,default_error_callback_fn
FNDA:0,secp256k1_context_create
FNDA:0,secp256k1_context_clone
FNDA:0,secp256k1_context_destroy
FNDA:0,secp256k1_context_set_illegal_callback
FNDA:0,secp256k1_context_set_error_callback
FNDA:0,secp256k1_pubkey_load
FNDA:0,secp256k1_pubkey_save
FNDA:0,secp256k1_ec_pubkey_parse
FNDA:0,secp256k1_ec_pubkey_serialize
FNDA:0,secp256k1_ecdsa_signature_load
FNDA:0,secp256k1_ecdsa_signature_save
FNDA:0,secp256k1_ecdsa_signature_parse_der
FNDA:0,secp256k1_ecdsa_signature_parse_compact
FNDA:0,secp256k1_ecdsa_signature_serialize_der
FNDA:0,secp256k1_ecdsa_signature_serialize_compact
FNDA:0,secp256k1_ecdsa_signature_normalize
FNDA:0,secp256k1_ecdsa_verify
FNDA:0,nonce_function_rfc6979
FNDA:0,secp256k1_ecdsa_sign
FNDA:0,secp256k1_ec_seckey_verify
FNDA:0,secp256k1_ec_pubkey_create
FNDA:0,secp256k1_ec_privkey_tweak_add
FNDA:0,secp256k1_ec_pubkey_tweak_add
FNDA:0,secp256k1_ec_privkey_tweak_mul
FNDA:0,secp256k1_ec_pubkey_tweak_mul
FNDA:0,secp256k1_context_randomize
FNDA:0,secp256k1_ec_pubkey_combine
FNF:29
FNH:0
DA:28,0
DA:30,0
DA:31,0
DA:39,0
DA:41,0
DA:42,0
DA:58,0
DA:59,0
DA:60,0
DA:61,0
DA:63,0
DA:64,0
DA:66,0
DA:67,0
DA:70,0
DA:71,0
DA:73,0
DA:74,0
DA:76,0
DA:77,0
DA:80,0
DA:83,0
DA:84,0
DA:85,0
DA:86,0
DA:87,0
DA:88,0
DA:89,0
DA:92,0
DA:93,0
DA:94,0
DA:95,0
DA:97,0
DA:99,0
DA:101,0
DA:102,0
DA:103,0
DA:105,0
DA:106,0
DA:107,0
DA:109,0
DA:110,0
DA:111,0
DA:113,0
DA:114,0
DA:115,0
DA:117,0
DA:123,0
DA:124,0
DA:132,0
DA:133,0
DA:136,0
DA:139,0
DA:140,0
DA:148,0
DA:150,0
DA:154,0
DA:155,0
DA:156,0
DA:157,0
DA:158,0
DA:160,0
DA:161,0
DA:162,0
DA:165,0
DA:168,0
DA:171,0
DA:172,0
DA:173,0
DA:174,0
DA:175,0
DA:176,0
DA:177,0
DA:178,0
DA:179,0
DA:180,0
DA:181,0
DA:182,0
DA:185,0
DA:188,0
DA:194,0
DA:195,0
DA:200,0
DA:202,0
DA:204,0
DA:205,0
DA:210,0
DA:212,0
DA:216,0
DA:217,0
DA:219,0
DA:220,0
DA:221,0
DA:223,0
DA:224,0
DA:228,0
DA:230,0
DA:231,0
DA:234,0
DA:235,0
DA:237,0
DA:238,0
DA:239,0
DA:240,0
DA:241,0
DA:242,0
DA:244,0
DA:246,0
DA:249,0
DA:253,0
DA:254,0
DA:255,0
DA:257,0
DA:258,0
DA:261,0
DA:265,0
DA:266,0
DA:268,0
DA:269,0
DA:270,0
DA:271,0
DA:274,0
DA:276,0
DA:279,0
DA:281,0
DA:282,0
DA:283,0
DA:284,0
DA:285,0
DA:287,0
DA:290,0
DA:293,0
DA:298,0
DA:299,0
DA:300,0
DA:301,0
DA:303,0
DA:304,0
DA:305,0
DA:306,0
DA:307,0
DA:310,0
DA:312,0
DA:323,0
DA:324,0
DA:325,0
DA:326,0
DA:327,0
DA:329,0
DA:330,0
DA:331,0
DA:333,0
DA:334,0
DA:335,0
DA:336,0
DA:338,0
DA:339,0
DA:345,0
DA:348,0
DA:349,0
DA:351,0
DA:352,0
DA:353,0
DA:354,0
DA:355,0
DA:356,0
DA:359,0
DA:361,0
DA:363,0
DA:364,0
DA:366,0
DA:367,0
DA:368,0
DA:370,0
DA:371,0
DA:373,0
DA:374,0
DA:377,0
DA:379,0
DA:380,0
DA:381,0
DA:382,0
DA:384,0
DA:385,0
DA:387,0
DA:389,0
DA:392,0
DA:397,0
DA:399,0
DA:400,0
DA:401,0
DA:402,0
DA:405,0
DA:410,0
DA:412,0
DA:413,0
DA:414,0
DA:415,0
DA:417,0
DA:418,0
DA:419,0
DA:420,0
DA:421,0
DA:422,0
DA:424,0
DA:425,0
DA:428,0
DA:431,0
DA:432,0
DA:434,0
DA:435,0
DA:437,0
DA:438,0
DA:440,0
DA:441,0
DA:442,0
DA:443,0
DA:446,0
DA:447,0
DA:448,0
DA:451,0
DA:454,0
DA:455,0
DA:457,0
DA:458,0
DA:459,0
DA:461,0
DA:462,0
DA:463,0
DA:464,0
DA:465,0
DA:466,0
DA:468,0
DA:472,0
DA:475,0
DA:478,0
DA:479,0
DA:481,0
DA:482,0
DA:484,0
DA:485,0
DA:486,0
DA:487,0
DA:488,0
DA:489,0
DA:492,0
DA:493,0
DA:494,0
DA:497,0
DA:500,0
DA:501,0
DA:503,0
DA:504,0
DA:505,0
DA:507,0
DA:508,0
DA:509,0
DA:510,0
DA:511,0
DA:512,0
DA:514,0
DA:518,0
DA:521,0
DA:523,0
DA:524,0
DA:525,0
DA:528,0
DA:533,0
DA:534,0
DA:535,0
DA:536,0
DA:538,0
DA:540,0
DA:541,0
DA:542,0
DA:544,0
DA:545,0
DA:547,0
DA:548,0
DA:549,0
LF:280
LH:0
end_of_record
SF:/home/apoelstra/dload/code/secp256k1/src/testrand_impl.h
FN:26,secp256k1_rand32
FN:34,secp256k1_rand_bits
FN:47,secp256k1_rand_int
FN:86,secp256k1_rand256
FN:90,secp256k1_rand_bytes_test
FN:106,secp256k1_rand256_test
FNDA:0,secp256k1_rand32
FNDA:0,secp256k1_rand_bits
FNDA:0,secp256k1_rand_int
FNDA:0,secp256k1_rand256
FNDA:0,secp256k1_rand_bytes_test
FNDA:0,secp256k1_rand256_test
FNF:6
FNH:0
DA:26,0
DA:27,0
DA:28,0
DA:29,0
DA:31,0
DA:34,0
DA:36,0
DA:37,0
DA:38,0
DA:40,0
DA:41,0
DA:42,0
DA:43,0
DA:44,0
DA:47,0
DA:61,0
DA:62,0
DA:63,0
DA:65,0
DA:66,0
DA:67,0
DA:68,0
DA:70,0
DA:71,0
DA:72,0
DA:73,0
DA:75,0
DA:76,0
DA:78,0
DA:79,0
DA:80,0
DA:81,0
DA:86,0
DA:87,0
DA:88,0
DA:90,0
DA:91,0
DA:92,0
DA:93,0
DA:96,0
DA:97,0
DA:98,0
DA:99,0
DA:100,0
DA:101,0
DA:104,0
DA:106,0
DA:107,0
DA:108,0
LF:49
LH:0
end_of_record
SF:/home/apoelstra/dload/code/secp256k1/src/tests.c
FN:44,counting_illegal_callback_fn
FN:52,uncounting_illegal_callback_fn
FN:60,random_field_element_test
FN:70,random_field_element_magnitude
FN:84,random_group_element_test
FN:95,random_group_element_jacobian_test
FN:110,random_scalar_order_test
FN:123,random_scalar_order
FN:136,run_context_tests
FN:241,run_sha256_tests
FN:277,run_hmac_sha256_tests
FN:321,run_rfc6979_hmac_sha256_tests
FN:364,test_rand_bits
FN:399,test_rand_int
FN:415,run_rand_bits
FN:423,run_rand_int
FN:622,scalar_test
FN:911,run_scalar_tests
FN:1541,random_fe
FN:1551,random_fe_test
FN:1561,random_fe_non_zero
FN:1574,random_fe_non_square
FN:1582,check_fe_equal
FN:1590,check_fe_inverse
FN:1597,run_field_convert
FN:1627,fe_memcmp
FN:1636,run_field_misc
FN:1708,run_field_inv
FN:1720,run_field_inv_var
FN:1732,run_field_inv_all_var
FN:1754,run_sqr
FN:1770,test_sqrt
FN:1784,run_sqrt
FN:1820,ge_equals_ge
FN:1830,gej_xyz_equals_gej
FN:1851,ge_equals_gej
FN:1868,test_ge
FN:2072,test_add_neg_y_diff_x
FN:2139,run_ge
FN:2147,test_ec_combine
FN:2172,run_ec_combine
FN:2179,test_group_decompress
FN:2243,run_group_decompress
FN:2254,run_ecmult_chain
FN:2318,test_point_times_order
FN:2353,run_point_times_order
FN:2375,ecmult_const_random_mult
FN:2402,ecmult_const_commutativity
FN:2423,ecmult_const_mult_zero_one
FN:2445,ecmult_const_chain_multiply
FN:2471,run_ecmult_const_tests
FN:2478,test_wnaf
FN:2512,test_constant_wnaf_negate
FN:2527,test_constant_wnaf
FN:2566,run_wnaf
FN:2590,test_ecmult_constants
FN:2623,run_ecmult_constants
FN:2627,test_ecmult_gen_blind
FN:2650,test_ecmult_gen_blind_reset
FN:2662,run_ecmult_gen_blind
FN:2700,ec_pubkey_parse_pointtest
FN:2775,run_ec_pubkey_parse_test
FN:3102,run_eckey_edge_case_test
FN:3338,random_sign
FN:3345,test_ecdsa_sign_verify
FN:3368,run_ecdsa_sign_verify
FN:3376,precomputed_nonce_function
FN:3384,nonce_function_test_fail
FN:3392,nonce_function_test_retry
FN:3422,is_empty_signature
FN:3427,test_ecdsa_end_to_end
FN:3550,test_random_pubkeys
FN:3610,run_random_pubkeys
FN:3617,run_ecdsa_end_to_end
FN:3624,test_ecdsa_der_parse
FN:3736,assign_big_endian
FN:3748,damage_array
FN:3775,random_ber_signature
FN:3921,run_ecdsa_der_parse
FN:3953,test_ecdsa_edge_cases
FN:4322,run_ecdsa_edge_cases
FN:4327,get_openssl_key
FN:4339,test_ecdsa_openssl
FN:4374,run_ecdsa_openssl
FN:4394,test_der_vectors
FN:6928,main
FNDA:0,counting_illegal_callback_fn
FNDA:0,uncounting_illegal_callback_fn
FNDA:0,random_field_element_test
FNDA:0,random_field_element_magnitude
FNDA:0,random_group_element_test
FNDA:0,random_group_element_jacobian_test
FNDA:0,random_scalar_order_test
FNDA:0,random_scalar_order
FNDA:0,run_context_tests
FNDA:0,run_sha256_tests
FNDA:0,run_hmac_sha256_tests
FNDA:0,run_rfc6979_hmac_sha256_tests
FNDA:0,test_rand_bits
FNDA:0,test_rand_int
FNDA:0,run_rand_bits
FNDA:0,run_rand_int
FNDA:0,scalar_test
FNDA:0,run_scalar_tests
FNDA:0,random_fe
FNDA:0,random_fe_test
FNDA:0,random_fe_non_zero
FNDA:0,random_fe_non_square
FNDA:0,check_fe_equal
FNDA:0,check_fe_inverse
FNDA:0,run_field_convert
FNDA:0,fe_memcmp
FNDA:0,run_field_misc
FNDA:0,run_field_inv
FNDA:0,run_field_inv_var
FNDA:0,run_field_inv_all_var
FNDA:0,run_sqr
FNDA:0,test_sqrt
FNDA:0,run_sqrt
FNDA:0,ge_equals_ge
FNDA:0,gej_xyz_equals_gej
FNDA:0,ge_equals_gej
FNDA:0,test_ge
FNDA:0,test_add_neg_y_diff_x
FNDA:0,run_ge
FNDA:0,test_ec_combine
FNDA:0,run_ec_combine
FNDA:0,test_group_decompress
FNDA:0,run_group_decompress
FNDA:0,run_ecmult_chain
FNDA:0,test_point_times_order
FNDA:0,run_point_times_order
FNDA:0,ecmult_const_random_mult
FNDA:0,ecmult_const_commutativity
FNDA:0,ecmult_const_mult_zero_one
FNDA:0,ecmult_const_chain_multiply
FNDA:0,run_ecmult_const_tests
FNDA:0,test_wnaf
FNDA:0,test_constant_wnaf_negate
FNDA:0,test_constant_wnaf
FNDA:0,run_wnaf
FNDA:0,test_ecmult_constants
FNDA:0,run_ecmult_constants
FNDA:0,test_ecmult_gen_blind
FNDA:0,test_ecmult_gen_blind_reset
FNDA:0,run_ecmult_gen_blind
FNDA:0,ec_pubkey_parse_pointtest
FNDA:0,run_ec_pubkey_parse_test
FNDA:0,run_eckey_edge_case_test
FNDA:0,random_sign
FNDA:0,test_ecdsa_sign_verify
FNDA:0,run_ecdsa_sign_verify
FNDA:0,precomputed_nonce_function
FNDA:0,nonce_function_test_fail
FNDA:0,nonce_function_test_retry
FNDA:0,is_empty_signature
FNDA:0,test_ecdsa_end_to_end
FNDA:0,test_random_pubkeys
FNDA:0,run_random_pubkeys
FNDA:0,run_ecdsa_end_to_end
FNDA:0,test_ecdsa_der_parse
FNDA:0,assign_big_endian
FNDA:0,damage_array
FNDA:0,random_ber_signature
FNDA:0,run_ecdsa_der_parse
FNDA:0,test_ecdsa_edge_cases
FNDA:0,run_ecdsa_edge_cases
FNDA:0,get_openssl_key
FNDA:0,test_ecdsa_openssl
FNDA:0,run_ecdsa_openssl
FNDA:0,test_der_vectors
FNDA:0,main
FNF:86
FNH:0
DA:44,0
DA:48,0
DA:49,0
DA:50,0
DA:52,0
DA:56,0
DA:57,0
DA:58,0
DA:60,0
DA:61,0
DA:63,0
DA:64,0
DA:65,0
DA:68,0
DA:70,0
DA:72,0
DA:73,0
DA:74,0
DA:75,0
DA:77,0
DA:78,0
DA:79,0
DA:80,0
DA:81,0
DA:84,0
DA:87,0
DA:88,0
DA:89,0
DA:90,0
DA:93,0
DA:95,0
DA:98,0
DA:99,0
DA:100,0
DA:103,0
DA:104,0
DA:105,0
DA:106,0
DA:107,0
DA:108,0
DA:110,0
DA:111,0
DA:113,0
DA:114,0
DA:115,0
DA:116,0
DA:117,0
DA:119,0
DA:121,0
DA:123,0
DA:124,0
DA:126,0
DA:127,0
DA:128,0
DA:129,0
DA:130,0
DA:132,0
DA:134,0
DA:136,0
DA:142,0
DA:143,0
DA:144,0
DA:145,0
DA:152,0
DA:153,0
DA:154,0
DA:155,0
DA:156,0
DA:157,0
DA:163,0
DA:164,0
DA:165,0
DA:166,0
DA:170,0
DA:172,0
DA:173,0
DA:176,0
DA:177,0
DA:178,0
DA:179,0
DA:182,0
DA:183,0
DA:184,0
DA:186,0
DA:188,0
DA:189,0
DA:191,0
DA:193,0
DA:194,0
DA:195,0
DA:196,0
DA:197,0
DA:198,0
DA:199,0
DA:200,0
DA:201,0
DA:202,0
DA:203,0
DA:204,0
DA:205,0
DA:206,0
DA:207,0
DA:208,0
DA:209,0
DA:210,0
DA:211,0
DA:214,0
DA:215,0
DA:219,0
DA:220,0
DA:223,0
DA:224,0
DA:227,0
DA:228,0
DA:231,0
DA:232,0
DA:233,0
DA:234,0
DA:236,0
DA:237,0
DA:241,0
DA:259,0
DA:262,0
DA:263,0
DA:264,0
DA:265,0
DA:266,0
DA:267,0
DA:268,0
DA:269,0
DA:270,0
DA:271,0
DA:272,0
DA:275,0
DA:277,0
DA:303,0
DA:306,0
DA:307,0
DA:308,0
DA:309,0
DA:310,0
DA:311,0
DA:312,0
DA:313,0
DA:314,0
DA:315,0
DA:316,0
DA:319,0
DA:321,0
DA:340,0
DA:341,0
DA:342,0
DA:343,0
DA:345,0
DA:347,0
DA:348,0
DA:349,0
DA:350,0
DA:352,0
DA:354,0
DA:355,0
DA:356,0
DA:357,0
DA:359,0
DA:360,0
DA:364,0
DA:372,0
DA:373,0
DA:376,0
DA:380,0
DA:381,0
DA:382,0
DA:383,0
DA:384,0
DA:385,0
DA:386,0
DA:390,0
DA:391,0
DA:393,0
DA:396,0
DA:399,0
DA:401,0
DA:403,0
DA:404,0
DA:405,0
DA:406,0
DA:407,0
DA:408,0
DA:409,0
DA:412,0
DA:413,0
DA:415,0
DA:417,0
DA:418,0
DA:419,0
DA:421,0
DA:423,0
DA:427,0
DA:428,0
DA:429,0
DA:432,0
DA:622,0
DA:633,0
DA:636,0
DA:639,0
DA:640,0
DA:656,0
DA:657,0
DA:660,0
DA:661,0
DA:662,0
DA:664,0
DA:666,0
DA:672,0
DA:673,0
DA:674,0
DA:677,0
DA:678,0
DA:679,0
DA:681,0
DA:682,0
DA:683,0
DA:685,0
DA:686,0
DA:688,0
DA:782,0
DA:788,0
DA:794,0
DA:796,0
DA:797,0
DA:799,0
DA:810,0
DA:811,0
DA:812,0
DA:820,0
DA:821,0
DA:822,0
DA:823,0
DA:824,0
DA:826,0
DA:827,0
DA:828,0
DA:830,0
DA:831,0
DA:833,0
DA:834,0
DA:841,0
DA:842,0
DA:843,0
DA:849,0
DA:850,0
DA:851,0
DA:852,0
DA:853,0
DA:859,0
DA:860,0
DA:861,0
DA:862,0
DA:863,0
DA:869,0
DA:870,0
DA:871,0
DA:872,0
DA:873,0
DA:874,0
DA:880,0
DA:881,0
DA:882,0
DA:888,0
DA:889,0
DA:890,0
DA:896,0
DA:897,0
DA:898,0
DA:904,0
DA:905,0
DA:906,0
DA:909,0
DA:911,0
DA:913,0
DA:914,0
DA:920,0
DA:921,0
DA:922,0
DA:923,0
DA:924,0
DA:925,0
DA:926,0
DA:950,0
DA:970,0
DA:1236,0
DA:1502,0
DA:1503,0
DA:1504,0
DA:1505,0
DA:1506,0
DA:1507,0
DA:1508,0
DA:1509,0
DA:1510,0
DA:1511,0
DA:1512,0
DA:1513,0
DA:1514,0
DA:1515,0
DA:1516,0
DA:1517,0
DA:1522,0
DA:1523,0
DA:1524,0
DA:1525,0
DA:1526,0
DA:1527,0
DA:1529,0
DA:1530,0
DA:1531,0
DA:1532,0
DA:1533,0
DA:1534,0
DA:1537,0
DA:1541,0
DA:1544,0
DA:1545,0
DA:1546,0
DA:1551,0
DA:1554,0
DA:1555,0
DA:1556,0
DA:1561,0
DA:1562,0
DA:1563,0
DA:1564,0
DA:1565,0
DA:1566,0
DA:1567,0
DA:1571,0
DA:1572,0
DA:1574,0
DA:1576,0
DA:1577,0
DA:1578,0
DA:1580,0
DA:1582,0
DA:1583,0
DA:1584,0
DA:1585,0
DA:1586,0
DA:1587,0
DA:1590,0
DA:1592,0
DA:1593,0
DA:1594,0
DA:1597,0
DA:1616,0
DA:1617,0
DA:1618,0
DA:1619,0
DA:1621,0
DA:1622,0
DA:1623,0
DA:1624,0
DA:1625,0
DA:1627,0
DA:1628,0
DA:1630,0
DA:1631,0
DA:1633,0
DA:1636,0
DA:1641,0
DA:1643,0
DA:1645,0
DA:1646,0
DA:1648,0
DA:1649,0
DA:1650,0
DA:1651,0
DA:1653,0
DA:1654,0
DA:1655,0
DA:1656,0
DA:1657,0
DA:1658,0
DA:1659,0
DA:1660,0
DA:1661,0
DA:1662,0
DA:1663,0
DA:1664,0
DA:1665,0
DA:1666,0
DA:1667,0
DA:1668,0
DA:1669,0
DA:1670,0
DA:1671,0
DA:1672,0
DA:1674,0
DA:1676,0
DA:1677,0
DA:1678,0
DA:1679,0
DA:1680,0
DA:1681,0
DA:1682,0
DA:1683,0
DA:1684,0
DA:1685,0
DA:1686,0
DA:1688,0
DA:1689,0
DA:1690,0
DA:1691,0
DA:1692,0
DA:1693,0
DA:1694,0
DA:1695,0
DA:1696,0
DA:1697,0
DA:1698,0
DA:1699,0
DA:1700,0
DA:1701,0
DA:1702,0
DA:1703,0
DA:1704,0
DA:1706,0
DA:1708,0
DA:1711,0
DA:1712,0
DA:1713,0
DA:1714,0
DA:1715,0
DA:1716,0
DA:1718,0
DA:1720,0
DA:1723,0
DA:1724,0
DA:1725,0
DA:1726,0
DA:1727,0
DA:1728,0
DA:1730,0
DA:1732,0
DA:1736,0
DA:1737,0
DA:1739,0
DA:1740,0
DA:1741,0
DA:1743,0
DA:1744,0
DA:1745,0
DA:1747,0
DA:1748,0
DA:1749,0
DA:1752,0
DA:1754,0
DA:1759,0
DA:1760,0
DA:1762,0
DA:1763,0
DA:1764,0
DA:1765,0
DA:1768,0
DA:1770,0
DA:1772,0
DA:1773,0
DA:1775,0
DA:1777,0
DA:1778,0
DA:1779,0
DA:1780,0
DA:1782,0
DA:1784,0
DA:1789,0
DA:1790,0
DA:1791,0
DA:1794,0
DA:1795,0
DA:1796,0
DA:1797,0
DA:1798,0
DA:1799,0
DA:1803,0
DA:1805,0
DA:1806,0
DA:1807,0
DA:1808,0
DA:1809,0
DA:1810,0
DA:1811,0
DA:1812,0
DA:1813,0
DA:1816,0
DA:1820,0
DA:1821,0
DA:1822,0
DA:1823,0
DA:1825,0
DA:1826,0
DA:1830,0
DA:1833,0
DA:1834,0
DA:1835,0
DA:1836,0
DA:1837,0
DA:1838,0
DA:1839,0
[...]
FN:685,secp256k1_ge_storage_cmov
FN:701,secp256k1_gej_has_quad_y_var
FNDA:0,secp256k1_ge_set_gej_zinv
FNDA:0,secp256k1_ge_set_xy
FNDA:0,secp256k1_ge_is_infinity
FNDA:0,secp256k1_ge_neg
FNDA:0,secp256k1_ge_set_gej
FNDA:0,secp256k1_ge_set_gej_var
FNDA:0,secp256k1_ge_set_all_gej_var
FNDA:0,secp256k1_ge_set_table_gej_var
FNDA:0,secp256k1_ge_globalz_set_table_gej
FNDA:0,secp256k1_gej_set_infinity
FNDA:0,secp256k1_ge_set_infinity
FNDA:0,secp256k1_gej_clear
FNDA:0,secp256k1_ge_clear
FNDA:0,secp256k1_ge_set_xquad
FNDA:0,secp256k1_ge_set_xo_var
FNDA:0,secp256k1_gej_set_ge
FNDA:0,secp256k1_gej_eq_x_var
FNDA:0,secp256k1_gej_neg
FNDA:0,secp256k1_gej_is_infinity
FNDA:0,secp256k1_gej_is_valid_var
FNDA:0,secp256k1_ge_is_valid_var
FNDA:0,secp256k1_gej_double_var
FNDA:0,secp256k1_gej_double_nonzero
FNDA:0,secp256k1_gej_add_var
FNDA:0,secp256k1_gej_add_ge_var
FNDA:0,secp256k1_gej_add_zinv_var
FNDA:0,secp256k1_gej_add_ge
FNDA:0,secp256k1_gej_rescale
FNDA:0,secp256k1_ge_to_storage
FNDA:0,secp256k1_ge_from_storage
FNDA:0,secp256k1_ge_storage_cmov
FNDA:0,secp256k1_gej_has_quad_y_var
FNF:32
FNH:0
DA:83,0
DA:86,0
DA:87,0
DA:88,0
DA:89,0
DA:90,0
DA:91,0
DA:93,0
DA:94,0
DA:95,0
DA:96,0
DA:97,0
DA:99,0
DA:100,0
DA:103,0
DA:104,0
DA:105,0
DA:106,0
DA:107,0
DA:109,0
DA:111,0
DA:112,0
DA:113,0
DA:114,0
DA:115,0
DA:116,0
DA:117,0
DA:118,0
DA:119,0
DA:120,0
DA:122,0
DA:124,0
DA:125,0
DA:126,0
DA:128,0
DA:129,0
DA:130,0
DA:131,0
DA:132,0
DA:133,0
DA:134,0
DA:135,0
DA:138,0
DA:142,0
DA:143,0
DA:144,0
DA:145,0
DA:146,0
DA:150,0
DA:151,0
DA:152,0
DA:154,0
DA:155,0
DA:156,0
DA:157,0
DA:158,0
DA:161,0
DA:162,0
DA:164,0
DA:165,0
DA:168,0
DA:170,0
DA:171,0
DA:174,0
DA:175,0
DA:176,0
DA:177,0
DA:180,0
DA:182,0
DA:183,0
DA:186,0
DA:188,0
DA:189,0
DA:190,0
DA:191,0
DA:192,0
DA:195,0
DA:196,0
DA:197,0
DA:199,0
DA:200,0
DA:203,0
DA:205,0
DA:206,0
DA:207,0
DA:208,0
DA:209,0
DA:210,0
DA:212,0
DA:213,0
DA:214,0
DA:215,0
DA:216,0
DA:218,0
DA:219,0
DA:220,0
DA:221,0
DA:222,0
DA:223,0
DA:225,0
DA:226,0
DA:227,0
DA:228,0
DA:229,0
DA:231,0
DA:233,0
DA:234,0
DA:235,0
DA:236,0
DA:237,0
DA:238,0
DA:239,0
DA:242,0
DA:243,0
DA:244,0
DA:246,0
DA:247,0
DA:248,0
DA:250,0
DA:254,0
DA:255,0
DA:256,0
DA:257,0
DA:258,0
DA:259,0
DA:261,0
DA:263,0
DA:264,0
DA:265,0
DA:266,0
DA:269,0
DA:270,0
DA:271,0
DA:272,0
DA:273,0
DA:274,0
DA:275,0
DA:276,0
DA:278,0
DA:279,0
DA:282,0
DA:284,0
DA:285,0
DA:292,0
DA:293,0
DA:294,0
DA:295,0
DA:296,0
DA:297,0
DA:298,0
DA:299,0
DA:302,0
DA:304,0
DA:305,0
DA:308,0
DA:309,0
DA:310,0
DA:311,0
DA:312,0
DA:313,0
DA:316,0
DA:335,0
DA:336,0
DA:337,0
DA:338,0
DA:340,0
DA:343,0
DA:344,0
DA:345,0
DA:346,0
DA:349,0
DA:350,0
DA:351,0
DA:352,0
DA:353,0
DA:354,0
DA:355,0
DA:356,0
DA:357,0
DA:358,0
DA:359,0
DA:360,0
DA:361,0
DA:362,0
DA:363,0
DA:364,0
DA:365,0
DA:366,0
DA:367,0
DA:368,0
DA:371,0
DA:372,0
DA:373,0
DA:374,0
DA:376,0
DA:380,0
DA:382,0
DA:383,0
DA:386,0
DA:387,0
DA:388,0
DA:390,0
DA:391,0
DA:394,0
DA:395,0
DA:396,0
DA:397,0
DA:398,0
DA:399,0
DA:400,0
DA:401,0
DA:402,0
DA:403,0
DA:404,0
DA:405,0
DA:407,0
DA:408,0
DA:410,0
DA:412,0
DA:414,0
DA:415,0
DA:416,0
DA:417,0
DA:418,0
DA:419,0
DA:421,0
DA:422,0
DA:423,0
DA:424,0
DA:425,0
DA:426,0
DA:429,0
DA:432,0
DA:434,0
DA:435,0
DA:437,0
DA:438,0
DA:439,0
DA:441,0
DA:442,0
DA:444,0
DA:446,0
DA:447,0
DA:448,0
DA:449,0
DA:450,0
DA:451,0
DA:452,0
DA:453,0
DA:454,0
DA:455,0
DA:457,0
DA:458,0
DA:460,0
DA:462,0
DA:464,0
DA:465,0
DA:466,0
DA:467,0
DA:468,0
DA:470,0
DA:471,0
DA:472,0
DA:473,0
DA:474,0
DA:475,0
DA:478,0
DA:482,0
DA:483,0
DA:484,0
DA:486,0
DA:488,0
DA:489,0
DA:490,0
DA:491,0
DA:492,0
DA:493,0
DA:494,0
DA:496,0
DA:506,0
DA:508,0
DA:509,0
DA:510,0
DA:511,0
DA:512,0
DA:513,0
DA:514,0
DA:515,0
DA:516,0
DA:517,0
DA:519,0
DA:521,0
DA:523,0
DA:524,0
DA:525,0
DA:526,0
DA:527,0
DA:528,0
DA:529,0
DA:530,0
DA:531,0
DA:535,0
DA:541,0
DA:542,0
DA:594,0
DA:595,0
DA:596,0
DA:597,0
DA:598,0
DA:599,0
DA:600,0
DA:601,0
DA:602,0
DA:603,0
DA:604,0
DA:605,0
DA:608,0
DA:609,0
DA:615,0
DA:616,0
DA:617,0
DA:619,0
DA:620,0
DA:625,0
DA:626,0
DA:631,0
DA:632,0
DA:633,0
DA:634,0
DA:635,0
DA:636,0
DA:637,0
DA:638,0
DA:639,0
DA:640,0
DA:641,0
DA:642,0
DA:643,0
DA:644,0
DA:645,0
DA:646,0
DA:647,0
DA:648,0
DA:651,0
DA:652,0
DA:653,0
DA:654,0
DA:655,0
DA:657,0
DA:660,0
DA:661,0
DA:662,0
DA:663,0
DA:664,0
DA:665,0
DA:666,0
DA:668,0
DA:670,0
DA:671,0
DA:672,0
DA:673,0
DA:674,0
DA:675,0
DA:676,0
DA:677,0
DA:679,0
DA:680,0
DA:681,0
DA:682,0
DA:683,0
DA:685,0
DA:686,0
DA:687,0
DA:688,0
DA:701,0
DA:704,0
DA:705,0
DA:711,0
DA:712,0
LF:379
LH:0
end_of_record
SF:/home/apoelstra/dload/code/secp256k1/src/hash_impl.h
FN:36,secp256k1_sha256_initialize
FN:49,secp256k1_sha256_transform
FN:131,secp256k1_sha256_write
FN:148,secp256k1_sha256_finalize
FN:164,secp256k1_hmac_sha256_initialize
FN:192,secp256k1_hmac_sha256_write
FN:196,secp256k1_hmac_sha256_finalize
FN:205,secp256k1_rfc6979_hmac_sha256_initialize
FN:235,secp256k1_rfc6979_hmac_sha256_generate
FN:266,secp256k1_rfc6979_hmac_sha256_finalize
FNDA:0,secp256k1_sha256_initialize
FNDA:0,secp256k1_sha256_transform
FNDA:0,secp256k1_sha256_write
FNDA:0,secp256k1_sha256_finalize
FNDA:0,secp256k1_hmac_sha256_initialize
FNDA:0,secp256k1_hmac_sha256_write
FNDA:0,secp256k1_hmac_sha256_finalize
FNDA:0,secp256k1_rfc6979_hmac_sha256_initialize
FNDA:0,secp256k1_rfc6979_hmac_sha256_generate
FNDA:0,secp256k1_rfc6979_hmac_sha256_finalize
FNF:10
FNH:0
DA:36,0
DA:37,0
DA:38,0
DA:39,0
DA:40,0
DA:41,0
DA:42,0
DA:43,0
DA:44,0
DA:45,0
DA:46,0
DA:49,0
DA:50,0
DA:53,0
DA:54,0
DA:55,0
DA:56,0
DA:57,0
DA:58,0
DA:59,0
DA:60,0
DA:61,0
DA:62,0
DA:63,0
DA:64,0
DA:65,0
DA:66,0
DA:67,0
DA:68,0
DA:70,0
DA:71,0
DA:72,0
DA:73,0
DA:74,0
DA:75,0
DA:76,0
DA:77,0
DA:78,0
DA:79,0
DA:80,0
DA:81,0
DA:82,0
DA:83,0
DA:84,0
DA:85,0
DA:87,0
DA:88,0
DA:89,0
DA:90,0
DA:91,0
DA:92,0
DA:93,0
DA:94,0
DA:95,0
DA:96,0
DA:97,0
DA:98,0
DA:99,0
DA:100,0
DA:101,0
DA:102,0
DA:104,0
DA:105,0
DA:106,0
DA:107,0
DA:108,0
DA:109,0
DA:110,0
DA:111,0
DA:112,0
DA:113,0
DA:114,0
DA:115,0
DA:116,0
DA:117,0
DA:118,0
DA:119,0
DA:121,0
DA:122,0
DA:123,0
DA:124,0
DA:125,0
DA:126,0
DA:127,0
DA:128,0
DA:129,0
DA:131,0
DA:132,0
DA:133,0
DA:134,0
DA:136,0
DA:137,0
DA:138,0
DA:139,0
DA:140,0
DA:142,0
DA:144,0
DA:146,0
DA:148,0
DA:152,0
DA:153,0
DA:154,0
DA:155,0
DA:156,0
DA:157,0
DA:158,0
DA:159,0
DA:161,0
DA:162,0
DA:164,0
DA:167,0
DA:168,0
DA:169,0
DA:172,0
DA:173,0
DA:174,0
DA:175,0
DA:178,0
DA:179,0
DA:180,0
DA:182,0
DA:184,0
DA:185,0
DA:186,0
DA:188,0
DA:189,0
DA:190,0
DA:192,0
DA:193,0
DA:194,0
DA:196,0
DA:198,0
DA:199,0
DA:200,0
DA:201,0
DA:202,0
DA:205,0
DA:210,0
DA:211,0
DA:214,0
DA:215,0
DA:216,0
DA:217,0
DA:218,0
DA:219,0
DA:220,0
DA:221,0
DA:224,0
DA:225,0
DA:226,0
DA:227,0
DA:228,0
DA:229,0
DA:230,0
DA:231,0
DA:232,0
DA:233,0
DA:235,0
DA:238,0
DA:240,0
DA:241,0
DA:242,0
DA:243,0
DA:244,0
DA:245,0
DA:246,0
DA:249,0
DA:251,0
DA:252,0
DA:253,0
DA:254,0
DA:255,0
DA:256,0
DA:258,0
DA:259,0
DA:260,0
DA:263,0
DA:264,0
DA:266,0
DA:267,0
DA:268,0
DA:269,0
DA:270,0
LF:183
LH:0
end_of_record
SF:/home/apoelstra/dload/code/secp256k1/src/modules/ecdh/main_impl.h
FN:13,secp256k1_ecdh
FNDA:0,secp256k1_ecdh
FNF:1
FNH:0
DA:13,0
DA:14,0
DA:15,0
DA:19,0
DA:20,0
DA:21,0
DA:24,0
DA:25,0
DA:26,0
DA:27,0
DA:33,0
DA:34,0
DA:38,0
DA:39,0
DA:40,0
DA:41,0
DA:43,0
DA:44,0
DA:45,0
DA:46,0
DA:47,0
DA:50,0
DA:51,0
LF:23
LH:0
end_of_record
SF:/home/apoelstra/dload/code/secp256k1/src/num_gmp_impl.h
FN:25,secp256k1_num_copy
FN:29,secp256k1_num_get_bin
FN:45,secp256k1_num_set_bin
FN:62,secp256k1_num_add_abs
FN:71,secp256k1_num_sub_abs
FN:81,secp256k1_num_mod
FN:101,secp256k1_num_mod_inverse
FN:147,secp256k1_num_jacobi
FN:169,secp256k1_num_is_one
FN:173,secp256k1_num_is_zero
FN:177,secp256k1_num_is_neg
FN:181,secp256k1_num_cmp
FN:191,secp256k1_num_eq
FN:204,secp256k1_num_subadd
FN:223,secp256k1_num_add
FN:229,secp256k1_num_sub
FN:235,secp256k1_num_mul
FN:262,secp256k1_num_shift
FN:284,secp256k1_num_negate
FNDA:0,secp256k1_num_copy
FNDA:0,secp256k1_num_get_bin
FNDA:0,secp256k1_num_set_bin
FNDA:0,secp256k1_num_add_abs
FNDA:0,secp256k1_num_sub_abs
FNDA:0,secp256k1_num_mod
FNDA:0,secp256k1_num_mod_inverse
FNDA:0,secp256k1_num_jacobi
FNDA:0,secp256k1_num_is_one
FNDA:0,secp256k1_num_is_zero
FNDA:0,secp256k1_num_is_neg
FNDA:0,secp256k1_num_cmp
FNDA:0,secp256k1_num_eq
FNDA:0,secp256k1_num_subadd
FNDA:0,secp256k1_num_add
FNDA:0,secp256k1_num_sub
FNDA:0,secp256k1_num_mul
FNDA:0,secp256k1_num_shift
FNDA:0,secp256k1_num_negate
FNF:19
FNH:0
DA:25,0
DA:26,0
DA:27,0
DA:29,0
DA:31,0
DA:32,0
DA:33,0
DA:34,0
DA:36,0
DA:37,0
DA:38,0
DA:39,0
DA:40,0
DA:42,0
DA:43,0
DA:45,0
DA:49,0
DA:50,0
DA:51,0
DA:52,0
DA:55,0
DA:56,0
DA:57,0
DA:58,0
DA:60,0
DA:62,0
DA:63,0
DA:64,0
DA:65,0
DA:66,0
DA:67,0
DA:69,0
DA:71,0
DA:72,0
DA:75,0
DA:76,0
DA:77,0
DA:79,0
DA:81,0
DA:85,0
DA:87,0
DA:88,0
DA:89,0
DA:90,0
DA:91,0
DA:95,0
DA:96,0
DA:97,0
DA:99,0
DA:101,0
DA:121,0
DA:122,0
DA:123,0
DA:124,0
DA:125,0
DA:127,0
DA:128,0
DA:131,0
DA:132,0
DA:133,0
DA:134,0
DA:135,0
DA:136,0
DA:137,0
DA:140,0
DA:142,0
DA:143,0
DA:144,0
DA:145,0
DA:147,0
DA:152,0
DA:154,0
DA:156,0
DA:157,0
DA:158,0
DA:159,0
DA:162,0
DA:164,0
DA:166,0
DA:169,0
DA:170,0
DA:173,0
DA:174,0
DA:177,0
DA:178,0
DA:181,0
DA:182,0
DA:183,0
DA:185,0
DA:186,0
DA:188,0
DA:191,0
DA:192,0
DA:193,0
DA:195,0
DA:196,0
DA:198,0
DA:199,0
DA:201,0
DA:204,0
DA:205,0
DA:206,0
DA:207,0
DA:208,0
DA:210,0
DA:213,0
DA:214,0
DA:215,0
DA:217,0
DA:218,0
DA:221,0
DA:223,0
DA:226,0
DA:227,0
DA:229,0
DA:232,0
DA:233,0
DA:235,0
DA:240,0
DA:241,0
DA:242,0
DA:243,0
DA:244,0
DA:245,0
DA:247,0
DA:248,0
DA:250,0
DA:252,0
DA:253,0
DA:254,0
DA:256,0
DA:257,0
DA:258,0
DA:259,0
DA:262,0
DA:263,0
DA:265,0
DA:267,0
DA:270,0
DA:271,0
DA:272,0
DA:273,0
DA:275,0
DA:279,0
DA:280,0
DA:282,0
DA:284,0
DA:285,0
DA:286,0
LF:149
LH:0
end_of_record
SF:/home/apoelstra/dload/code/secp256k1/src/scalar_4x64_impl.h
FN:27,secp256k1_scalar_clear
FN:34,secp256k1_scalar_set_int
FN:41,secp256k1_scalar_get_bits
FN:46,secp256k1_scalar_get_bits_var
FN:57,secp256k1_scalar_check_overflow
FN:69,secp256k1_scalar_reduce
FN:83,secp256k1_scalar_add
FN:99,secp256k1_scalar_cadd_bit
FN:117,secp256k1_scalar_set_b32
FN:129,secp256k1_scalar_get_b32
FN:136,secp256k1_scalar_is_zero
FN:140,secp256k1_scalar_negate
FN:152,secp256k1_scalar_is_one
FN:156,secp256k1_scalar_is_high
FN:168,secp256k1_scalar_cond_negate
FN:270,secp256k1_scalar_reduce_512
FN:579,secp256k1_scalar_mul_512
FN:746,secp256k1_scalar_sqr_512
FN:891,secp256k1_scalar_mul
FN:897,secp256k1_scalar_shr_int
FN:909,secp256k1_scalar_sqr
FNDA:0,secp256k1_scalar_clear
FNDA:0,secp256k1_scalar_set_int
FNDA:0,secp256k1_scalar_get_bits
FNDA:0,secp256k1_scalar_get_bits_var
FNDA:0,secp256k1_scalar_check_overflow
FNDA:0,secp256k1_scalar_reduce
FNDA:0,secp256k1_scalar_add
FNDA:0,secp256k1_scalar_cadd_bit
FNDA:0,secp256k1_scalar_set_b32
FNDA:0,secp256k1_scalar_get_b32
FNDA:0,secp256k1_scalar_is_zero
FNDA:0,secp256k1_scalar_negate
FNDA:0,secp256k1_scalar_is_one
FNDA:0,secp256k1_scalar_is_high
FNDA:0,secp256k1_scalar_cond_negate
FNDA:0,secp256k1_scalar_reduce_512
FNDA:0,secp256k1_scalar_mul_512
FNDA:0,secp256k1_scalar_sqr_512
FNDA:0,secp256k1_scalar_mul
FNDA:0,secp256k1_scalar_shr_int
FNDA:0,secp256k1_scalar_sqr
FNF:21
FNH:0
DA:27,0
DA:28,0
DA:29,0
DA:30,0
DA:31,0
DA:32,0
DA:34,0
DA:35,0
DA:36,0
DA:37,0
DA:38,0
DA:39,0
DA:41,0
DA:42,0
DA:43,0
DA:46,0
DA:48,0
DA:49,0
DA:50,0
DA:52,0
DA:53,0
DA:57,0
DA:58,0
DA:59,0
DA:60,0
DA:61,0
DA:62,0
DA:63,0
DA:64,0
DA:65,0
DA:66,0
DA:69,0
DA:72,0
DA:73,0
DA:74,0
DA:75,0
DA:76,0
DA:77,0
DA:78,0
DA:79,0
DA:80,0
DA:83,0
DA:85,0
DA:86,0
DA:87,0
DA:88,0
DA:89,0
DA:90,0
DA:91,0
DA:92,0
DA:93,0
DA:94,0
DA:95,0
DA:96,0
DA:99,0
DA:102,0
DA:103,0
DA:104,0
DA:105,0
DA:106,0
DA:107,0
DA:108,0
DA:109,0
DA:110,0
DA:115,0
DA:117,0
DA:119,0
DA:120,0
DA:121,0
DA:122,0
DA:123,0
DA:124,0
DA:125,0
DA:127,0
DA:129,0
DA:130,0
DA:131,0
DA:132,0
DA:133,0
DA:134,0
DA:136,0
DA:137,0
DA:140,0
DA:141,0
DA:142,0
DA:143,0
DA:144,0
DA:145,0
DA:146,0
DA:147,0
DA:148,0
DA:149,0
DA:150,0
DA:152,0
DA:153,0
DA:156,0
DA:157,0
DA:158,0
DA:159,0
DA:160,0
DA:161,0
DA:162,0
DA:163,0
DA:164,0
DA:165,0
DA:168,0
DA:171,0
DA:172,0
DA:173,0
DA:174,0
DA:175,0
DA:176,0
DA:177,0
DA:178,0
DA:179,0
DA:180,0
DA:181,0
DA:270,0
DA:509,0
DA:517,0
DA:518,0
DA:519,0
DA:520,0
DA:521,0
DA:522,0
DA:523,0
DA:524,0
DA:525,0
DA:526,0
DA:527,0
DA:528,0
DA:529,0
DA:530,0
DA:531,0
DA:532,0
DA:533,0
DA:534,0
DA:535,0
DA:536,0
DA:537,0
DA:538,0
DA:540,0
DA:544,0
DA:545,0
DA:546,0
DA:547,0
DA:548,0
DA:549,0
DA:550,0
DA:551,0
DA:552,0
DA:553,0
DA:554,0
DA:555,0
DA:556,0
DA:557,0
DA:558,0
DA:559,0
DA:560,0
DA:565,0
DA:566,0
DA:567,0
DA:568,0
DA:569,0
DA:570,0
DA:571,0
DA:572,0
DA:576,0
DA:577,0
DA:579,0
DA:714,0
DA:715,0
DA:718,0
DA:719,0
DA:720,0
DA:721,0
DA:722,0
DA:723,0
DA:724,0
DA:725,0
DA:726,0
DA:727,0
DA:728,0
DA:729,0
DA:730,0
DA:731,0
DA:732,0
DA:733,0
DA:734,0
DA:735,0
DA:736,0
DA:737,0
DA:738,0
DA:739,0
DA:740,0
DA:742,0
DA:744,0
DA:746,0
DA:857,0
DA:858,0
DA:861,0
DA:862,0
DA:863,0
DA:864,0
DA:865,0
DA:866,0
DA:867,0
DA:868,0
DA:869,0
DA:870,0
DA:871,0
DA:872,0
DA:873,0
DA:874,0
DA:875,0
DA:876,0
DA:877,0
DA:879,0
DA:881,0
DA:891,0
DA:893,0
DA:894,0
DA:895,0
DA:897,0
DA:901,0
DA:902,0
DA:903,0
DA:904,0
DA:905,0
DA:906,0
DA:909,0
DA:911,0
DA:912,0
DA:913,0
LF:234
LH:0
end_of_record
SF:/home/apoelstra/dload/code/secp256k1/src/scalar_impl.h
FN:28,secp256k1_scalar_get_num
FN:35,secp256k1_scalar_order_get_num
FN:55,secp256k1_scalar_inverse
FN:257,secp256k1_scalar_is_even
FN:262,secp256k1_scalar_inverse_var
FNDA:0,secp256k1_scalar_get_num
FNDA:0,secp256k1_scalar_order_get_num
FNDA:0,secp256k1_scalar_inverse
FNDA:0,secp256k1_scalar_is_even
FNDA:0,secp256k1_scalar_inverse_var
FNF:5
FNH:0
DA:28,0
DA:30,0
DA:31,0
DA:32,0
DA:35,0
DA:51,0
DA:52,0
DA:55,0
DA:72,0
DA:73,0
DA:75,0
DA:76,0
DA:78,0
DA:79,0
DA:81,0
DA:82,0
DA:83,0
DA:85,0
DA:86,0
DA:88,0
DA:89,0
DA:91,0
DA:92,0
DA:93,0
DA:95,0
DA:97,0
DA:98,0
DA:99,0
DA:101,0
DA:103,0
DA:104,0
DA:105,0
DA:107,0
DA:109,0
DA:110,0
DA:111,0
DA:113,0
DA:115,0
DA:116,0
DA:117,0
DA:119,0
DA:122,0
DA:123,0
DA:124,0
DA:126,0
DA:127,0
DA:128,0
DA:130,0
DA:131,0
DA:132,0
DA:134,0
DA:135,0
DA:136,0
DA:138,0
DA:139,0
DA:140,0
DA:142,0
DA:143,0
DA:144,0
DA:146,0
DA:147,0
DA:148,0
DA:150,0
DA:151,0
DA:152,0
DA:154,0
DA:155,0
DA:156,0
DA:158,0
DA:159,0
DA:160,0
DA:162,0
DA:163,0
DA:164,0
DA:166,0
DA:167,0
DA:168,0
DA:170,0
DA:171,0
DA:172,0
DA:174,0
DA:175,0
DA:176,0
DA:178,0
DA:179,0
DA:180,0
DA:182,0
DA:183,0
DA:184,0
DA:186,0
DA:187,0
DA:188,0
DA:190,0
DA:191,0
DA:192,0
DA:194,0
DA:195,0
DA:196,0
DA:198,0
DA:199,0
DA:200,0
DA:202,0
DA:203,0
DA:204,0
DA:206,0
DA:207,0
DA:208,0
DA:210,0
DA:211,0
DA:212,0
DA:214,0
DA:215,0
DA:216,0
DA:218,0
DA:219,0
DA:220,0
DA:222,0
DA:223,0
DA:224,0
DA:226,0
DA:227,0
DA:228,0
DA:230,0
DA:231,0
DA:232,0
DA:234,0
DA:235,0
DA:236,0
DA:238,0
DA:239,0
DA:240,0
DA:242,0
DA:243,0
DA:244,0
DA:246,0
DA:247,0
DA:248,0
DA:250,0
DA:251,0
DA:252,0
DA:254,0
DA:255,0
DA:257,0
DA:258,0
DA:262,0
DA:268,0
DA:269,0
DA:270,0
DA:271,0
DA:272,0
DA:273,0
DA:274,0
DA:276,0
DA:277,0
DA:281,0
LF:155
LH:0
end_of_record
SF:/home/apoelstra/dload/code/secp256k1/src/secp256k1.c
FN:28,default_illegal_callback_fn
FN:39,default_error_callback_fn
FN:58,secp256k1_context_create
FN:83,secp256k1_context_clone
FN:92,secp256k1_context_destroy
FN:101,secp256k1_context_set_illegal_callback
FN:109,secp256k1_context_set_error_callback
FN:117,secp256k1_pubkey_load
FN:136,secp256k1_pubkey_save
FN:150,secp256k1_ec_pubkey_parse
FN:165,secp256k1_ec_pubkey_serialize
FN:188,secp256k1_ecdsa_signature_load
FN:202,secp256k1_ecdsa_signature_save
FN:212,secp256k1_ecdsa_signature_parse_der
FN:228,secp256k1_ecdsa_signature_parse_compact
FN:249,secp256k1_ecdsa_signature_serialize_der
FN:261,secp256k1_ecdsa_signature_serialize_compact
FN:274,secp256k1_ecdsa_signature_normalize
FN:293,secp256k1_ecdsa_verify
FN:310,nonce_function_rfc6979
FN:345,secp256k1_ecdsa_sign
FN:392,secp256k1_ec_seckey_verify
FN:405,secp256k1_ec_pubkey_create
FN:428,secp256k1_ec_privkey_tweak_add
FN:451,secp256k1_ec_pubkey_tweak_add
FN:475,secp256k1_ec_privkey_tweak_mul
FN:497,secp256k1_ec_pubkey_tweak_mul
FN:521,secp256k1_context_randomize
FN:528,secp256k1_ec_pubkey_combine
FNDA:0,default_illegal_callback_fn
FNDA:0,default_error_callback_fn
FNDA:0,secp256k1_context_create
FNDA:0,secp256k1_context_clone
FNDA:0,secp256k1_context_destroy
FNDA:0,secp256k1_context_set_illegal_callback
FNDA:0,secp256k1_context_set_error_callback
FNDA:0,secp256k1_pubkey_load
FNDA:0,secp256k1_pubkey_save
FNDA:0,secp256k1_ec_pubkey_parse
FNDA:0,secp256k1_ec_pubkey_serialize
FNDA:0,secp256k1_ecdsa_signature_load
FNDA:0,secp256k1_ecdsa_signature_save
FNDA:0,secp256k1_ecdsa_signature_parse_der
FNDA:0,secp256k1_ecdsa_signature_parse_compact
FNDA:0,secp256k1_ecdsa_signature_serialize_der
FNDA:0,secp256k1_ecdsa_signature_serialize_compact
FNDA:0,secp256k1_ecdsa_signature_normalize
FNDA:0,secp256k1_ecdsa_verify
FNDA:0,nonce_function_rfc6979
FNDA:0,secp256k1_ecdsa_sign
FNDA:0,secp256k1_ec_seckey_verify
FNDA:0,secp256k1_ec_pubkey_create
FNDA:0,secp256k1_ec_privkey_tweak_add
FNDA:0,secp256k1_ec_pubkey_tweak_add
FNDA:0,secp256k1_ec_privkey_tweak_mul
FNDA:0,secp256k1_ec_pubkey_tweak_mul
FNDA:0,secp256k1_context_randomize
FNDA:0,secp256k1_ec_pubkey_combine
FNF:29
FNH:0
DA:28,0
DA:30,0
DA:31,0
DA:39,0
DA:41,0
DA:42,0
DA:58,0
DA:59,0
DA:60,0
DA:61,0
DA:63,0
DA:64,0
DA:66,0
DA:67,0
DA:70,0
DA:71,0
DA:73,0
DA:74,0
DA:76,0
DA:77,0
DA:80,0
DA:83,0
DA:84,0
DA:85,0
DA:86,0
DA:87,0
DA:88,0
DA:89,0
DA:92,0
DA:93,0
DA:94,0
DA:95,0
DA:97,0
DA:99,0
DA:101,0
DA:102,0
DA:103,0
DA:105,0
DA:106,0
DA:107,0
DA:109,0
DA:110,0
DA:111,0
DA:113,0
DA:114,0
DA:115,0
DA:117,0
DA:123,0
DA:124,0
DA:132,0
DA:133,0
DA:136,0
DA:139,0
DA:140,0
DA:148,0
DA:150,0
DA:154,0
DA:155,0
DA:156,0
DA:157,0
DA:158,0
DA:160,0
DA:161,0
DA:162,0
DA:165,0
DA:168,0
DA:171,0
DA:172,0
DA:173,0
DA:174,0
DA:175,0
DA:176,0
DA:177,0
DA:178,0
DA:179,0
DA:180,0
DA:181,0
DA:182,0
DA:185,0
DA:188,0
DA:194,0
DA:195,0
DA:200,0
DA:202,0
DA:204,0
DA:205,0
DA:210,0
DA:212,0
DA:216,0
DA:217,0
DA:219,0
DA:220,0
DA:221,0
DA:223,0
DA:224,0
DA:228,0
DA:230,0
DA:231,0
DA:234,0
DA:235,0
DA:237,0
DA:238,0
DA:239,0
DA:240,0
DA:241,0
DA:242,0
DA:244,0
DA:246,0
DA:249,0
DA:253,0
DA:254,0
DA:255,0
DA:257,0
DA:258,0
DA:261,0
DA:265,0
DA:266,0
DA:268,0
DA:269,0
DA:270,0
DA:271,0
DA:274,0
DA:276,0
DA:279,0
DA:281,0
DA:282,0
DA:283,0
DA:284,0
DA:285,0
DA:287,0
DA:290,0
DA:293,0
DA:298,0
DA:299,0
DA:300,0
DA:301,0
DA:303,0
DA:304,0
DA:305,0
DA:306,0
DA:307,0
DA:310,0
DA:312,0
DA:323,0
DA:324,0
DA:325,0
DA:326,0
DA:327,0
DA:329,0
DA:330,0
DA:331,0
DA:333,0
DA:334,0
DA:335,0
DA:336,0
DA:338,0
DA:339,0
DA:345,0
DA:348,0
DA:349,0
DA:351,0
DA:352,0
DA:353,0
DA:354,0
DA:355,0
DA:356,0
DA:359,0
DA:361,0
DA:363,0
DA:364,0
DA:366,0
DA:367,0
DA:368,0
DA:370,0
DA:371,0
DA:373,0
DA:374,0
DA:377,0
DA:379,0
DA:380,0
DA:381,0
DA:382,0
DA:384,0
DA:385,0
DA:387,0
DA:389,0
DA:392,0
DA:397,0
DA:399,0
DA:400,0
DA:401,0
DA:402,0
DA:405,0
DA:410,0
DA:412,0
DA:413,0
DA:414,0
DA:415,0
DA:417,0
DA:418,0
DA:419,0
DA:420,0
DA:421,0
DA:422,0
DA:424,0
DA:425,0
DA:428,0
DA:431,0
DA:432,0
DA:434,0
DA:435,0
DA:437,0
DA:438,0
DA:440,0
DA:441,0
DA:442,0
DA:443,0
DA:446,0
DA:447,0
DA:448,0
DA:451,0
DA:454,0
DA:455,0
DA:457,0
DA:458,0
DA:459,0
DA:461,0
DA:462,0
DA:463,0
DA:464,0
DA:465,0
DA:466,0
DA:468,0
DA:472,0
DA:475,0
DA:478,0
DA:479,0
DA:481,0
DA:482,0
DA:484,0
DA:485,0
DA:486,0
DA:487,0
DA:488,0
DA:489,0
DA:492,0
DA:493,0
DA:494,0
DA:497,0
DA:500,0
DA:501,0
DA:503,0
DA:504,0
DA:505,0
DA:507,0
DA:508,0
DA:509,0
DA:510,0
DA:511,0
DA:512,0
DA:514,0
DA:518,0
DA:521,0
DA:523,0
DA:524,0
DA:525,0
DA:528,0
DA:533,0
DA:534,0
DA:535,0
DA:536,0
DA:538,0
DA:540,0
DA:541,0
DA:542,0
DA:544,0
DA:545,0
DA:547,0
DA:548,0
DA:549,0
LF:280
LH:0
end_of_record
SF:/home/apoelstra/dload/code/secp256k1/src/util.h
FN:23,secp256k1_callback_call
FN:68,checked_malloc
FNDA:0,secp256k1_callback_call
FNDA:0,checked_malloc
FNF:2
FNH:0
DA:23,0
DA:24,0
DA:25,0
DA:68,0
DA:69,0
DA:70,0
DA:71,0
DA:73,0
LF:8
LH:0
end_of_record
