TN:
SF:/home/apoelstra/dload/code/secp256k1/contrib/lax_der_parsing.c
FN:12,ecdsa_signature_parse_der_lax
FNDA:288,ecdsa_signature_parse_der_lax
FNF:1
FNH:1
BRDA:23,4294967295,0,288
BRDA:23,4294967295,1,0
BRDA:23,0,2,11
BRDA:23,0,3,277
BRDA:29,0,0,1
BRDA:29,0,1,276
BRDA:33,0,0,135
BRDA:33,0,1,141
BRDA:35,0,0,2
BRDA:35,0,1,133
BRDA:42,0,0,272
BRDA:42,0,1,2
BRDA:42,1,2,15
BRDA:42,1,3,257
BRDA:48,0,0,1
BRDA:48,0,1,256
BRDA:52,0,0,87
BRDA:52,0,1,169
BRDA:54,0,0,2
BRDA:54,0,1,85
BRDA:57,1,0,587
BRDA:57,1,1,12
BRDA:57,2,2,514
BRDA:57,2,3,73
BRDA:61,0,0,7
BRDA:61,0,1,78
BRDA:65,1,0,129
BRDA:65,1,1,78
BRDA:73,0,0,11
BRDA:73,0,1,236
BRDA:80,0,0,235
BRDA:80,0,1,1
BRDA:80,1,2,24
BRDA:80,1,3,211
BRDA:86,0,0,1
BRDA:86,0,1,210
BRDA:90,0,0,62
BRDA:90,0,1,148
BRDA:92,0,0,1
BRDA:92,0,1,61
BRDA:95,1,0,438
BRDA:95,1,1,7
BRDA:95,2,2,384
BRDA:95,2,3,54
BRDA:99,0,0,4
BRDA:99,0,1,57
BRDA:103,1,0,109
BRDA:103,1,1,57
BRDA:111,0,0,20
BRDA:111,0,1,185
BRDA:118,1,0,1767
BRDA:118,1,1,21
BRDA:118,2,2,1603
BRDA:118,2,3,164
BRDA:123,0,0,13
BRDA:123,0,1,172
BRDA:130,1,0,1098
BRDA:130,1,1,20
BRDA:130,2,2,933
BRDA:130,2,3,165
BRDA:135,0,0,18
BRDA:135,0,1,167
BRDA:141,0,0,162
BRDA:141,0,1,23
BRDA:144,0,0,33
BRDA:144,0,1,152
BRF:66
BRH:65
DA:12,288
DA:14,288
DA:16,288
DA:17,288
DA:20,288
DA:23,288
DA:24,11
DA:26,277
DA:29,277
DA:30,1
DA:32,276
DA:33,276
DA:34,135
DA:35,135
DA:36,2
DA:38,133
DA:42,274
DA:43,17
DA:45,257
DA:48,257
DA:49,1
DA:51,256
DA:52,256
DA:53,87
DA:54,87
DA:55,2
DA:57,599
DA:58,514
DA:59,514
DA:61,85
DA:62,7
DA:64,78
DA:65,207
DA:66,129
DA:67,129
DA:68,129
DA:71,169
DA:73,247
DA:74,11
DA:76,236
DA:77,236
DA:80,236
DA:81,25
DA:83,211
DA:86,211
DA:87,1
DA:89,210
DA:90,210
DA:91,62
DA:92,62
DA:93,1
DA:95,445
DA:96,384
DA:97,384
DA:99,61
DA:100,4
DA:102,57
DA:103,166
DA:104,109
DA:105,109
DA:106,109
DA:109,148
DA:111,205
DA:112,20
DA:114,185
DA:115,185
DA:118,1788
DA:119,1603
DA:120,1603
DA:123,185
DA:124,13
DA:126,172
DA:130,1118
DA:131,933
DA:132,933
DA:135,185
DA:136,18
DA:138,167
DA:141,185
DA:142,162
DA:144,185
DA:145,33
DA:146,33
DA:148,288
LF:84
LH:84
end_of_record
SF:/home/apoelstra/dload/code/secp256k1/contrib/lax_der_privatekey_parsing.c
FN:12,ec_privkey_import_der
FN:56,ec_privkey_export_der
FNDA:0,ec_privkey_import_der
FNDA:0,ec_privkey_export_der
FNF:2
FNH:0
BRDA:18,0,0,-
BRDA:18,0,1,-
BRDA:18,1,2,-
BRDA:18,1,3,-
BRDA:23,0,0,-
BRDA:23,0,1,-
BRDA:23,1,2,-
BRDA:23,1,3,-
BRDA:27,0,0,-
BRDA:27,0,1,-
BRDA:27,1,2,-
BRDA:27,1,3,-
BRDA:30,0,0,-
BRDA:30,0,1,-
BRDA:34,0,0,-
BRDA:34,0,1,-
BRDA:36,0,0,-
BRDA:36,0,1,-
BRDA:40,0,0,-
BRDA:40,0,1,-
BRDA:40,1,2,-
BRDA:40,1,3,-
BRDA:40,2,4,-
BRDA:40,2,5,-
BRDA:40,3,6,-
BRDA:40,3,7,-
BRDA:45,0,0,-
BRDA:45,0,1,-
BRDA:45,1,2,-
BRDA:45,1,3,-
BRDA:45,2,4,-
BRDA:45,2,5,-
BRDA:45,3,6,-
BRDA:45,3,7,-
BRDA:49,0,1,-
BRDA:49,0,2,-
BRDA:59,0,1,-
BRDA:59,0,2,-
BRDA:63,0,0,-
BRDA:63,0,1,-
BRF:40
BRH:0
DA:12,0
DA:13,0
DA:14,0
DA:15,0
DA:16,0
DA:18,0
DA:19,0
DA:21,0
DA:23,0
DA:24,0
DA:26,0
DA:27,0
DA:28,0
DA:30,0
DA:31,0
DA:34,0
DA:35,0
DA:36,0
DA:37,0
DA:40,0
DA:41,0
DA:43,0
DA:45,0
DA:46,0
DA:48,0
DA:49,0
DA:50,0
DA:51,0
DA:53,0
DA:56,0
DA:58,0
DA:59,0
DA:60,0
DA:61,0
DA:63,0
DA:78,0
DA:79,0
DA:80,0
DA:81,0
DA:82,0
DA:83,0
DA:84,0
DA:85,0
DA:103,0
DA:104,0
DA:105,0
DA:106,0
DA:107,0
DA:108,0
DA:109,0
DA:110,0
DA:112,0
LF:52
LH:0
end_of_record
SF:/home/apoelstra/dload/code/secp256k1/src/ecdsa_impl.h
FN:49,secp256k1_der_read_len
FN:101,secp256k1_der_parse_integer
FN:147,secp256k1_ecdsa_sig_parse
FN:179,secp256k1_ecdsa_sig_serialize
FN:203,secp256k1_ecdsa_sig_verify
FN:275,secp256k1_ecdsa_sig_sign
FNDA:524,secp256k1_der_read_len
FNDA:249,secp256k1_der_parse_integer
FNDA:288,secp256k1_ecdsa_sig_parse
FNDA:189,secp256k1_ecdsa_sig_serialize
FNDA:0,secp256k1_ecdsa_sig_verify
FNDA:0,secp256k1_ecdsa_sig_sign
FNF:6
FNH:4
BRDA:52,0,0,2
BRDA:52,0,1,522
BRDA:56,0,0,2
BRDA:56,0,1,520
BRDA:60,0,0,351
BRDA:60,0,1,169
BRDA:64,0,0,102
BRDA:64,0,1,67
BRDA:70,0,0,2
BRDA:70,0,1,65
BRDA:73,0,0,15
BRDA:73,0,1,50
BRDA:77,0,0,2
BRDA:77,0,1,48
BRDA:83,1,0,78
BRDA:83,1,1,31
BRDA:87,0,0,17
BRDA:87,0,1,61
BRDA:94,0,0,19
BRDA:94,0,1,12
BRDA:106,0,0,248
BRDA:106,0,1,1
BRDA:106,1,2,1
BRDA:106,1,3,247
BRDA:112,4294967295,0,211
BRDA:112,4294967295,1,36
BRDA:112,0,2,0
BRDA:112,0,3,211
BRDA:116,0,0,100
BRDA:116,0,1,111
BRDA:116,1,2,86
BRDA:116,1,3,14
BRDA:116,2,4,16
BRDA:116,2,5,70
BRDA:120,0,0,11
BRDA:120,0,1,184
BRDA:120,1,2,6
BRDA:120,1,3,5
BRDA:120,2,4,2
BRDA:120,2,5,4
BRDA:124,0,0,15
BRDA:124,0,1,178
BRDA:128,1,0,263
BRDA:128,1,1,14
BRDA:128,2,2,84
BRDA:128,2,3,179
BRDA:133,0,0,3
BRDA:133,0,1,190
BRDA:136,0,0,175
BRDA:136,0,1,18
BRDA:140,0,0,22
BRDA:140,0,1,171
BRDA:150,0,0,288
BRDA:150,0,1,0
BRDA:150,1,2,11
BRDA:150,1,3,277
BRDA:155,4294967295,0,150
BRDA:155,4294967295,1,127
BRDA:155,0,2,1
BRDA:155,0,3,149
BRDA:159,0,0,7
BRDA:159,0,1,142
BRDA:164,0,1,35
BRDA:164,0,2,107
BRDA:167,0,1,21
BRDA:167,0,2,86
BRDA:171,0,0,11
BRDA:171,0,1,75
BRDA:185,1,0,4857
BRDA:185,1,1,28
BRDA:185,2,2,4785
BRDA:185,2,3,72
BRDA:185,3,4,4696
BRDA:185,3,5,89
BRDA:186,2,0,5227
BRDA:186,2,1,31
BRDA:186,3,2,5151
BRDA:186,3,3,76
BRDA:186,4,4,5069
BRDA:186,4,5,82
BRDA:187,0,0,0
BRDA:187,0,1,189
BRDA:212,0,1,-
BRDA:212,0,2,-
BRDA:212,1,4,-
BRDA:212,1,5,-
BRDA:221,4294967295,1,-
BRDA:221,4294967295,2,-
BRDA:258,4294967295,1,-
BRDA:258,4294967295,2,-
BRDA:262,0,1,-
BRDA:262,0,2,-
BRDA:267,4294967295,1,-
BRDA:267,4294967295,2,-
BRDA:288,4294967295,1,-
BRDA:288,4294967295,2,-
BRDA:296,0,0,-
BRDA:296,0,1,-
BRDA:300,0,0,-
BRDA:300,0,1,-
BRDA:309,4294967295,1,-
BRDA:309,4294967295,2,-
BRDA:312,0,1,-
BRDA:312,0,2,-
BRDA:314,4294967295,0,-
BRDA:314,4294967295,1,-
BRF:106
BRH:79
DA:49,524
DA:51,524
DA:52,524
DA:53,2
DA:55,522
DA:56,522
DA:58,2
DA:60,520
DA:62,351
DA:64,169
DA:66,102
DA:69,67
DA:70,67
DA:71,2
DA:73,65
DA:75,15
DA:77,50
DA:81,2
DA:83,109
DA:84,78
DA:86,78
DA:87,78
DA:89,17
DA:91,61
DA:92,61
DA:94,31
DA:96,19
DA:98,12
DA:101,249
DA:102,249
DA:103,249
DA:106,249
DA:108,2
DA:110,247
DA:111,247
DA:112,247
DA:114,36
DA:116,211
DA:118,16
DA:120,195
DA:122,2
DA:124,193
DA:126,15
DA:128,277
DA:130,84
DA:131,84
DA:133,193
DA:134,3
DA:136,193
DA:137,175
DA:138,175
DA:140,193
DA:141,22
DA:143,193
DA:144,249
DA:147,288
DA:148,288
DA:150,288
DA:152,11
DA:154,277
DA:155,277
DA:157,128
DA:159,149
DA:161,7
DA:164,142
DA:165,35
DA:167,107
DA:168,21
DA:171,86
DA:173,11
DA:176,75
DA:179,189
DA:180,189
DA:181,189
DA:182,189
DA:183,189
DA:184,189
DA:185,4885
DA:186,5258
DA:187,189
DA:188,0
DA:189,0
DA:191,189
DA:192,189
DA:193,189
DA:194,189
DA:195,189
DA:196,189
DA:197,189
DA:198,189
DA:199,189
DA:200,189
DA:203,0
DA:212,0
DA:213,0
DA:216,0
DA:217,0
DA:218,0
DA:219,0
DA:220,0
DA:221,0
DA:222,0
DA:239,0
DA:240,0
DA:258,0
DA:260,0
DA:262,0
DA:264,0
DA:266,0
DA:267,0
DA:269,0
DA:271,0
DA:275,0
DA:280,0
DA:282,0
DA:283,0
DA:284,0
DA:285,0
DA:286,0
DA:287,0
DA:288,0
DA:292,0
DA:293,0
DA:294,0
DA:296,0
DA:300,0
DA:302,0
DA:303,0
DA:304,0
DA:305,0
DA:306,0
DA:307,0
DA:308,0
DA:309,0
DA:310,0
DA:312,0
DA:313,0
DA:314,0
DA:315,0
DA:318,0
LF:140
LH:90
end_of_record
SF:/home/apoelstra/dload/code/secp256k1/src/eckey_impl.h
FN:17,secp256k1_eckey_pubkey_parse
FN:36,secp256k1_eckey_pubkey_serialize
FN:54,secp256k1_eckey_privkey_tweak_add
FN:62,secp256k1_eckey_pubkey_tweak_add
FN:76,secp256k1_eckey_privkey_tweak_mul
FN:85,secp256k1_eckey_pubkey_tweak_mul
FNDA:0,secp256k1_eckey_pubkey_parse
FNDA:0,secp256k1_eckey_pubkey_serialize
FNDA:0,secp256k1_eckey_privkey_tweak_add
FNDA:0,secp256k1_eckey_pubkey_tweak_add
FNDA:0,secp256k1_eckey_privkey_tweak_mul
FNDA:0,secp256k1_eckey_pubkey_tweak_mul
FNF:6
FNH:0
BRDA:18,0,0,-
BRDA:18,0,1,-
BRDA:18,1,2,-
BRDA:18,1,3,-
BRDA:18,2,4,-
BRDA:18,2,5,-
BRDA:20,0,1,-
BRDA:20,0,2,-
BRDA:20,1,4,-
BRDA:20,1,5,-
BRDA:21,0,0,-
BRDA:21,0,1,-
BRDA:21,1,2,-
BRDA:21,1,3,-
BRDA:21,2,4,-
BRDA:21,2,5,-
BRDA:21,3,6,-
BRDA:21,3,7,-
BRDA:23,0,1,-
BRDA:23,0,2,-
BRDA:23,1,4,-
BRDA:23,1,5,-
BRDA:27,4294967295,0,-
BRDA:27,4294967295,1,-
BRDA:27,0,2,-
BRDA:27,0,3,-
BRDA:27,1,5,-
BRDA:27,1,6,-
BRDA:37,0,1,-
BRDA:37,0,2,-
BRDA:43,4294967295,0,-
BRDA:43,4294967295,1,-
BRDA:45,0,1,-
BRDA:45,0,2,-
BRDA:56,4294967295,1,-
BRDA:56,4294967295,2,-
BRDA:69,4294967295,1,-
BRDA:69,4294967295,2,-
BRDA:77,0,1,-
BRDA:77,0,2,-
BRDA:88,0,1,-
BRDA:88,0,2,-
BRF:42
BRH:0
DA:17,0
DA:18,0
DA:20,0
DA:21,0
DA:23,0
DA:24,0
DA:26,0
DA:27,0
DA:28,0
DA:30,0
DA:32,0
DA:36,0
DA:37,0
DA:38,0
DA:40,0
DA:41,0
DA:42,0
DA:43,0
DA:44,0
DA:45,0
DA:47,0
DA:48,0
DA:49,0
DA:51,0
DA:54,0
DA:55,0
DA:56,0
DA:57,0
DA:59,0
DA:62,0
DA:65,0
DA:66,0
DA:67,0
DA:69,0
DA:70,0
DA:72,0
DA:73,0
DA:76,0
DA:77,0
DA:78,0
DA:81,0
DA:82,0
DA:85,0
DA:88,0
DA:89,0
DA:92,0
DA:93,0
DA:94,0
DA:95,0
DA:96,0
LF:50
LH:0
end_of_record
SF:/home/apoelstra/dload/code/secp256k1/src/ecmult_const_impl.h
FN:57,secp256k1_wnaf_const
FN:122,secp256k1_ecmult_const
FNDA:0,secp256k1_wnaf_const
FNDA:0,secp256k1_ecmult_const
FNF:2
FNH:0
BRDA:97,0,0,-
BRDA:97,0,1,-
BRDA:105,4294967295,0,-
BRDA:105,4294967295,1,-
BRDA:157,0,0,-
BRDA:157,0,1,-
BRDA:171,0,0,-
BRDA:171,0,1,-
BRDA:171,5,4,-
BRDA:171,5,5,-
BRDA:180,0,0,-
BRDA:180,0,1,-
BRDA:183,1,0,-
BRDA:183,1,1,-
BRDA:188,0,0,-
BRDA:188,0,1,-
BRDA:188,5,4,-
BRDA:188,5,5,-
BRF:18
BRH:0
DA:57,0
DA:59,0
DA:60,0
DA:79,0
DA:81,0
DA:83,0
DA:84,0
DA:85,0
DA:91,0
DA:92,0
DA:93,0
DA:96,0
DA:97,0
DA:102,0
DA:104,0
DA:105,0
DA:106,0
DA:107,0
DA:110,0
DA:112,0
DA:114,0
DA:116,0
DA:117,0
DA:118,0
DA:122,0
DA:137,0
DA:146,0
DA:155,0
DA:156,0
DA:157,0
DA:158,0
DA:169,0
DA:171,0
DA:172,0
DA:180,0
DA:183,0
DA:184,0
DA:187,0
DA:188,0
DA:190,0
DA:199,0
DA:203,0
DA:210,0
DA:211,0
DA:212,0
DA:213,0
DA:217,0
DA:220,0
DA:226,0
DA:227,0
DA:228,0
DA:237,0
LF:52
LH:0
end_of_record
SF:/home/apoelstra/dload/code/secp256k1/src/ecmult_gen_impl.h
FN:17,secp256k1_ecmult_gen_context_init
FN:21,secp256k1_ecmult_gen_context_build
FN:94,secp256k1_ecmult_gen_context_is_built
FN:98,secp256k1_ecmult_gen_context_clone
FN:115,secp256k1_ecmult_gen_context_clear
FN:124,secp256k1_ecmult_gen
FN:159,secp256k1_ecmult_gen_blind
FNDA:1,secp256k1_ecmult_gen_context_init
FNDA:0,secp256k1_ecmult_gen_context_build
FNDA:0,secp256k1_ecmult_gen_context_is_built
FNDA:0,secp256k1_ecmult_gen_context_clone
FNDA:0,secp256k1_ecmult_gen_context_clear
FNDA:0,secp256k1_ecmult_gen
FNDA:0,secp256k1_ecmult_gen_blind
FNF:7
FNH:1
BRDA:29,0,0,-
BRDA:29,0,1,-
BRDA:100,0,0,-
BRDA:100,0,1,-
BRDA:135,0,0,-
BRDA:135,0,1,-
BRDA:137,0,0,-
BRDA:137,0,1,-
BRDA:167,0,0,-
BRDA:167,0,1,-
BRDA:180,4294967295,0,-
BRDA:180,4294967295,1,-
BRDA:183,0,0,-
BRDA:183,0,1,-
BRDA:190,4294967295,0,-
BRDA:190,4294967295,1,-
BRDA:199,4294967295,0,-
BRDA:199,4294967295,1,-
BRF:18
BRH:0
DA:17,1
DA:18,1
DA:19,1
DA:21,0
DA:29,0
DA:30,0
DA:89,0
DA:91,0
DA:94,0
DA:95,0
DA:98,0
DA:100,0
DA:101,0
DA:108,0
DA:110,0
DA:111,0
DA:113,0
DA:115,0
DA:119,0
DA:120,0
DA:121,0
DA:122,0
DA:124,0
DA:130,0
DA:131,0
DA:133,0
DA:134,0
DA:135,0
DA:136,0
DA:137,0
DA:148,0
DA:150,0
DA:151,0
DA:153,0
DA:154,0
DA:155,0
DA:156,0
DA:159,0
DA:166,0
DA:167,0
DA:169,0
DA:170,0
DA:171,0
DA:174,0
DA:179,0
DA:180,0
DA:181,0
DA:183,0
DA:184,0
DA:187,0
DA:188,0
DA:189,0
DA:190,0
DA:192,0
DA:193,0
DA:195,0
DA:196,0
DA:198,0
DA:199,0
DA:200,0
DA:201,0
DA:202,0
DA:203,0
DA:204,0
DA:205,0
DA:206,0
DA:207,0
DA:208,0
LF:68
LH:3
end_of_record
SF:/home/apoelstra/dload/code/secp256k1/src/ecmult_impl.h
FN:54,secp256k1_ecmult_odd_multiples_table
FN:104,secp256k1_ecmult_odd_multiples_table_globalz_windowa
FN:114,secp256k1_ecmult_odd_multiples_table_storage_var
FN:159,secp256k1_ecmult_context_init
FN:166,secp256k1_ecmult_context_build
FN:198,secp256k1_ecmult_context_clone
FN:218,secp256k1_ecmult_context_is_built
FN:222,secp256k1_ecmult_context_clear
FN:237,secp256k1_ecmult_wnaf
FN:288,secp256k1_ecmult
FNDA:0,secp256k1_ecmult_odd_multiples_table
FNDA:0,secp256k1_ecmult_odd_multiples_table_globalz_windowa
FNDA:0,secp256k1_ecmult_odd_multiples_table_storage_var
FNDA:1,secp256k1_ecmult_context_init
FNDA:0,secp256k1_ecmult_context_build
FNDA:0,secp256k1_ecmult_context_clone
FNDA:0,secp256k1_ecmult_context_is_built
FNDA:0,secp256k1_ecmult_context_clear
FNDA:0,secp256k1_ecmult_wnaf
FNDA:0,secp256k1_ecmult
FNF:10
FNH:1
BRDA:78,0,0,-
BRDA:78,0,1,-
BRDA:125,0,0,-
BRDA:125,0,1,-
BRDA:169,0,0,-
BRDA:169,0,1,-
BRDA:200,0,0,-
BRDA:200,0,1,-
BRDA:245,0,0,-
BRDA:245,0,1,-
BRDA:245,1,2,-
BRDA:245,1,3,-
BRDA:247,0,0,-
BRDA:247,0,1,-
BRDA:247,1,2,-
BRDA:247,1,3,-
BRDA:251,0,1,-
BRDA:251,0,2,-
BRDA:256,1,0,-
BRDA:256,1,1,-
BRDA:259,0,1,-
BRDA:259,0,2,-
BRDA:265,0,0,-
BRDA:265,0,1,-
BRDA:280,0,0,-
BRDA:280,0,1,-
BRDA:281,1,0,-
BRDA:281,1,1,-
BRDA:282,0,1,-
BRDA:282,0,2,-
BRDA:364,4294967295,0,-
BRDA:364,4294967295,1,-
BRDA:371,1,0,-
BRDA:371,1,1,-
BRDA:392,4294967295,0,-
BRDA:392,4294967295,1,-
BRDA:392,0,2,-
BRDA:392,0,3,-
BRDA:393,0,0,-
BRDA:393,0,1,-
BRDA:396,0,0,-
BRDA:396,0,1,-
BRDA:396,1,2,-
BRDA:396,1,3,-
BRDA:397,0,0,-
BRDA:397,0,1,-
BRDA:403,0,0,-
BRDA:403,0,1,-
BRF:48
BRH:0
DA:54,0
DA:59,0
DA:61,0
DA:67,0
DA:68,0
DA:69,0
DA:71,0
DA:72,0
DA:73,0
DA:74,0
DA:75,0
DA:77,0
DA:78,0
DA:79,0
DA:86,0
DA:87,0
DA:104,0
DA:109,0
DA:111,0
DA:112,0
DA:114,0
DA:115,0
DA:116,0
DA:117,0
DA:121,0
DA:123,0
DA:125,0
DA:126,0
DA:129,0
DA:130,0
DA:131,0
DA:132,0
DA:159,1
DA:160,1
DA:164,1
DA:166,0
DA:169,0
DA:170,0
DA:174,0
DA:176,0
DA:179,0
DA:198,0
DA:200,0
DA:201,0
DA:203,0
DA:204,0
DA:205,0
DA:216,0
DA:218,0
DA:219,0
DA:222,0
DA:223,0
DA:227,0
DA:228,0
DA:237,0
DA:238,0
DA:239,0
DA:240,0
DA:241,0
DA:242,0
DA:245,0
DA:247,0
DA:249,0
DA:251,0
DA:252,0
DA:253,0
DA:256,0
DA:259,0
DA:260,0
DA:261,0
DA:264,0
DA:265,0
DA:266,0
DA:269,0
DA:271,0
DA:272,0
DA:274,0
DA:275,0
DA:277,0
DA:280,0
DA:281,0
DA:282,0
DA:285,0
DA:288,0
DA:329,0
DA:330,0
DA:343,0
DA:363,0
DA:364,0
DA:365,0
DA:369,0
DA:371,0
DA:373,0
DA:392,0
DA:393,0
DA:394,0
DA:396,0
DA:397,0
DA:398,0
DA:403,0
DA:404,0
DA:406,0
LF:102
LH:3
end_of_record
SF:/home/apoelstra/dload/code/secp256k1/src/field_5x52_impl.h
FN:33,secp256k1_fe_verify
FN:58,secp256k1_fe_normalize
FN:101,secp256k1_fe_normalize_weak
FN:125,secp256k1_fe_normalize_var
FN:169,secp256k1_fe_normalizes_to_zero
FN:192,secp256k1_fe_normalizes_to_zero_var
FN:233,secp256k1_fe_set_int
FN:243,secp256k1_fe_is_zero
FN:252,secp256k1_fe_is_odd
FN:260,secp256k1_fe_clear
FN:271,secp256k1_fe_cmp_var
FN:290,secp256k1_fe_set_b32
FN:313,secp256k1_fe_get_b32
FN:331,secp256k1_fe_negate
FN:348,secp256k1_fe_mul_int
FN:361,secp256k1_fe_add
FN:377,secp256k1_fe_mul
FN:393,secp256k1_fe_sqr
FN:406,secp256k1_fe_cmov
FN:423,secp256k1_fe_storage_cmov
FN:433,secp256k1_fe_to_storage
FN:443,secp256k1_fe_from_storage
FNDA:0,secp256k1_fe_verify
FNDA:0,secp256k1_fe_normalize
FNDA:0,secp256k1_fe_normalize_weak
FNDA:0,secp256k1_fe_normalize_var
FNDA:0,secp256k1_fe_normalizes_to_zero
FNDA:0,secp256k1_fe_normalizes_to_zero_var
FNDA:0,secp256k1_fe_set_int
FNDA:0,secp256k1_fe_is_zero
FNDA:0,secp256k1_fe_is_odd
FNDA:0,secp256k1_fe_clear
FNDA:0,secp256k1_fe_cmp_var
FNDA:0,secp256k1_fe_set_b32
FNDA:0,secp256k1_fe_get_b32
FNDA:0,secp256k1_fe_negate
FNDA:0,secp256k1_fe_mul_int
FNDA:0,secp256k1_fe_add
FNDA:0,secp256k1_fe_mul
FNDA:0,secp256k1_fe_sqr
FNDA:0,secp256k1_fe_cmov
FNDA:0,secp256k1_fe_storage_cmov
FNDA:0,secp256k1_fe_to_storage
FNDA:0,secp256k1_fe_from_storage
FNF:22
FNH:0
BRDA:35,0,0,-
BRDA:35,0,1,-
BRDA:44,0,0,-
BRDA:44,0,1,-
BRDA:46,0,0,-
BRDA:46,0,1,-
BRDA:46,1,2,-
BRDA:46,1,3,-
BRDA:46,2,4,-
BRDA:46,2,5,-
BRDA:146,0,0,-
BRDA:146,0,1,-
BRDA:211,0,0,-
BRDA:211,0,1,-
BRDA:266,2,0,-
BRDA:266,2,1,-
BRDA:279,1,0,-
BRDA:279,1,1,-
BRDA:280,0,0,-
BRDA:280,0,1,-
BRDA:283,0,0,-
BRDA:283,0,1,-
BRDA:293,2,0,-
BRDA:293,2,1,-
BRDA:295,2,0,-
BRDA:295,2,1,-
BRDA:301,0,0,-
BRDA:301,0,1,-
BRDA:301,1,2,-
BRDA:301,1,3,-
BRDA:301,2,4,-
BRDA:301,2,5,-
BRDA:319,1,0,-
BRDA:319,1,1,-
BRDA:322,2,0,-
BRDA:322,2,1,-
BRDA:416,0,0,-
BRDA:416,0,1,-
BRF:38
BRH:0
DA:33,0
DA:34,0
DA:35,0
DA:37,0
DA:38,0
DA:39,0
DA:40,0
DA:41,0
DA:42,0
DA:43,0
DA:44,0
DA:45,0
DA:46,0
DA:47,0
DA:51,0
DA:58,0
DA:59,0
DA:63,0
DA:66,0
DA:67,0
DA:68,0
DA:69,0
DA:70,0
DA:73,0
DA:76,0
DA:77,0
DA:80,0
DA:81,0
DA:82,0
DA:83,0
DA:84,0
DA:87,0
DA:90,0
DA:92,0
DA:95,0
DA:96,0
DA:97,0
DA:99,0
DA:101,0
DA:102,0
DA:105,0
DA:108,0
DA:109,0
DA:110,0
DA:111,0
DA:112,0
DA:115,0
DA:117,0
DA:120,0
DA:121,0
DA:123,0
DA:125,0
DA:126,0
DA:130,0
DA:133,0
DA:134,0
DA:135,0
DA:136,0
DA:137,0
DA:140,0
DA:143,0
DA:144,0
DA:146,0
DA:147,0
DA:148,0
DA:149,0
DA:150,0
DA:151,0
DA:154,0
DA:157,0
DA:160,0
DA:163,0
DA:164,0
DA:165,0
DA:167,0
DA:169,0
DA:170,0
DA:176,0
DA:179,0
DA:180,0
DA:181,0
DA:182,0
DA:183,0
DA:184,0
DA:187,0
DA:189,0
DA:192,0
DA:197,0
DA:198,0
DA:201,0
DA:204,0
DA:207,0
DA:208,0
DA:211,0
DA:212,0
DA:215,0
DA:216,0
DA:217,0
DA:219,0
DA:221,0
DA:222,0
DA:223,0
DA:224,0
DA:225,0
DA:228,0
DA:230,0
DA:233,0
DA:234,0
DA:235,0
DA:237,0
DA:238,0
DA:239,0
DA:241,0
DA:243,0
DA:244,0
DA:247,0
DA:249,0
DA:252,0
DA:255,0
DA:257,0
DA:260,0
DA:263,0
DA:264,0
DA:266,0
DA:267,0
DA:269,0
DA:271,0
DA:276,0
DA:277,0
DA:279,0
DA:280,0
DA:281,0
DA:283,0
DA:284,0
DA:287,0
DA:290,0
DA:292,0
DA:293,0
DA:295,0
DA:296,0
DA:297,0
DA:298,0
DA:301,0
DA:302,0
DA:305,0
DA:306,0
DA:307,0
DA:309,0
DA:313,0
DA:317,0
DA:319,0
DA:321,0
DA:322,0
DA:323,0
DA:324,0
DA:325,0
DA:327,0
DA:329,0
DA:331,0
DA:333,0
DA:334,0
DA:336,0
DA:337,0
DA:338,0
DA:339,0
DA:340,0
DA:342,0
DA:343,0
DA:344,0
DA:346,0
DA:348,0
DA:349,0
DA:350,0
DA:351,0
DA:352,0
DA:353,0
DA:355,0
DA:356,0
DA:357,0
DA:359,0
DA:361,0
DA:363,0
DA:365,0
DA:366,0
DA:367,0
DA:368,0
DA:369,0
DA:371,0
DA:372,0
DA:373,0
DA:375,0
DA:377,0
DA:379,0
DA:380,0
DA:381,0
DA:382,0
DA:385,0
DA:387,0
DA:388,0
DA:389,0
DA:391,0
DA:393,0
DA:395,0
DA:396,0
DA:398,0
DA:400,0
DA:401,0
DA:402,0
DA:404,0
DA:406,0
DA:408,0
DA:409,0
DA:410,0
DA:411,0
DA:412,0
DA:413,0
DA:414,0
DA:416,0
DA:417,0
DA:419,0
DA:421,0
DA:423,0
DA:425,0
DA:426,0
DA:427,0
DA:428,0
DA:429,0
DA:430,0
DA:431,0
DA:433,0
DA:437,0
DA:438,0
DA:439,0
DA:440,0
DA:441,0
DA:443,0
DA:444,0
DA:445,0
DA:446,0
DA:447,0
DA:448,0
DA:450,0
DA:451,0
DA:453,0
LF:244
LH:0
end_of_record
SF:/home/apoelstra/dload/code/secp256k1/src/field_5x52_int128_impl.h
FN:18,secp256k1_fe_mul_inner
FN:155,secp256k1_fe_sqr_inner
FNDA:0,secp256k1_fe_mul_inner
FNDA:0,secp256k1_fe_sqr_inner
FNF:2
FNH:0
DA:18,0
DA:21,0
DA:22,0
DA:24,0
DA:25,0
DA:26,0
DA:27,0
DA:28,0
DA:29,0
DA:30,0
DA:31,0
DA:32,0
DA:33,0
DA:41,0
DA:42,0
DA:43,0
DA:44,0
DA:45,0
DA:47,0
DA:48,0
DA:50,0
DA:51,0
DA:52,0
DA:54,0
DA:55,0
DA:56,0
DA:59,0
DA:60,0
DA:61,0
DA:62,0
DA:63,0
DA:64,0
DA:66,0
DA:67,0
DA:69,0
DA:70,0
DA:71,0
DA:73,0
DA:74,0
DA:75,0
DA:78,0
DA:79,0
DA:81,0
DA:82,0
DA:83,0
DA:84,0
DA:85,0
DA:87,0
DA:88,0
DA:89,0
DA:92,0
DA:93,0
DA:95,0
DA:96,0
DA:98,0
DA:99,0
DA:100,0
DA:103,0
DA:104,0
DA:105,0
DA:107,0
DA:108,0
DA:109,0
DA:110,0
DA:112,0
DA:113,0
DA:114,0
DA:116,0
DA:117,0
DA:118,0
DA:121,0
DA:122,0
DA:123,0
DA:124,0
DA:126,0
DA:127,0
DA:128,0
DA:130,0
DA:131,0
DA:132,0
DA:136,0
DA:137,0
DA:138,0
DA:140,0
DA:141,0
DA:143,0
DA:144,0
DA:145,0
DA:147,0
DA:148,0
DA:150,0
DA:151,0
DA:153,0
DA:155,0
DA:157,0
DA:159,0
DA:161,0
DA:162,0
DA:163,0
DA:164,0
DA:165,0
DA:172,0
DA:173,0
DA:174,0
DA:176,0
DA:177,0
DA:179,0
DA:180,0
DA:181,0
DA:183,0
DA:184,0
DA:185,0
DA:188,0
DA:189,0
DA:190,0
DA:191,0
DA:192,0
DA:194,0
DA:195,0
DA:197,0
DA:198,0
DA:199,0
DA:201,0
DA:202,0
DA:203,0
DA:206,0
DA:207,0
DA:209,0
DA:210,0
DA:211,0
DA:213,0
DA:214,0
DA:215,0
DA:218,0
DA:219,0
DA:221,0
DA:222,0
DA:224,0
DA:225,0
DA:226,0
DA:229,0
DA:230,0
DA:231,0
DA:233,0
DA:234,0
DA:235,0
DA:237,0
DA:238,0
DA:239,0
DA:241,0
DA:242,0
DA:243,0
DA:246,0
DA:247,0
DA:248,0
DA:250,0
DA:251,0
DA:253,0
DA:254,0
DA:255,0
DA:257,0
DA:258,0
DA:259,0
DA:262,0
DA:263,0
DA:265,0
DA:266,0
DA:267,0
DA:269,0
DA:270,0
DA:272,0
DA:273,0
DA:275,0
LF:173
LH:0
end_of_record
SF:/home/apoelstra/dload/code/secp256k1/src/field_impl.h
FN:24,secp256k1_fe_equal
FN:31,secp256k1_fe_equal_var
FN:38,secp256k1_fe_sqrt
FN:136,secp256k1_fe_inv
FN:226,secp256k1_fe_inv_var
FN:263,secp256k1_fe_inv_all_var
FN:290,secp256k1_fe_is_quad_var
FNDA:0,secp256k1_fe_equal
FNDA:0,secp256k1_fe_equal_var
FNDA:0,secp256k1_fe_sqrt
FNDA:0,secp256k1_fe_inv
FNDA:0,secp256k1_fe_inv_var
FNDA:0,secp256k1_fe_inv_all_var
FNDA:0,secp256k1_fe_is_quad_var
FNF:7
FNH:0
BRDA:63,0,0,-
BRDA:63,0,1,-
BRDA:69,0,0,-
BRDA:69,0,1,-
BRDA:75,0,0,-
BRDA:75,0,1,-
BRDA:81,0,0,-
BRDA:81,0,1,-
BRDA:87,0,0,-
BRDA:87,0,1,-
BRDA:93,0,0,-
BRDA:93,0,1,-
BRDA:99,0,0,-
BRDA:99,0,1,-
BRDA:105,0,0,-
BRDA:105,0,1,-
BRDA:111,0,0,-
BRDA:111,0,1,-
BRDA:119,0,0,-
BRDA:119,0,1,-
BRDA:123,0,0,-
BRDA:123,0,1,-
BRDA:152,0,0,-
BRDA:152,0,1,-
BRDA:158,0,0,-
BRDA:158,0,1,-
BRDA:164,0,0,-
BRDA:164,0,1,-
BRDA:170,0,0,-
BRDA:170,0,1,-
BRDA:176,0,0,-
BRDA:176,0,1,-
BRDA:182,0,0,-
BRDA:182,0,1,-
BRDA:188,0,0,-
BRDA:188,0,1,-
BRDA:194,0,0,-
BRDA:194,0,1,-
BRDA:200,0,0,-
BRDA:200,0,1,-
BRDA:208,0,0,-
BRDA:208,0,1,-
BRDA:212,0,0,-
BRDA:212,0,1,-
BRDA:216,0,0,-
BRDA:216,0,1,-
BRDA:220,0,0,-
BRDA:220,0,1,-
BRDA:266,0,0,-
BRDA:266,0,1,-
BRDA:270,0,0,-
BRDA:270,0,1,-
BRDA:270,1,2,-
BRDA:270,1,3,-
BRDA:275,1,0,-
BRDA:275,1,1,-
BRDA:281,0,0,-
BRDA:281,0,1,-
BRF:58
BRH:0
DA:24,0
DA:26,0
DA:27,0
DA:28,0
DA:31,0
DA:33,0
DA:34,0
DA:35,0
DA:38,0
DA:56,0
DA:57,0
DA:59,0
DA:60,0
DA:62,0
DA:63,0
DA:64,0
DA:66,0
DA:68,0
DA:69,0
DA:70,0
DA:72,0
DA:74,0
DA:75,0
DA:76,0
DA:78,0
DA:80,0
DA:81,0
DA:82,0
DA:84,0
DA:86,0
DA:87,0
DA:88,0
DA:90,0
DA:92,0
DA:93,0
DA:94,0
DA:96,0
DA:98,0
DA:99,0
DA:100,0
DA:102,0
DA:104,0
DA:105,0
DA:106,0
DA:108,0
DA:110,0
DA:111,0
DA:112,0
DA:114,0
DA:118,0
DA:119,0
DA:120,0
DA:122,0
DA:123,0
DA:124,0
DA:126,0
DA:127,0
DA:128,0
DA:132,0
DA:133,0
DA:136,0
DA:145,0
DA:146,0
DA:148,0
DA:149,0
DA:151,0
DA:152,0
DA:153,0
DA:155,0
DA:157,0
DA:158,0
DA:159,0
DA:161,0
DA:163,0
DA:164,0
DA:165,0
DA:167,0
DA:169,0
DA:170,0
DA:171,0
DA:173,0
DA:175,0
DA:176,0
DA:177,0
DA:179,0
DA:181,0
DA:182,0
DA:183,0
DA:185,0
DA:187,0
DA:188,0
DA:189,0
DA:191,0
DA:193,0
DA:194,0
DA:195,0
DA:197,0
DA:199,0
DA:200,0
DA:201,0
DA:203,0
DA:207,0
DA:208,0
DA:209,0
DA:211,0
DA:212,0
DA:213,0
DA:215,0
DA:216,0
DA:217,0
DA:219,0
DA:220,0
DA:221,0
DA:223,0
DA:224,0
DA:226,0
DA:228,0
DA:261,0
DA:263,0
DA:266,0
DA:267,0
DA:270,0
DA:272,0
DA:274,0
DA:275,0
DA:276,0
DA:279,0
DA:281,0
DA:282,0
DA:283,0
DA:284,0
DA:287,0
DA:290,0
DA:311,0
LF:134
LH:0
end_of_record
SF:/home/apoelstra/dload/code/secp256k1/src/group_impl.h
FN:83,secp256k1_ge_set_gej_zinv
FN:93,secp256k1_ge_set_xy
FN:99,secp256k1_ge_is_infinity
FN:103,secp256k1_ge_neg
FN:109,secp256k1_ge_set_gej
FN:122,secp256k1_ge_set_gej_var
FN:138,secp256k1_ge_set_all_gej_var
FN:164,secp256k1_ge_set_table_gej_var
FN:182,secp256k1_ge_globalz_set_table_gej
FN:205,secp256k1_gej_set_infinity
FN:212,secp256k1_ge_set_infinity
FN:218,secp256k1_gej_clear
FN:225,secp256k1_ge_clear
FN:231,secp256k1_ge_set_xquad
FN:242,secp256k1_ge_set_xo_var
FN:254,secp256k1_gej_set_ge
FN:261,secp256k1_gej_eq_x_var
FN:269,secp256k1_gej_neg
FN:278,secp256k1_gej_is_infinity
FN:282,secp256k1_gej_is_valid_var
FN:302,secp256k1_ge_is_valid_var
FN:316,secp256k1_gej_double_var
FN:371,secp256k1_gej_double_nonzero
FN:376,secp256k1_gej_add_var
FN:429,secp256k1_gej_add_ge_var
FN:478,secp256k1_gej_add_zinv_var
FN:535,secp256k1_gej_add_ge
FN:657,secp256k1_gej_rescale
FN:668,secp256k1_ge_to_storage
FN:679,secp256k1_ge_from_storage
FN:685,secp256k1_ge_storage_cmov
FN:701,secp256k1_gej_has_quad_y_var
FNDA:0,secp256k1_ge_set_gej_zinv
FNDA:0,secp256k1_ge_set_xy
FNDA:0,secp256k1_ge_is_infinity
FNDA:0,secp256k1_ge_neg
FNDA:0,secp256k1_ge_set_gej
FNDA:0,secp256k1_ge_set_gej_var
FNDA:0,secp256k1_ge_set_all_gej_var
FNDA:0,secp256k1_ge_set_table_gej_var
FNDA:0,secp256k1_ge_globalz_set_table_gej
FNDA:0,secp256k1_gej_set_infinity
FNDA:0,secp256k1_ge_set_infinity
FNDA:0,secp256k1_gej_clear
FNDA:0,secp256k1_ge_clear
FNDA:0,secp256k1_ge_set_xquad
FNDA:0,secp256k1_ge_set_xo_var
FNDA:0,secp256k1_gej_set_ge
FNDA:0,secp256k1_gej_eq_x_var
FNDA:0,secp256k1_gej_neg
FNDA:0,secp256k1_gej_is_infinity
FNDA:0,secp256k1_gej_is_valid_var
FNDA:0,secp256k1_ge_is_valid_var
FNDA:0,secp256k1_gej_double_var
FNDA:0,secp256k1_gej_double_nonzero
FNDA:0,secp256k1_gej_add_var
FNDA:0,secp256k1_gej_add_ge_var
FNDA:0,secp256k1_gej_add_zinv_var
FNDA:0,secp256k1_gej_add_ge
FNDA:0,secp256k1_gej_rescale
FNDA:0,secp256k1_ge_to_storage
FNDA:0,secp256k1_ge_from_storage
FNDA:0,secp256k1_ge_storage_cmov
FNDA:0,secp256k1_gej_has_quad_y_var
FNF:32
FNH:0
BRDA:125,0,0,-
BRDA:125,0,1,-
BRDA:144,1,0,-
BRDA:144,1,1,-
BRDA:145,0,0,-
BRDA:145,0,1,-
BRDA:155,1,0,-
BRDA:155,1,1,-
BRDA:157,0,0,-
BRDA:157,0,1,-
BRDA:168,0,0,-
BRDA:168,0,1,-
BRDA:174,0,0,-
BRDA:174,0,1,-
BRDA:186,0,0,-
BRDA:186,0,1,-
BRDA:195,1,0,-
BRDA:195,1,1,-
BRDA:196,0,0,-
BRDA:196,0,1,-
BRDA:243,0,1,-
BRDA:243,0,2,-
BRDA:247,4294967295,1,-
BRDA:247,4294967295,2,-
BRDA:284,0,0,-
BRDA:284,0,1,-
BRDA:304,0,0,-
BRDA:304,0,1,-
BRDA:336,0,0,-
BRDA:336,0,1,-
BRDA:337,0,0,-
BRDA:337,0,1,-
BRDA:343,0,0,-
BRDA:343,0,1,-
BRDA:380,0,0,-
BRDA:380,0,1,-
BRDA:386,0,0,-
BRDA:386,0,1,-
BRDA:387,0,0,-
BRDA:387,0,1,-
BRDA:403,4294967295,1,-
BRDA:403,4294967295,2,-
BRDA:404,0,1,-
BRDA:404,0,2,-
BRDA:407,0,0,-
BRDA:407,0,1,-
BRDA:418,4294967295,0,-
BRDA:418,4294967295,1,-
BRDA:432,0,0,-
BRDA:432,0,1,-
BRDA:437,0,0,-
BRDA:437,0,1,-
BRDA:438,0,0,-
BRDA:438,0,1,-
BRDA:453,4294967295,1,-
BRDA:453,4294967295,2,-
BRDA:454,0,1,-
BRDA:454,0,2,-
BRDA:457,0,0,-
BRDA:457,0,1,-
BRDA:467,4294967295,0,-
BRDA:467,4294967295,1,-
BRDA:482,0,0,-
BRDA:482,0,1,-
BRDA:486,0,0,-
BRDA:486,0,1,-
BRDA:515,4294967295,1,-
BRDA:515,4294967295,2,-
BRDA:516,0,1,-
BRDA:516,0,2,-
BRDA:542,0,0,-
BRDA:542,0,1,-
BRDA:542,1,2,-
BRDA:542,1,3,-
BRDA:704,0,0,-
BRDA:704,0,1,-
BRF:76
BRH:0
DA:83,0
DA:86,0
DA:87,0
DA:88,0
DA:89,0
DA:90,0
DA:91,0
DA:93,0
DA:94,0
DA:95,0
DA:96,0
DA:97,0
DA:99,0
DA:100,0
DA:103,0
DA:104,0
DA:105,0
DA:106,0
DA:107,0
DA:109,0
DA:111,0
DA:112,0
DA:113,0
DA:114,0
DA:115,0
DA:116,0
DA:117,0
DA:118,0
DA:119,0
DA:120,0
DA:122,0
DA:124,0
DA:125,0
DA:126,0
DA:128,0
DA:129,0
DA:130,0
DA:131,0
DA:132,0
DA:133,0
DA:134,0
DA:135,0
DA:138,0
DA:142,0
DA:143,0
DA:144,0
DA:145,0
DA:146,0
DA:150,0
DA:151,0
DA:152,0
DA:154,0
DA:155,0
DA:156,0
DA:157,0
DA:158,0
DA:161,0
DA:162,0
DA:164,0
DA:165,0
DA:168,0
DA:170,0
DA:171,0
DA:174,0
DA:175,0
DA:176,0
DA:177,0
DA:180,0
DA:182,0
DA:183,0
DA:186,0
DA:188,0
DA:189,0
DA:190,0
DA:191,0
DA:192,0
DA:195,0
DA:196,0
DA:197,0
DA:199,0
DA:200,0
DA:203,0
DA:205,0
DA:206,0
DA:207,0
DA:208,0
DA:209,0
DA:210,0
DA:212,0
DA:213,0
DA:214,0
DA:215,0
DA:216,0
DA:218,0
DA:219,0
DA:220,0
DA:221,0
DA:222,0
DA:223,0
DA:225,0
DA:226,0
DA:227,0
DA:228,0
DA:229,0
DA:231,0
DA:233,0
DA:234,0
DA:235,0
DA:236,0
DA:237,0
DA:238,0
DA:239,0
DA:242,0
DA:243,0
DA:244,0
DA:246,0
DA:247,0
DA:248,0
DA:250,0
DA:254,0
DA:255,0
DA:256,0
DA:257,0
DA:258,0
DA:259,0
DA:261,0
DA:263,0
DA:264,0
DA:265,0
DA:266,0
DA:269,0
DA:270,0
DA:271,0
DA:272,0
DA:273,0
DA:274,0
DA:275,0
DA:276,0
DA:278,0
DA:279,0
DA:282,0
DA:284,0
DA:285,0
DA:292,0
DA:293,0
DA:294,0
DA:295,0
DA:296,0
DA:297,0
DA:298,0
DA:299,0
DA:302,0
DA:304,0
DA:305,0
DA:308,0
DA:309,0
DA:310,0
DA:311,0
DA:312,0
DA:313,0
DA:316,0
DA:335,0
DA:336,0
DA:337,0
DA:338,0
DA:340,0
DA:343,0
DA:344,0
DA:345,0
DA:346,0
DA:349,0
DA:350,0
DA:351,0
DA:352,0
DA:353,0
DA:354,0
DA:355,0
DA:356,0
DA:357,0
DA:358,0
DA:359,0
DA:360,0
DA:361,0
DA:362,0
DA:363,0
DA:364,0
DA:365,0
DA:366,0
DA:367,0
DA:368,0
DA:371,0
DA:372,0
DA:373,0
DA:374,0
DA:376,0
DA:380,0
DA:382,0
DA:383,0
DA:386,0
DA:387,0
DA:388,0
DA:390,0
DA:391,0
DA:394,0
DA:395,0
DA:396,0
DA:397,0
DA:398,0
DA:399,0
DA:400,0
DA:401,0
DA:402,0
DA:403,0
DA:404,0
DA:405,0
DA:407,0
DA:408,0
DA:410,0
DA:412,0
DA:414,0
DA:415,0
DA:416,0
DA:417,0
DA:418,0
DA:419,0
DA:421,0
DA:422,0
DA:423,0
DA:424,0
DA:425,0
DA:426,0
DA:429,0
DA:432,0
DA:434,0
DA:435,0
DA:437,0
DA:438,0
DA:439,0
DA:441,0
DA:442,0
DA:444,0
DA:446,0
DA:447,0
DA:448,0
DA:449,0
DA:450,0
DA:451,0
DA:452,0
DA:453,0
DA:454,0
DA:455,0
DA:457,0
DA:458,0
DA:460,0
DA:462,0
DA:464,0
DA:465,0
DA:466,0
DA:467,0
DA:468,0
DA:470,0
DA:471,0
DA:472,0
DA:473,0
DA:474,0
DA:475,0
DA:478,0
DA:482,0
DA:483,0
DA:484,0
DA:486,0
DA:488,0
DA:489,0
DA:490,0
DA:491,0
DA:492,0
DA:493,0
DA:494,0
DA:496,0
DA:506,0
DA:508,0
DA:509,0
DA:510,0
DA:511,0
DA:512,0
DA:513,0
DA:514,0
DA:515,0
DA:516,0
DA:517,0
DA:519,0
DA:521,0
DA:523,0
DA:524,0
DA:525,0
DA:526,0
DA:527,0
DA:528,0
DA:529,0
DA:530,0
DA:531,0
DA:535,0
DA:541,0
DA:542,0
DA:594,0
DA:595,0
DA:596,0
DA:597,0
DA:598,0
DA:599,0
DA:600,0
DA:601,0
DA:602,0
DA:603,0
DA:604,0
DA:605,0
DA:608,0
DA:609,0
DA:615,0
DA:616,0
DA:617,0
DA:619,0
DA:620,0
DA:625,0
DA:626,0
DA:631,0
DA:632,0
DA:633,0
DA:634,0
DA:635,0
DA:636,0
DA:637,0
DA:638,0
DA:639,0
DA:640,0
DA:641,0
DA:642,0
DA:643,0
DA:644,0
DA:645,0
DA:646,0
DA:647,0
DA:648,0
DA:651,0
DA:652,0
DA:653,0
DA:654,0
DA:655,0
DA:657,0
DA:660,0
DA:661,0
DA:662,0
DA:663,0
DA:664,0
DA:665,0
DA:666,0
DA:668,0
DA:670,0
DA:671,0
DA:672,0
DA:673,0
DA:674,0
DA:675,0
DA:676,0
DA:677,0
DA:679,0
DA:680,0
DA:681,0
DA:682,0
DA:683,0
DA:685,0
DA:686,0
DA:687,0
DA:688,0
DA:701,0
DA:704,0
DA:705,0
DA:711,0
DA:712,0
LF:379
LH:0
end_of_record
SF:/home/apoelstra/dload/code/secp256k1/src/hash_impl.h
FN:36,secp256k1_sha256_initialize
FN:49,secp256k1_sha256_transform
FN:131,secp256k1_sha256_write
FN:148,secp256k1_sha256_finalize
FN:164,secp256k1_hmac_sha256_initialize
FN:192,secp256k1_hmac_sha256_write
FN:196,secp256k1_hmac_sha256_finalize
FN:205,secp256k1_rfc6979_hmac_sha256_initialize
FN:235,secp256k1_rfc6979_hmac_sha256_generate
FN:266,secp256k1_rfc6979_hmac_sha256_finalize
FNDA:0,secp256k1_sha256_initialize
FNDA:0,secp256k1_sha256_transform
FNDA:0,secp256k1_sha256_write
FNDA:0,secp256k1_sha256_finalize
FNDA:0,secp256k1_hmac_sha256_initialize
FNDA:0,secp256k1_hmac_sha256_write
FNDA:0,secp256k1_hmac_sha256_finalize
FNDA:0,secp256k1_rfc6979_hmac_sha256_initialize
FNDA:0,secp256k1_rfc6979_hmac_sha256_generate
FNDA:0,secp256k1_rfc6979_hmac_sha256_finalize
FNF:10
FNH:0
BRDA:134,1,0,-
BRDA:134,1,1,-
BRDA:142,0,0,-
BRDA:142,0,1,-
BRDA:157,1,0,-
BRDA:157,1,1,-
BRDA:167,0,0,-
BRDA:167,0,1,-
BRDA:179,1,0,-
BRDA:179,1,1,-
BRDA:185,1,0,-
BRDA:185,1,1,-
BRDA:238,0,0,-
BRDA:238,0,1,-
BRDA:249,1,0,-
BRDA:249,1,1,-
BRDA:255,4294967295,0,-
BRDA:255,4294967295,1,-
BRF:18
BRH:0
DA:36,0
DA:37,0
DA:38,0
DA:39,0
DA:40,0
DA:41,0
DA:42,0
DA:43,0
DA:44,0
DA:45,0
DA:46,0
DA:49,0
DA:50,0
DA:53,0
DA:54,0
DA:55,0
DA:56,0
DA:57,0
DA:58,0
DA:59,0
DA:60,0
DA:61,0
DA:62,0
DA:63,0
DA:64,0
DA:65,0
DA:66,0
DA:67,0
DA:68,0
DA:70,0
DA:71,0
DA:72,0
DA:73,0
DA:74,0
DA:75,0
DA:76,0
DA:77,0
DA:78,0
DA:79,0
DA:80,0
DA:81,0
DA:82,0
DA:83,0
DA:84,0
DA:85,0
DA:87,0
DA:88,0
DA:89,0
DA:90,0
DA:91,0
DA:92,0
DA:93,0
DA:94,0
DA:95,0
DA:96,0
DA:97,0
DA:98,0
DA:99,0
DA:100,0
DA:101,0
DA:102,0
DA:104,0
DA:105,0
DA:106,0
DA:107,0
DA:108,0
DA:109,0
DA:110,0
DA:111,0
DA:112,0
DA:113,0
DA:114,0
DA:115,0
DA:116,0
DA:117,0
DA:118,0
DA:119,0
DA:121,0
DA:122,0
DA:123,0
DA:124,0
DA:125,0
DA:126,0
DA:127,0
DA:128,0
DA:129,0
DA:131,0
DA:132,0
DA:133,0
DA:134,0
DA:136,0
DA:137,0
DA:138,0
DA:139,0
DA:140,0
DA:142,0
DA:144,0
DA:146,0
DA:148,0
DA:152,0
DA:153,0
DA:154,0
DA:155,0
DA:156,0
DA:157,0
DA:158,0
DA:159,0
DA:161,0
DA:162,0
DA:164,0
DA:167,0
DA:168,0
DA:169,0
DA:172,0
DA:173,0
DA:174,0
DA:175,0
DA:178,0
DA:179,0
DA:180,0
DA:182,0
DA:184,0
DA:185,0
DA:186,0
DA:188,0
DA:189,0
DA:190,0
DA:192,0
DA:193,0
DA:194,0
DA:196,0
DA:198,0
DA:199,0
DA:200,0
DA:201,0
DA:202,0
DA:205,0
DA:210,0
DA:211,0
DA:214,0
DA:215,0
DA:216,0
DA:217,0
DA:218,0
DA:219,0
DA:220,0
DA:221,0
DA:224,0
DA:225,0
DA:226,0
DA:227,0
DA:228,0
DA:229,0
DA:230,0
DA:231,0
DA:232,0
DA:233,0
DA:235,0
DA:238,0
DA:240,0
DA:241,0
DA:242,0
DA:243,0
DA:244,0
DA:245,0
DA:246,0
DA:249,0
DA:251,0
DA:252,0
DA:253,0
DA:254,0
DA:255,0
DA:256,0
DA:258,0
DA:259,0
DA:260,0
DA:263,0
DA:264,0
DA:266,0
DA:267,0
DA:268,0
DA:269,0
DA:270,0
LF:183
LH:0
end_of_record
SF:/home/apoelstra/dload/code/secp256k1/src/modules/ecdh/main_impl.h
FN:13,secp256k1_ecdh
FNDA:0,secp256k1_ecdh
FNF:1
FNH:0
BRDA:19,0,0,-
BRDA:19,0,1,-
BRDA:20,0,0,-
BRDA:20,0,1,-
BRDA:21,0,0,-
BRDA:21,0,1,-
BRDA:26,4294967295,0,-
BRDA:26,4294967295,1,-
BRDA:26,0,3,-
BRDA:26,0,4,-
BRF:10
BRH:0
DA:13,0
DA:14,0
DA:15,0
DA:19,0
DA:20,0
DA:21,0
DA:24,0
DA:25,0
DA:26,0
DA:27,0
DA:33,0
DA:34,0
DA:38,0
DA:39,0
DA:40,0
DA:41,0
DA:43,0
DA:44,0
DA:45,0
DA:46,0
DA:47,0
DA:50,0
DA:51,0
LF:23
LH:0
end_of_record
SF:/home/apoelstra/dload/code/secp256k1/src/modules/ecdh/tests_impl.h
FN:10,test_ecdh_generator_basepoint
FN:44,test_bad_scalar
FN:70,run_ecdh_tests
FNDA:0,test_ecdh_generator_basepoint
FNDA:0,test_bad_scalar
FNDA:0,run_ecdh_tests
FNF:3
FNH:0
BRDA:17,2,0,-
BRDA:17,2,1,-
BRDA:30,4294967295,1,-
BRDA:30,4294967295,2,-
BRDA:31,0,1,-
BRDA:31,0,2,-
BRDA:33,0,1,-
BRDA:33,0,2,-
BRDA:34,0,1,-
BRDA:34,0,2,-
BRDA:35,0,0,-
BRDA:35,0,1,-
BRDA:40,4294967295,0,-
BRDA:40,4294967295,1,-
BRDA:60,4294967295,1,-
BRDA:60,4294967295,2,-
BRDA:63,0,1,-
BRDA:63,0,2,-
BRDA:64,0,1,-
BRDA:64,0,2,-
BRDA:67,0,1,-
BRDA:67,0,2,-
BRF:22
BRH:0
DA:10,0
DA:11,0
DA:15,0
DA:17,0
DA:23,0
DA:26,0
DA:27,0
DA:30,0
DA:31,0
DA:33,0
DA:34,0
DA:35,0
DA:36,0
DA:37,0
DA:38,0
DA:40,0
DA:42,0
DA:44,0
DA:45,0
DA:46,0
DA:52,0
DA:58,0
DA:59,0
DA:60,0
DA:63,0
DA:64,0
DA:66,0
DA:67,0
DA:68,0
DA:70,0
DA:71,0
DA:72,0
DA:73,0
LF:33
LH:0
end_of_record
SF:/home/apoelstra/dload/code/secp256k1/src/modules/recovery/main_impl.h
FN:12,secp256k1_ecdsa_recoverable_signature_load
FN:27,secp256k1_ecdsa_recoverable_signature_save
FN:38,secp256k1_ecdsa_recoverable_signature_parse_compact
FN:60,secp256k1_ecdsa_recoverable_signature_serialize_compact
FN:74,secp256k1_ecdsa_recoverable_signature_convert
FN:87,secp256k1_ecdsa_sig_recover
FN:123,secp256k1_ecdsa_sign_recoverable
FN:170,secp256k1_ecdsa_recover
FNDA:0,secp256k1_ecdsa_recoverable_signature_load
FNDA:0,secp256k1_ecdsa_recoverable_signature_save
FNDA:0,secp256k1_ecdsa_recoverable_signature_parse_compact
FNDA:0,secp256k1_ecdsa_recoverable_signature_serialize_compact
FNDA:0,secp256k1_ecdsa_recoverable_signature_convert
FNDA:0,secp256k1_ecdsa_sig_recover
FNDA:0,secp256k1_ecdsa_sign_recoverable
FNDA:0,secp256k1_ecdsa_recover
FNF:8
FNH:0
BRDA:44,0,0,-
BRDA:44,0,1,-
BRDA:45,0,0,-
BRDA:45,0,1,-
BRDA:46,0,0,-
BRDA:46,0,1,-
BRDA:46,1,2,-
BRDA:46,1,3,-
BRDA:52,4294967295,0,-
BRDA:52,4294967295,1,-
BRDA:64,0,0,-
BRDA:64,0,1,-
BRDA:65,0,0,-
BRDA:65,0,1,-
BRDA:66,0,0,-
BRDA:66,0,1,-
BRDA:79,0,0,-
BRDA:79,0,1,-
BRDA:80,0,0,-
BRDA:80,0,1,-
BRDA:96,0,1,-
BRDA:96,0,2,-
BRDA:96,1,4,-
BRDA:96,1,5,-
BRDA:104,4294967295,0,-
BRDA:104,4294967295,1,-
BRDA:105,0,1,-
BRDA:105,0,2,-
BRDA:110,0,1,-
BRDA:110,0,2,-
BRDA:130,0,1,-
BRDA:130,0,2,-
BRDA:131,0,0,-
BRDA:131,0,1,-
BRDA:132,0,0,-
BRDA:132,0,1,-
BRDA:133,0,0,-
BRDA:133,0,1,-
BRDA:134,0,0,-
BRDA:134,0,1,-
BRDA:140,4294967295,0,-
BRDA:140,4294967295,1,-
BRDA:140,0,3,-
BRDA:140,0,4,-
BRDA:146,4294967295,0,-
BRDA:146,4294967295,1,-
BRDA:150,4294967295,1,-
BRDA:150,4294967295,2,-
BRDA:150,0,3,-
BRDA:150,0,4,-
BRDA:151,0,1,-
BRDA:151,0,2,-
BRDA:162,0,0,-
BRDA:162,0,1,-
BRDA:176,0,1,-
BRDA:176,0,2,-
BRDA:177,0,0,-
BRDA:177,0,1,-
BRDA:178,0,0,-
BRDA:178,0,1,-
BRDA:179,0,0,-
BRDA:179,0,1,-
BRDA:182,4294967295,0,-
BRDA:182,4294967295,1,-
BRDA:182,0,2,-
BRDA:182,0,3,-
BRDA:184,4294967295,1,-
BRDA:184,4294967295,2,-
BRF:68
BRH:0
DA:12,0
DA:18,0
DA:19,0
DA:24,0
DA:25,0
DA:27,0
DA:29,0
DA:30,0
DA:35,0
DA:36,0
DA:38,0
DA:40,0
DA:41,0
DA:44,0
DA:45,0
DA:46,0
DA:48,0
DA:49,0
DA:50,0
DA:51,0
DA:52,0
DA:53,0
DA:55,0
DA:57,0
DA:60,0
DA:64,0
DA:65,0
DA:66,0
DA:68,0
DA:69,0
DA:70,0
DA:71,0
DA:74,0
DA:79,0
DA:80,0
DA:82,0
DA:83,0
DA:84,0
DA:87,0
DA:96,0
DA:97,0
DA:100,0
DA:101,0
DA:104,0
DA:105,0
DA:106,0
DA:108,0
DA:110,0
DA:111,0
DA:113,0
DA:114,0
DA:115,0
DA:116,0
DA:117,0
DA:118,0
DA:119,0
DA:120,0
DA:123,0
DA:127,0
DA:128,0
DA:130,0
DA:131,0
DA:132,0
DA:133,0
DA:134,0
DA:135,0
DA:138,0
DA:140,0
DA:142,0
DA:143,0
DA:145,0
DA:146,0
DA:147,0
DA:149,0
DA:150,0
DA:151,0
DA:152,0
DA:155,0
DA:157,0
DA:158,0
DA:159,0
DA:160,0
DA:162,0
DA:163,0
DA:165,0
DA:167,0
DA:170,0
DA:176,0
DA:177,0
DA:178,0
DA:179,0
DA:181,0
DA:182,0
DA:183,0
DA:184,0
DA:185,0
DA:186,0
DA:188,0
DA:189,0
LF:99
LH:0
end_of_record
SF:/home/apoelstra/dload/code/secp256k1/src/modules/recovery/tests_impl.h
FN:10,test_ecdsa_recovery_end_to_end
FN:69,test_ecdsa_recovery_edge_cases
FN:242,run_recovery_tests
FNDA:0,test_ecdsa_recovery_end_to_end
FNDA:0,test_ecdsa_recovery_edge_cases
FNDA:0,run_recovery_tests
FNF:3
FNH:0
BRDA:31,4294967295,1,-
BRDA:31,4294967295,2,-
BRDA:32,0,1,-
BRDA:32,0,2,-
BRDA:36,0,1,-
BRDA:36,0,2,-
BRDA:37,0,1,-
BRDA:37,0,2,-
BRDA:38,0,1,-
BRDA:38,0,2,-
BRDA:39,0,1,-
BRDA:39,0,2,-
BRDA:41,0,1,-
BRDA:41,0,2,-
BRDA:44,0,1,-
BRDA:44,0,2,-
BRDA:45,0,1,-
BRDA:45,0,2,-
BRDA:46,0,1,-
BRDA:46,0,2,-
BRDA:47,0,0,-
BRDA:47,0,1,-
BRDA:48,0,1,-
BRDA:48,0,2,-
BRDA:50,0,1,-
BRDA:50,0,2,-
BRDA:51,0,1,-
BRDA:51,0,2,-
BRDA:52,0,1,-
BRDA:52,0,2,-
BRDA:54,0,1,-
BRDA:54,0,2,-
BRDA:55,0,1,-
BRDA:55,0,2,-
BRDA:56,0,0,-
BRDA:56,0,1,-
BRDA:58,0,1,-
BRDA:58,0,2,-
BRDA:60,4294967295,1,-
BRDA:60,4294967295,2,-
BRDA:61,0,1,-
BRDA:61,0,2,-
BRDA:62,0,1,-
BRDA:62,0,2,-
BRDA:64,0,1,-
BRDA:64,0,2,-
BRDA:64,1,3,-
BRDA:64,1,4,-
BRDA:105,0,1,-
BRDA:105,0,2,-
BRDA:106,0,1,-
BRDA:106,0,2,-
BRDA:107,0,1,-
BRDA:107,0,2,-
BRDA:108,0,1,-
BRDA:108,0,2,-
BRDA:109,0,1,-
BRDA:109,0,2,-
BRDA:110,0,1,-
BRDA:110,0,2,-
BRDA:111,0,1,-
BRDA:111,0,2,-
BRDA:112,0,1,-
BRDA:112,0,2,-
BRDA:114,2,0,-
BRDA:114,2,1,-
BRDA:157,0,1,-
BRDA:157,0,2,-
BRDA:158,0,1,-
BRDA:158,0,2,-
BRDA:159,0,1,-
BRDA:159,0,2,-
BRDA:160,0,1,-
BRDA:160,0,2,-
BRDA:161,2,0,-
BRDA:161,2,1,-
BRDA:163,0,1,-
BRDA:163,0,2,-
BRDA:164,0,1,-
BRDA:164,0,2,-
BRDA:166,0,1,-
BRDA:166,0,2,-
BRDA:167,0,1,-
BRDA:167,0,2,-
BRDA:171,0,1,-
BRDA:171,0,2,-
BRDA:172,0,1,-
BRDA:172,0,2,-
BRDA:174,0,1,-
BRDA:174,0,2,-
BRDA:175,0,1,-
BRDA:175,0,2,-
BRDA:176,0,1,-
BRDA:176,0,2,-
BRDA:177,0,1,-
BRDA:177,0,2,-
BRDA:179,0,1,-
BRDA:179,0,2,-
BRDA:180,0,1,-
BRDA:180,0,2,-
BRDA:182,0,1,-
BRDA:182,0,2,-
BRDA:183,0,1,-
BRDA:183,0,2,-
BRDA:186,0,1,-
BRDA:186,0,2,-
BRDA:187,0,1,-
BRDA:187,0,2,-
BRDA:189,0,1,-
BRDA:189,0,2,-
BRDA:190,0,1,-
BRDA:190,0,2,-
BRDA:191,2,0,-
BRDA:191,2,1,-
BRDA:195,2,0,-
BRDA:195,2,1,-
BRDA:196,0,0,-
BRDA:196,0,1,-
BRDA:200,0,1,-
BRDA:200,0,2,-
BRDA:200,1,4,-
BRDA:200,1,5,-
BRDA:221,0,1,-
BRDA:221,0,2,-
BRDA:222,0,1,-
BRDA:222,0,2,-
BRDA:223,0,1,-
BRDA:223,0,2,-
BRDA:224,0,1,-
BRDA:224,0,2,-
BRDA:227,0,1,-
BRDA:227,0,2,-
BRDA:228,0,1,-
BRDA:228,0,2,-
BRDA:229,0,1,-
BRDA:229,0,2,-
BRDA:230,0,1,-
BRDA:230,0,2,-
BRDA:235,0,1,-
BRDA:235,0,2,-
BRDA:236,0,1,-
BRDA:236,0,2,-
BRDA:237,0,1,-
BRDA:237,0,2,-
BRDA:238,0,1,-
BRDA:238,0,2,-
BRDA:244,1,0,-
BRDA:244,1,1,-
BRF:148
BRH:0
DA:10,0
DA:11,0
DA:19,0
DA:24,0
DA:25,0
DA:26,0
DA:27,0
DA:31,0
DA:32,0
DA:35,0
DA:36,0
DA:37,0
DA:38,0
DA:39,0
DA:40,0
DA:41,0
DA:42,0
DA:43,0
DA:44,0
DA:45,0
DA:46,0
DA:47,0
DA:48,0
DA:49,0
DA:50,0
DA:51,0
DA:52,0
DA:54,0
DA:55,0
DA:56,0
DA:58,0
DA:59,0
DA:60,0
DA:61,0
DA:62,0
DA:64,0
DA:66,0
DA:69,0
DA:70,0
DA:76,0
DA:90,0
DA:105,0
DA:106,0
DA:107,0
DA:108,0
DA:109,0
DA:110,0
DA:111,0
DA:112,0
DA:114,0
DA:118,0
DA:119,0
DA:120,0
DA:121,0
DA:128,0
DA:135,0
DA:142,0
DA:150,0
DA:157,0
DA:158,0
DA:159,0
DA:160,0
DA:161,0
DA:163,0
DA:164,0
DA:166,0
DA:167,0
DA:171,0
DA:172,0
DA:174,0
DA:175,0
DA:176,0
DA:177,0
DA:178,0
DA:179,0
DA:180,0
DA:181,0
DA:182,0
DA:183,0
DA:185,0
DA:186,0
DA:187,0
DA:188,0
DA:189,0
DA:190,0
DA:191,0
DA:193,0
DA:195,0
DA:196,0
DA:197,0
DA:199,0
DA:200,0
DA:202,0
DA:209,0
DA:210,0
DA:221,0
DA:222,0
DA:223,0
DA:224,0
DA:225,0
DA:226,0
DA:227,0
DA:228,0
DA:229,0
DA:230,0
DA:231,0
DA:232,0
DA:233,0
DA:234,0
DA:235,0
DA:236,0
DA:237,0
DA:238,0
DA:240,0
DA:242,0
DA:244,0
DA:245,0
DA:247,0
DA:248,0
LF:119
LH:0
end_of_record
SF:/home/apoelstra/dload/code/secp256k1/src/scalar_4x64_impl.h
FN:27,secp256k1_scalar_clear
FN:34,secp256k1_scalar_set_int
FN:41,secp256k1_scalar_get_bits
FN:46,secp256k1_scalar_get_bits_var
FN:57,secp256k1_scalar_check_overflow
FN:69,secp256k1_scalar_reduce
FN:83,secp256k1_scalar_add
FN:99,secp256k1_scalar_cadd_bit
FN:117,secp256k1_scalar_set_b32
FN:129,secp256k1_scalar_get_b32
FN:136,secp256k1_scalar_is_zero
FN:140,secp256k1_scalar_negate
FN:152,secp256k1_scalar_is_one
FN:156,secp256k1_scalar_is_high
FN:168,secp256k1_scalar_cond_negate
FN:270,secp256k1_scalar_reduce_512
FN:579,secp256k1_scalar_mul_512
FN:746,secp256k1_scalar_sqr_512
FN:891,secp256k1_scalar_mul
FN:897,secp256k1_scalar_shr_int
FN:909,secp256k1_scalar_sqr
FN:928,secp256k1_scalar_eq
FNDA:0,secp256k1_scalar_clear
FNDA:22,secp256k1_scalar_set_int
FNDA:0,secp256k1_scalar_get_bits
FNDA:0,secp256k1_scalar_get_bits_var
FNDA:1141,secp256k1_scalar_check_overflow
FNDA:1141,secp256k1_scalar_reduce
FNDA:0,secp256k1_scalar_add
FNDA:0,secp256k1_scalar_cadd_bit
FNDA:1141,secp256k1_scalar_set_b32
FNDA:898,secp256k1_scalar_get_b32
FNDA:0,secp256k1_scalar_is_zero
FNDA:0,secp256k1_scalar_negate
FNDA:0,secp256k1_scalar_is_one
FNDA:0,secp256k1_scalar_is_high
FNDA:0,secp256k1_scalar_cond_negate
FNDA:0,secp256k1_scalar_reduce_512
FNDA:0,secp256k1_scalar_mul_512
FNDA:0,secp256k1_scalar_sqr_512
FNDA:0,secp256k1_scalar_mul
FNDA:0,secp256k1_scalar_shr_int
FNDA:0,secp256k1_scalar_sqr
FNDA:0,secp256k1_scalar_eq
FNF:22
FNH:5
BRDA:49,0,0,-
BRDA:49,0,1,-
BRDA:94,4294967295,0,-
BRDA:94,4294967295,1,-
BRDA:94,0,2,-
BRDA:94,0,3,-
BRDA:124,4294967295,0,1141
BRDA:124,4294967295,1,0
BRDA:171,0,0,-
BRDA:171,0,1,-
BRDA:172,0,1,-
BRDA:172,0,2,-
BRDA:181,0,0,-
BRDA:181,0,1,-
BRDA:518,0,0,-
BRDA:518,0,1,-
BRDA:520,0,0,-
BRDA:520,0,1,-
BRDA:521,0,0,-
BRDA:521,0,1,-
BRDA:521,3,2,-
BRDA:521,3,3,-
BRDA:521,6,4,-
BRDA:521,6,5,-
BRDA:521,7,6,-
BRDA:521,7,7,-
BRDA:522,0,0,-
BRDA:522,0,1,-
BRDA:522,3,2,-
BRDA:522,3,3,-
BRDA:522,6,4,-
BRDA:522,6,5,-
BRDA:522,7,6,-
BRDA:522,7,7,-
BRDA:524,0,0,-
BRDA:524,0,1,-
BRDA:525,0,0,-
BRDA:525,0,1,-
BRDA:525,3,2,-
BRDA:525,3,3,-
BRDA:525,6,4,-
BRDA:525,6,5,-
BRDA:525,7,6,-
BRDA:525,7,7,-
BRDA:526,0,0,-
BRDA:526,0,1,-
BRDA:526,3,2,-
BRDA:526,3,3,-
BRDA:526,6,4,-
BRDA:526,6,5,-
BRDA:526,7,6,-
BRDA:526,7,7,-
BRDA:527,0,0,-
BRDA:527,0,1,-
BRDA:529,0,0,-
BRDA:529,0,1,-
BRDA:530,0,0,-
BRDA:530,0,1,-
BRDA:530,3,2,-
BRDA:530,3,3,-
BRDA:530,6,4,-
BRDA:530,6,5,-
BRDA:530,7,6,-
BRDA:530,7,7,-
BRDA:531,0,0,-
BRDA:531,0,1,-
BRDA:531,3,2,-
BRDA:531,3,3,-
BRDA:531,6,4,-
BRDA:531,6,5,-
BRDA:531,7,6,-
BRDA:531,7,7,-
BRDA:532,0,0,-
BRDA:532,0,1,-
BRDA:534,0,0,-
BRDA:534,0,1,-
BRDA:534,3,2,-
BRDA:534,3,3,-
BRDA:534,6,4,-
BRDA:534,6,5,-
BRDA:534,7,6,-
BRDA:534,7,7,-
BRDA:535,0,0,-
BRDA:535,0,1,-
BRDA:537,0,0,-
BRDA:537,0,1,-
BRDA:545,0,0,-
BRDA:545,0,1,-
BRDA:547,0,0,-
BRDA:547,0,1,-
BRDA:548,0,0,-
BRDA:548,0,1,-
BRDA:548,3,2,-
BRDA:548,3,3,-
BRDA:548,6,4,-
BRDA:548,6,5,-
BRDA:548,7,6,-
BRDA:548,7,7,-
BRDA:549,0,0,-
BRDA:549,0,1,-
BRDA:549,3,2,-
BRDA:549,3,3,-
BRDA:549,6,4,-
BRDA:549,6,5,-
BRDA:549,7,6,-
BRDA:549,7,7,-
BRDA:551,0,0,-
BRDA:551,0,1,-
BRDA:552,0,0,-
BRDA:552,0,1,-
BRDA:552,3,2,-
BRDA:552,3,3,-
BRDA:552,6,4,-
BRDA:552,6,5,-
BRDA:552,7,6,-
BRDA:552,7,7,-
BRDA:553,0,0,-
BRDA:553,0,1,-
BRDA:553,3,2,-
BRDA:553,3,3,-
BRDA:553,6,4,-
BRDA:553,6,5,-
BRDA:553,7,6,-
BRDA:553,7,7,-
BRDA:554,0,0,-
BRDA:554,0,1,-
BRDA:556,0,0,-
BRDA:556,0,1,-
BRDA:557,0,0,-
BRDA:557,0,1,-
BRDA:558,0,0,-
BRDA:558,0,1,-
BRDA:718,0,0,-
BRDA:718,0,1,-
BRDA:720,0,0,-
BRDA:720,0,1,-
BRDA:720,3,2,-
BRDA:720,3,3,-
BRDA:720,6,4,-
BRDA:720,6,5,-
BRDA:720,7,6,-
BRDA:720,7,7,-
BRDA:721,0,0,-
BRDA:721,0,1,-
BRDA:721,3,2,-
BRDA:721,3,3,-
BRDA:721,6,4,-
BRDA:721,6,5,-
BRDA:721,7,6,-
BRDA:721,7,7,-
BRDA:723,0,0,-
BRDA:723,0,1,-
BRDA:723,3,2,-
BRDA:723,3,3,-
BRDA:723,6,4,-
BRDA:723,6,5,-
BRDA:723,7,6,-
BRDA:723,7,7,-
BRDA:724,0,0,-
BRDA:724,0,1,-
BRDA:724,3,2,-
BRDA:724,3,3,-
BRDA:724,6,4,-
BRDA:724,6,5,-
BRDA:724,7,6,-
BRDA:724,7,7,-
BRDA:725,0,0,-
BRDA:725,0,1,-
BRDA:725,3,2,-
BRDA:725,3,3,-
BRDA:725,6,4,-
BRDA:725,6,5,-
BRDA:725,7,6,-
BRDA:725,7,7,-
BRDA:727,0,0,-
BRDA:727,0,1,-
BRDA:727,3,2,-
BRDA:727,3,3,-
BRDA:727,6,4,-
BRDA:727,6,5,-
BRDA:727,7,6,-
BRDA:727,7,7,-
BRDA:728,0,0,-
BRDA:728,0,1,-
BRDA:728,3,2,-
BRDA:728,3,3,-
BRDA:728,6,4,-
BRDA:728,6,5,-
BRDA:728,7,6,-
BRDA:728,7,7,-
BRDA:729,0,0,-
BRDA:729,0,1,-
BRDA:729,3,2,-
BRDA:729,3,3,-
BRDA:729,6,4,-
BRDA:729,6,5,-
BRDA:729,7,6,-
BRDA:729,7,7,-
BRDA:730,0,0,-
BRDA:730,0,1,-
BRDA:730,3,2,-
BRDA:730,3,3,-
BRDA:730,6,4,-
BRDA:730,6,5,-
BRDA:730,7,6,-
BRDA:730,7,7,-
BRDA:732,0,0,-
BRDA:732,0,1,-
BRDA:732,3,2,-
BRDA:732,3,3,-
BRDA:732,6,4,-
BRDA:732,6,5,-
BRDA:732,7,6,-
BRDA:732,7,7,-
BRDA:733,0,0,-
BRDA:733,0,1,-
BRDA:733,3,2,-
BRDA:733,3,3,-
BRDA:733,6,4,-
BRDA:733,6,5,-
BRDA:733,7,6,-
BRDA:733,7,7,-
BRDA:734,0,0,-
BRDA:734,0,1,-
BRDA:734,3,2,-
BRDA:734,3,3,-
BRDA:734,6,4,-
BRDA:734,6,5,-
BRDA:734,7,6,-
BRDA:734,7,7,-
BRDA:736,0,0,-
BRDA:736,0,1,-
BRDA:736,3,2,-
BRDA:736,3,3,-
BRDA:736,6,4,-
BRDA:736,6,5,-
BRDA:736,7,6,-
BRDA:736,7,7,-
BRDA:737,0,0,-
BRDA:737,0,1,-
BRDA:737,3,2,-
BRDA:737,3,3,-
BRDA:737,6,4,-
BRDA:737,6,5,-
BRDA:737,7,6,-
BRDA:737,7,7,-
BRDA:739,0,0,-
BRDA:739,0,1,-
BRDA:861,0,0,-
BRDA:861,0,1,-
BRDA:863,0,0,-
BRDA:863,0,1,-
BRDA:863,3,2,-
BRDA:863,3,3,-
BRDA:863,4,4,-
BRDA:863,4,5,-
BRDA:863,7,6,-
BRDA:863,7,7,-
BRDA:863,10,8,-
BRDA:863,10,9,-
BRDA:863,13,10,-
BRDA:863,13,11,-
BRDA:863,14,12,-
BRDA:863,14,13,-
BRDA:863,15,14,-
BRDA:863,15,15,-
BRDA:863,18,16,-
BRDA:863,18,17,-
BRDA:863,21,18,-
BRDA:863,21,19,-
BRDA:863,22,20,-
BRDA:863,22,21,-
BRDA:865,0,0,-
BRDA:865,0,1,-
BRDA:865,3,2,-
BRDA:865,3,3,-
BRDA:865,4,4,-
BRDA:865,4,5,-
BRDA:865,7,6,-
BRDA:865,7,7,-
BRDA:865,10,8,-
BRDA:865,10,9,-
BRDA:865,13,10,-
BRDA:865,13,11,-
BRDA:865,14,12,-
BRDA:865,14,13,-
BRDA:865,15,14,-
BRDA:865,15,15,-
BRDA:865,18,16,-
BRDA:865,18,17,-
BRDA:865,21,18,-
BRDA:865,21,19,-
BRDA:865,22,20,-
BRDA:865,22,21,-
BRDA:866,0,0,-
BRDA:866,0,1,-
BRDA:866,3,2,-
BRDA:866,3,3,-
BRDA:866,6,4,-
BRDA:866,6,5,-
BRDA:866,7,6,-
BRDA:866,7,7,-
BRDA:868,0,0,-
BRDA:868,0,1,-
BRDA:868,3,2,-
BRDA:868,3,3,-
BRDA:868,4,4,-
BRDA:868,4,5,-
BRDA:868,7,6,-
BRDA:868,7,7,-
BRDA:868,10,8,-
BRDA:868,10,9,-
BRDA:868,13,10,-
BRDA:868,13,11,-
BRDA:868,14,12,-
BRDA:868,14,13,-
BRDA:868,15,14,-
BRDA:868,15,15,-
BRDA:868,18,16,-
BRDA:868,18,17,-
BRDA:868,21,18,-
BRDA:868,21,19,-
BRDA:868,22,20,-
BRDA:868,22,21,-
BRDA:869,0,0,-
BRDA:869,0,1,-
BRDA:869,3,2,-
BRDA:869,3,3,-
BRDA:869,4,4,-
BRDA:869,4,5,-
BRDA:869,7,6,-
BRDA:869,7,7,-
BRDA:869,10,8,-
BRDA:869,10,9,-
BRDA:869,13,10,-
BRDA:869,13,11,-
BRDA:869,14,12,-
BRDA:869,14,13,-
BRDA:869,15,14,-
BRDA:869,15,15,-
BRDA:869,18,16,-
BRDA:869,18,17,-
BRDA:869,21,18,-
BRDA:869,21,19,-
BRDA:869,22,20,-
BRDA:869,22,21,-
BRDA:871,0,0,-
BRDA:871,0,1,-
BRDA:871,3,2,-
BRDA:871,3,3,-
BRDA:871,4,4,-
BRDA:871,4,5,-
BRDA:871,7,6,-
BRDA:871,7,7,-
BRDA:871,10,8,-
BRDA:871,10,9,-
BRDA:871,13,10,-
BRDA:871,13,11,-
BRDA:871,14,12,-
BRDA:871,14,13,-
BRDA:871,15,14,-
BRDA:871,15,15,-
BRDA:871,18,16,-
BRDA:871,18,17,-
BRDA:871,21,18,-
BRDA:871,21,19,-
BRDA:871,22,20,-
BRDA:871,22,21,-
BRDA:872,0,0,-
BRDA:872,0,1,-
BRDA:872,3,2,-
BRDA:872,3,3,-
BRDA:872,6,4,-
BRDA:872,6,5,-
BRDA:872,7,6,-
BRDA:872,7,7,-
BRDA:874,0,0,-
BRDA:874,0,1,-
BRDA:874,3,2,-
BRDA:874,3,3,-
BRDA:874,4,4,-
BRDA:874,4,5,-
BRDA:874,7,6,-
BRDA:874,7,7,-
BRDA:874,10,8,-
BRDA:874,10,9,-
BRDA:874,13,10,-
BRDA:874,13,11,-
BRDA:874,14,12,-
BRDA:874,14,13,-
BRDA:874,15,14,-
BRDA:874,15,15,-
BRDA:874,18,16,-
BRDA:874,18,17,-
BRDA:874,21,18,-
BRDA:874,21,19,-
BRDA:874,22,20,-
BRDA:874,22,21,-
BRDA:876,0,0,-
BRDA:876,0,1,-
BRF:400
BRH:1
DA:27,0
DA:28,0
DA:29,0
DA:30,0
DA:31,0
DA:32,0
DA:34,22
DA:35,22
DA:36,22
DA:37,22
DA:38,22
DA:39,22
DA:41,0
DA:42,0
DA:43,0
DA:46,0
DA:48,0
DA:49,0
DA:50,0
DA:52,0
DA:53,0
DA:57,1141
DA:58,1141
DA:59,1141
DA:60,1141
DA:61,1141
DA:62,1141
DA:63,1141
DA:64,1141
DA:65,1141
DA:66,1141
DA:69,1141
DA:72,1141
DA:73,1141
DA:74,1141
DA:75,1141
DA:76,1141
DA:77,1141
DA:78,1141
DA:79,1141
DA:80,1141
DA:83,0
DA:85,0
DA:86,0
DA:87,0
DA:88,0
DA:89,0
DA:90,0
DA:91,0
DA:92,0
DA:93,0
DA:94,0
DA:95,0
DA:96,0
DA:99,0
DA:102,0
DA:103,0
DA:104,0
DA:105,0
DA:106,0
DA:107,0
DA:108,0
DA:109,0
DA:110,0
DA:112,0
DA:113,0
DA:115,0
DA:117,1141
DA:119,1141
DA:120,1141
DA:121,1141
DA:122,1141
DA:123,1141
DA:124,1141
DA:125,1141
DA:127,1141
DA:129,898
DA:130,898
DA:131,898
DA:132,898
DA:133,898
DA:134,898
DA:136,0
DA:137,0
DA:140,0
DA:141,0
DA:142,0
DA:143,0
DA:144,0
DA:145,0
DA:146,0
DA:147,0
DA:148,0
DA:149,0
DA:150,0
DA:152,0
DA:153,0
DA:156,0
DA:157,0
DA:158,0
DA:159,0
DA:160,0
DA:161,0
DA:162,0
DA:163,0
DA:164,0
DA:165,0
DA:168,0
DA:171,0
DA:172,0
DA:173,0
DA:174,0
DA:175,0
DA:176,0
DA:177,0
DA:178,0
DA:179,0
DA:180,0
DA:181,0
DA:270,0
DA:509,0
DA:517,0
DA:518,0
DA:519,0
DA:520,0
DA:521,0
DA:522,0
DA:523,0
DA:524,0
DA:525,0
DA:526,0
DA:527,0
DA:528,0
DA:529,0
DA:530,0
DA:531,0
DA:532,0
DA:533,0
DA:534,0
DA:535,0
DA:536,0
DA:537,0
DA:538,0
DA:540,0
DA:544,0
DA:545,0
DA:546,0
DA:547,0
DA:548,0
DA:549,0
DA:550,0
DA:551,0
DA:552,0
DA:553,0
DA:554,0
DA:555,0
DA:556,0
DA:557,0
DA:558,0
DA:559,0
DA:560,0
DA:565,0
DA:566,0
DA:567,0
DA:568,0
DA:569,0
DA:570,0
DA:571,0
DA:572,0
DA:576,0
DA:577,0
DA:579,0
DA:714,0
DA:715,0
DA:718,0
DA:719,0
DA:720,0
DA:721,0
DA:722,0
DA:723,0
DA:724,0
DA:725,0
DA:726,0
DA:727,0
DA:728,0
DA:729,0
DA:730,0
DA:731,0
DA:732,0
DA:733,0
DA:734,0
DA:735,0
DA:736,0
DA:737,0
DA:738,0
DA:739,0
DA:740,0
DA:742,0
DA:744,0
DA:746,0
DA:857,0
DA:858,0
DA:861,0
DA:862,0
DA:863,0
DA:864,0
DA:865,0
DA:866,0
DA:867,0
DA:868,0
DA:869,0
DA:870,0
DA:871,0
DA:872,0
DA:873,0
DA:874,0
DA:875,0
DA:876,0
DA:877,0
DA:879,0
DA:881,0
DA:891,0
DA:893,0
DA:894,0
DA:895,0
DA:897,0
DA:901,0
DA:902,0
DA:903,0
DA:904,0
DA:905,0
DA:906,0
DA:909,0
DA:911,0
DA:912,0
DA:913,0
DA:928,0
DA:929,0
LF:238
LH:41
end_of_record
SF:/home/apoelstra/dload/code/secp256k1/src/scalar_impl.h
FN:55,secp256k1_scalar_inverse
FN:257,secp256k1_scalar_is_even
FN:262,secp256k1_scalar_inverse_var
FNDA:0,secp256k1_scalar_inverse
FNDA:0,secp256k1_scalar_is_even
FNDA:0,secp256k1_scalar_inverse_var
FNF:3
FNH:0
BRDA:92,0,0,-
BRDA:92,0,1,-
BRDA:98,0,0,-
BRDA:98,0,1,-
BRDA:104,0,0,-
BRDA:104,0,1,-
BRDA:110,0,0,-
BRDA:110,0,1,-
BRDA:116,0,0,-
BRDA:116,0,1,-
BRDA:123,0,0,-
BRDA:123,0,1,-
BRDA:127,0,0,-
BRDA:127,0,1,-
BRDA:131,0,0,-
BRDA:131,0,1,-
BRDA:135,0,0,-
BRDA:135,0,1,-
BRDA:139,0,0,-
BRDA:139,0,1,-
BRDA:143,0,0,-
BRDA:143,0,1,-
BRDA:147,0,0,-
BRDA:147,0,1,-
BRDA:151,0,0,-
BRDA:151,0,1,-
BRDA:155,0,0,-
BRDA:155,0,1,-
BRDA:159,0,0,-
BRDA:159,0,1,-
BRDA:163,0,0,-
BRDA:163,0,1,-
BRDA:167,0,0,-
BRDA:167,0,1,-
BRDA:171,0,0,-
BRDA:171,0,1,-
BRDA:175,0,0,-
BRDA:175,0,1,-
BRDA:179,0,0,-
BRDA:179,0,1,-
BRDA:183,0,0,-
BRDA:183,0,1,-
BRDA:187,0,0,-
BRDA:187,0,1,-
BRDA:191,0,0,-
BRDA:191,0,1,-
BRDA:195,0,0,-
BRDA:195,0,1,-
BRDA:199,0,0,-
BRDA:199,0,1,-
BRDA:203,0,0,-
BRDA:203,0,1,-
BRDA:207,0,0,-
BRDA:207,0,1,-
BRDA:211,0,0,-
BRDA:211,0,1,-
BRDA:215,0,0,-
BRDA:215,0,1,-
BRDA:219,0,0,-
BRDA:219,0,1,-
BRDA:223,0,0,-
BRDA:223,0,1,-
BRDA:227,0,0,-
BRDA:227,0,1,-
BRDA:231,0,0,-
BRDA:231,0,1,-
BRDA:235,0,0,-
BRDA:235,0,1,-
BRDA:239,0,0,-
BRDA:239,0,1,-
BRDA:243,0,0,-
BRDA:243,0,1,-
BRDA:247,0,0,-
BRDA:247,0,1,-
BRDA:251,0,0,-
BRDA:251,0,1,-
BRF:76
BRH:0
DA:55,0
DA:72,0
DA:73,0
DA:75,0
DA:76,0
DA:78,0
DA:79,0
DA:81,0
DA:82,0
DA:83,0
DA:85,0
DA:86,0
DA:88,0
DA:89,0
DA:91,0
DA:92,0
DA:93,0
DA:95,0
DA:97,0
DA:98,0
DA:99,0
DA:101,0
DA:103,0
DA:104,0
DA:105,0
DA:107,0
DA:109,0
DA:110,0
DA:111,0
DA:113,0
DA:115,0
DA:116,0
DA:117,0
DA:119,0
DA:122,0
DA:123,0
DA:124,0
DA:126,0
DA:127,0
DA:128,0
DA:130,0
DA:131,0
DA:132,0
DA:134,0
DA:135,0
DA:136,0
DA:138,0
DA:139,0
DA:140,0
DA:142,0
DA:143,0
DA:144,0
DA:146,0
DA:147,0
DA:148,0
DA:150,0
DA:151,0
DA:152,0
DA:154,0
DA:155,0
DA:156,0
DA:158,0
DA:159,0
DA:160,0
DA:162,0
DA:163,0
DA:164,0
DA:166,0
DA:167,0
DA:168,0
DA:170,0
DA:171,0
DA:172,0
DA:174,0
DA:175,0
DA:176,0
DA:178,0
DA:179,0
DA:180,0
DA:182,0
DA:183,0
DA:184,0
DA:186,0
DA:187,0
DA:188,0
DA:190,0
DA:191,0
DA:192,0
DA:194,0
DA:195,0
DA:196,0
DA:198,0
DA:199,0
DA:200,0
DA:202,0
DA:203,0
DA:204,0
DA:206,0
DA:207,0
DA:208,0
DA:210,0
DA:211,0
DA:212,0
DA:214,0
DA:215,0
DA:216,0
DA:218,0
DA:219,0
DA:220,0
DA:222,0
DA:223,0
DA:224,0
DA:226,0
DA:227,0
DA:228,0
DA:230,0
DA:231,0
DA:232,0
DA:234,0
DA:235,0
DA:236,0
DA:238,0
DA:239,0
DA:240,0
DA:242,0
DA:243,0
DA:244,0
DA:246,0
DA:247,0
DA:248,0
DA:250,0
DA:251,0
DA:252,0
DA:254,0
DA:255,0
DA:257,0
DA:258,0
DA:262,0
DA:264,0
DA:281,0
LF:140
LH:0
end_of_record
SF:/home/apoelstra/dload/code/secp256k1/src/secp256k1.c
FN:28,default_illegal_callback_fn
FN:39,default_error_callback_fn
FN:58,secp256k1_context_create
FN:83,secp256k1_context_clone
FN:92,secp256k1_context_destroy
FN:101,secp256k1_context_set_illegal_callback
FN:109,secp256k1_context_set_error_callback
FN:117,secp256k1_pubkey_load
FN:136,secp256k1_pubkey_save
FN:150,secp256k1_ec_pubkey_parse
FN:165,secp256k1_ec_pubkey_serialize
FN:188,secp256k1_ecdsa_signature_load
FN:202,secp256k1_ecdsa_signature_save
FN:212,secp256k1_ecdsa_signature_parse_der
FN:228,secp256k1_ecdsa_signature_parse_compact
FN:249,secp256k1_ecdsa_signature_serialize_der
FN:261,secp256k1_ecdsa_signature_serialize_compact
FN:274,secp256k1_ecdsa_signature_normalize
FN:293,secp256k1_ecdsa_verify
FN:310,nonce_function_rfc6979
FN:345,secp256k1_ecdsa_sign
FN:392,secp256k1_ec_seckey_verify
FN:405,secp256k1_ec_pubkey_create
FN:428,secp256k1_ec_privkey_tweak_add
FN:451,secp256k1_ec_pubkey_tweak_add
FN:475,secp256k1_ec_privkey_tweak_mul
FN:497,secp256k1_ec_pubkey_tweak_mul
FN:521,secp256k1_context_randomize
FN:528,secp256k1_ec_pubkey_combine
FNDA:0,default_illegal_callback_fn
FNDA:0,default_error_callback_fn
FNDA:1,secp256k1_context_create
FNDA:0,secp256k1_context_clone
FNDA:0,secp256k1_context_destroy
FNDA:0,secp256k1_context_set_illegal_callback
FNDA:0,secp256k1_context_set_error_callback
FNDA:0,secp256k1_pubkey_load
FNDA:0,secp256k1_pubkey_save
FNDA:0,secp256k1_ec_pubkey_parse
FNDA:0,secp256k1_ec_pubkey_serialize
FNDA:449,secp256k1_ecdsa_signature_load
FNDA:548,secp256k1_ecdsa_signature_save
FNDA:288,secp256k1_ecdsa_signature_parse_der
FNDA:483,secp256k1_ecdsa_signature_parse_compact
FNDA:189,secp256k1_ecdsa_signature_serialize_der
FNDA:260,secp256k1_ecdsa_signature_serialize_compact
FNDA:0,secp256k1_ecdsa_signature_normalize
FNDA:0,secp256k1_ecdsa_verify
FNDA:0,nonce_function_rfc6979
FNDA:0,secp256k1_ecdsa_sign
FNDA:0,secp256k1_ec_seckey_verify
FNDA:0,secp256k1_ec_pubkey_create
FNDA:0,secp256k1_ec_privkey_tweak_add
FNDA:0,secp256k1_ec_pubkey_tweak_add
FNDA:0,secp256k1_ec_privkey_tweak_mul
FNDA:0,secp256k1_ec_pubkey_tweak_mul
FNDA:0,secp256k1_context_randomize
FNDA:0,secp256k1_ec_pubkey_combine
FNF:29
FNH:7
BRDA:63,4294967295,0,0
BRDA:63,4294967295,1,1
BRDA:73,4294967295,0,0
BRDA:73,4294967295,1,1
BRDA:76,0,0,0
BRDA:76,0,1,1
BRDA:93,0,0,-
BRDA:93,0,1,-
BRDA:102,0,0,-
BRDA:102,0,1,-
BRDA:110,0,0,-
BRDA:110,0,1,-
BRDA:132,0,1,-
BRDA:132,0,2,-
BRDA:154,0,0,-
BRDA:154,0,1,-
BRDA:156,0,0,-
BRDA:156,0,1,-
BRDA:157,0,1,-
BRDA:157,0,2,-
BRDA:171,0,0,-
BRDA:171,0,1,-
BRDA:172,0,0,-
BRDA:172,0,1,-
BRDA:172,3,2,-
BRDA:172,3,3,-
BRDA:175,0,0,-
BRDA:175,0,1,-
BRDA:177,0,0,-
BRDA:177,0,1,-
BRDA:178,0,0,-
BRDA:178,0,1,-
BRDA:179,0,1,-
BRDA:179,0,2,-
BRDA:181,4294967295,0,-
BRDA:181,4294967295,1,-
BRDA:216,0,0,0
BRDA:216,0,1,288
BRDA:217,0,0,0
BRDA:217,0,1,288
BRDA:219,0,1,75
BRDA:219,0,2,213
BRDA:234,0,0,0
BRDA:234,0,1,483
BRDA:235,0,0,0
BRDA:235,0,1,483
BRDA:241,4294967295,0,473
BRDA:241,4294967295,1,10
BRDA:253,0,0,0
BRDA:253,0,1,189
BRDA:254,0,0,0
BRDA:254,0,1,189
BRDA:255,0,0,0
BRDA:255,0,1,189
BRDA:265,0,0,0
BRDA:265,0,1,260
BRDA:266,0,0,0
BRDA:266,0,1,260
BRDA:279,0,0,-
BRDA:279,0,1,-
BRDA:283,4294967295,0,-
BRDA:283,4294967295,1,-
BRDA:284,0,0,-
BRDA:284,0,1,-
BRDA:298,0,1,-
BRDA:298,0,2,-
BRDA:299,0,0,-
BRDA:299,0,1,-
BRDA:300,0,0,-
BRDA:300,0,1,-
BRDA:301,0,0,-
BRDA:301,0,1,-
BRDA:305,4294967295,1,-
BRDA:305,4294967295,2,-
BRDA:306,4294967295,0,-
BRDA:306,4294967295,1,-
BRDA:306,0,3,-
BRDA:306,0,4,-
BRDA:325,0,0,-
BRDA:325,0,1,-
BRDA:329,0,0,-
BRDA:329,0,1,-
BRDA:335,0,0,-
BRDA:335,0,1,-
BRDA:351,0,1,-
BRDA:351,0,2,-
BRDA:352,0,0,-
BRDA:352,0,1,-
BRDA:353,0,0,-
BRDA:353,0,1,-
BRDA:354,0,0,-
BRDA:354,0,1,-
BRDA:355,0,0,-
BRDA:355,0,1,-
BRDA:361,4294967295,0,-
BRDA:361,4294967295,1,-
BRDA:361,0,3,-
BRDA:361,0,4,-
BRDA:367,4294967295,0,-
BRDA:367,4294967295,1,-
BRDA:371,4294967295,0,-
BRDA:371,4294967295,1,-
BRDA:373,0,1,-
BRDA:373,0,2,-
BRDA:384,0,0,-
BRDA:384,0,1,-
BRDA:397,0,0,-
BRDA:397,0,1,-
BRDA:400,4294967295,0,-
BRDA:400,4294967295,1,-
BRDA:400,0,3,-
BRDA:400,0,4,-
BRDA:412,0,0,-
BRDA:412,0,1,-
BRDA:414,0,1,-
BRDA:414,0,2,-
BRDA:415,0,0,-
BRDA:415,0,1,-
BRDA:419,4294967295,0,-
BRDA:419,4294967295,1,-
BRDA:434,0,0,-
BRDA:434,0,1,-
BRDA:435,0,0,-
BRDA:435,0,1,-
BRDA:440,4294967295,0,-
BRDA:440,4294967295,1,-
BRDA:440,0,3,-
BRDA:440,0,4,-
BRDA:442,0,0,-
BRDA:442,0,1,-
BRDA:457,0,1,-
BRDA:457,0,2,-
BRDA:458,0,0,-
BRDA:458,0,1,-
BRDA:459,0,0,-
BRDA:459,0,1,-
BRDA:462,4294967295,0,-
BRDA:462,4294967295,1,-
BRDA:462,0,3,-
BRDA:462,0,4,-
BRDA:464,0,0,-
BRDA:464,0,1,-
BRDA:465,0,1,-
BRDA:465,0,2,-
BRDA:481,0,0,-
BRDA:481,0,1,-
BRDA:482,0,0,-
BRDA:482,0,1,-
BRDA:486,4294967295,0,-
BRDA:486,4294967295,1,-
BRDA:486,0,3,-
BRDA:486,0,4,-
BRDA:488,0,0,-
BRDA:488,0,1,-
BRDA:503,0,1,-
BRDA:503,0,2,-
BRDA:504,0,0,-
BRDA:504,0,1,-
BRDA:505,0,0,-
BRDA:505,0,1,-
BRDA:508,4294967295,0,-
BRDA:508,4294967295,1,-
BRDA:508,0,3,-
BRDA:508,0,4,-
BRDA:510,0,0,-
BRDA:510,0,1,-
BRDA:511,0,1,-
BRDA:511,0,2,-
BRDA:523,0,1,-
BRDA:523,0,2,-
BRDA:533,0,0,-
BRDA:533,0,1,-
BRDA:535,0,0,-
BRDA:535,0,1,-
BRDA:536,0,0,-
BRDA:536,0,1,-
BRDA:540,0,0,-
BRDA:540,0,1,-
BRDA:544,0,1,-
BRDA:544,0,2,-
BRF:180
BRH:16
DA:28,0
DA:30,0
DA:31,0
DA:39,0
DA:41,0
DA:42,0
DA:58,1
DA:59,1
DA:60,1
DA:61,1
DA:63,1
DA:64,0
DA:66,0
DA:67,0
DA:70,1
DA:71,1
DA:73,1
DA:74,0
DA:76,1
DA:77,0
DA:80,1
DA:83,0
DA:84,0
DA:85,0
DA:86,0
DA:87,0
DA:88,0
DA:89,0
DA:92,0
DA:93,0
DA:94,0
DA:95,0
DA:97,0
DA:99,0
DA:101,0
DA:102,0
DA:103,0
DA:105,0
DA:106,0
DA:107,0
DA:109,0
DA:110,0
DA:111,0
DA:113,0
DA:114,0
DA:115,0
DA:117,0
DA:123,0
DA:124,0
DA:132,0
DA:133,0
DA:136,0
DA:139,0
DA:140,0
DA:148,0
DA:150,0
DA:154,0
DA:155,0
DA:156,0
DA:157,0
DA:158,0
DA:160,0
DA:161,0
DA:162,0
DA:165,0
DA:168,0
DA:171,0
DA:172,0
DA:173,0
DA:174,0
DA:175,0
DA:176,0
DA:177,0
DA:178,0
DA:179,0
DA:180,0
DA:181,0
DA:182,0
DA:185,0
DA:188,898
DA:194,449
DA:195,449
DA:200,449
DA:202,1096
DA:204,548
DA:205,548
DA:210,548
DA:212,288
DA:216,288
DA:217,288
DA:219,288
DA:220,75
DA:221,75
DA:223,213
DA:224,288
DA:228,483
DA:230,483
DA:231,483
DA:234,483
DA:235,483
DA:237,483
DA:238,483
DA:239,483
DA:240,483
DA:241,483
DA:242,473
DA:244,10
DA:246,483
DA:249,189
DA:253,189
DA:254,189
DA:255,189
DA:257,189
DA:258,189
DA:261,260
DA:265,260
DA:266,260
DA:268,260
DA:269,260
DA:270,260
DA:271,260
DA:274,0
DA:276,0
DA:279,0
DA:281,0
DA:282,0
DA:283,0
DA:284,0
DA:285,0
DA:287,0
DA:290,0
DA:293,0
DA:298,0
DA:299,0
DA:300,0
DA:301,0
DA:303,0
DA:304,0
DA:305,0
DA:306,0
DA:307,0
DA:310,0
DA:312,0
DA:323,0
DA:324,0
DA:325,0
DA:326,0
DA:327,0
DA:329,0
DA:330,0
DA:331,0
DA:333,0
DA:334,0
DA:335,0
DA:336,0
DA:338,0
DA:339,0
DA:345,0
DA:348,0
DA:349,0
DA:351,0
DA:352,0
DA:353,0
DA:354,0
DA:355,0
DA:356,0
DA:359,0
DA:361,0
DA:363,0
DA:364,0
DA:366,0
DA:367,0
DA:368,0
DA:370,0
DA:371,0
DA:373,0
DA:374,0
DA:377,0
DA:379,0
DA:380,0
DA:381,0
DA:382,0
DA:384,0
DA:385,0
DA:387,0
DA:389,0
DA:392,0
DA:397,0
DA:399,0
DA:400,0
DA:401,0
DA:402,0
DA:405,0
DA:410,0
DA:412,0
DA:413,0
DA:414,0
DA:415,0
DA:417,0
DA:418,0
DA:419,0
DA:420,0
DA:421,0
DA:422,0
DA:424,0
DA:425,0
DA:428,0
DA:431,0
DA:432,0
DA:434,0
DA:435,0
DA:437,0
DA:438,0
DA:440,0
DA:441,0
DA:442,0
DA:443,0
DA:446,0
DA:447,0
DA:448,0
DA:451,0
DA:454,0
DA:455,0
DA:457,0
DA:458,0
DA:459,0
DA:461,0
DA:462,0
DA:463,0
DA:464,0
DA:465,0
DA:466,0
DA:468,0
DA:472,0
DA:475,0
DA:478,0
DA:479,0
DA:481,0
DA:482,0
DA:484,0
DA:485,0
DA:486,0
DA:487,0
DA:488,0
DA:489,0
DA:492,0
DA:493,0
DA:494,0
DA:497,0
DA:500,0
DA:501,0
DA:503,0
DA:504,0
DA:505,0
DA:507,0
DA:508,0
DA:509,0
DA:510,0
DA:511,0
DA:512,0
DA:514,0
DA:518,0
DA:521,0
DA:523,0
DA:524,0
DA:525,0
DA:528,0
DA:533,0
DA:534,0
DA:535,0
DA:536,0
DA:538,0
DA:540,0
DA:541,0
DA:542,0
DA:544,0
DA:545,0
DA:547,0
DA:548,0
DA:549,0
LF:280
LH:52
end_of_record
SF:/home/apoelstra/dload/code/secp256k1/src/testrand_impl.h
FN:26,secp256k1_rand32
FN:34,secp256k1_rand_bits
FN:47,secp256k1_rand_int
FN:86,secp256k1_rand256
FN:90,secp256k1_rand_bytes_test
FN:106,secp256k1_rand256_test
FNDA:0,secp256k1_rand32
FNDA:0,secp256k1_rand_bits
FNDA:0,secp256k1_rand_int
FNDA:0,secp256k1_rand256
FNDA:0,secp256k1_rand_bytes_test
FNDA:0,secp256k1_rand256_test
FNF:6
FNH:0
BRDA:27,0,0,-
BRDA:27,0,1,-
BRDA:36,0,0,-
BRDA:36,0,1,-
BRDA:62,0,0,-
BRDA:62,0,1,-
BRDA:66,1,0,-
BRDA:66,1,1,-
BRDA:70,0,0,-
BRDA:70,0,1,-
BRDA:80,4294967295,0,-
BRDA:80,4294967295,1,-
BRDA:81,0,0,-
BRDA:81,0,1,-
BRDA:93,1,0,-
BRDA:93,1,1,-
BRDA:98,0,0,-
BRDA:98,0,1,-
BRDA:98,1,2,-
BRDA:98,1,3,-
BRF:20
BRH:0
DA:26,0
DA:27,0
DA:28,0
DA:29,0
DA:31,0
DA:34,0
DA:36,0
DA:37,0
DA:38,0
DA:40,0
DA:41,0
DA:42,0
DA:43,0
DA:44,0
DA:47,0
DA:61,0
DA:62,0
DA:63,0
DA:65,0
DA:66,0
DA:67,0
DA:68,0
DA:70,0
DA:71,0
DA:72,0
DA:73,0
DA:75,0
DA:76,0
DA:78,0
DA:79,0
DA:80,0
DA:81,0
DA:86,0
DA:87,0
DA:88,0
DA:90,0
DA:91,0
DA:92,0
DA:93,0
DA:96,0
DA:97,0
DA:98,0
DA:99,0
DA:100,0
DA:101,0
DA:104,0
DA:106,0
DA:107,0
DA:108,0
LF:49
LH:0
end_of_record
SF:/home/apoelstra/dload/code/secp256k1/src/tests.c
FN:44,counting_illegal_callback_fn
FN:52,uncounting_illegal_callback_fn
FN:60,random_field_element_test
FN:70,random_field_element_magnitude
FN:84,random_group_element_test
FN:95,random_group_element_jacobian_test
FN:110,random_scalar_order_test
FN:123,random_scalar_order
FN:136,run_context_tests
FN:241,run_sha256_tests
FN:277,run_hmac_sha256_tests
FN:321,run_rfc6979_hmac_sha256_tests
FN:364,test_rand_bits
FN:399,test_rand_int
FN:415,run_rand_bits
FN:423,run_rand_int
FN:622,scalar_test
FN:911,run_scalar_tests
FN:1541,random_fe
FN:1551,random_fe_test
FN:1561,random_fe_non_zero
FN:1574,random_fe_non_square
FN:1582,check_fe_equal
FN:1590,check_fe_inverse
FN:1597,run_field_convert
FN:1627,fe_memcmp
FN:1636,run_field_misc
FN:1708,run_field_inv
FN:1720,run_field_inv_var
FN:1732,run_field_inv_all_var
FN:1754,run_sqr
FN:1770,test_sqrt
FN:1784,run_sqrt
FN:1820,ge_equals_ge
FN:1830,gej_xyz_equals_gej
FN:1851,ge_equals_gej
FN:1868,test_ge
FN:2072,test_add_neg_y_diff_x
FN:2139,run_ge
FN:2147,test_ec_combine
FN:2172,run_ec_combine
FN:2179,test_group_decompress
FN:2243,run_group_decompress
FN:2254,run_ecmult_chain
FN:2318,test_point_times_order
FN:2353,run_point_times_order
FN:2375,ecmult_const_random_mult
FN:2402,ecmult_const_commutativity
FN:2423,ecmult_const_mult_zero_one
FN:2445,ecmult_const_chain_multiply
FN:2471,run_ecmult_const_tests
FN:2478,test_wnaf
FN:2512,test_constant_wnaf_negate
FN:2527,test_constant_wnaf
FN:2566,run_wnaf
FN:2590,test_ecmult_constants
FN:2623,run_ecmult_constants
FN:2627,test_ecmult_gen_blind
FN:2650,test_ecmult_gen_blind_reset
FN:2662,run_ecmult_gen_blind
FN:2700,ec_pubkey_parse_pointtest
FN:2775,run_ec_pubkey_parse_test
FN:3102,run_eckey_edge_case_test
FN:3338,random_sign
FN:3345,test_ecdsa_sign_verify
FN:3368,run_ecdsa_sign_verify
FN:3376,precomputed_nonce_function
FN:3384,nonce_function_test_fail
FN:3392,nonce_function_test_retry
FN:3422,is_empty_signature
FN:3427,test_ecdsa_end_to_end
FN:3550,test_random_pubkeys
FN:3610,run_random_pubkeys
FN:3617,run_ecdsa_end_to_end
FN:3624,test_ecdsa_der_parse
FN:3736,assign_big_endian
FN:3748,damage_array
FN:3775,random_ber_signature
FN:3921,run_ecdsa_der_parse
FN:3953,test_ecdsa_edge_cases
FN:4322,run_ecdsa_edge_cases
FN:4327,get_openssl_key
FN:4339,test_ecdsa_openssl
FN:4374,run_ecdsa_openssl
FN:4394,test_der_vectors
FN:6928,main
FNDA:0,counting_illegal_callback_fn
FNDA:0,uncounting_illegal_callback_fn
FNDA:0,random_field_element_test
FNDA:0,random_field_element_magnitude
FNDA:0,random_group_element_test
FNDA:0,random_group_element_jacobian_test
FNDA:0,random_scalar_order_test
FNDA:0,random_scalar_order
FNDA:0,run_context_tests
FNDA:0,run_sha256_tests
FNDA:0,run_hmac_sha256_tests
FNDA:0,run_rfc6979_hmac_sha256_tests
FNDA:0,test_rand_bits
FNDA:0,test_rand_int
FNDA:0,run_rand_bits
FNDA:0,run_rand_int
FNDA:0,scalar_test
FNDA:0,run_scalar_tests
FNDA:0,random_fe
FNDA:0,random_fe_test
FNDA:0,random_fe_non_zero
FNDA:0,random_fe_non_square
FNDA:0,check_fe_equal
FNDA:0,check_fe_inverse
FNDA:0,run_field_convert
FNDA:0,fe_memcmp
FNDA:0,run_field_misc
FNDA:0,run_field_inv
FNDA:0,run_field_inv_var
FNDA:0,run_field_inv_all_var
FNDA:0,run_sqr
FNDA:0,test_sqrt
FNDA:0,run_sqrt
FNDA:0,ge_equals_ge
FNDA:0,gej_xyz_equals_gej
FNDA:0,ge_equals_gej
FNDA:0,test_ge
FNDA:0,test_add_neg_y_diff_x
FNDA:0,run_ge
FNDA:0,test_ec_combine
FNDA:0,run_ec_combine
FNDA:0,test_group_decompress
FNDA:0,run_group_decompress
FNDA:0,run_ecmult_chain
FNDA:0,test_point_times_order
FNDA:0,run_point_times_order
FNDA:0,ecmult_const_random_mult
FNDA:0,ecmult_const_commutativity
FNDA:0,ecmult_const_mult_zero_one
FNDA:0,ecmult_const_chain_multiply
FNDA:0,run_ecmult_const_tests
FNDA:0,test_wnaf
FNDA:0,test_constant_wnaf_negate
FNDA:0,test_constant_wnaf
FNDA:0,run_wnaf
FNDA:0,test_ecmult_constants
FNDA:0,run_ecmult_constants
FNDA:0,test_ecmult_gen_blind
FNDA:0,test_ecmult_gen_blind_reset
FNDA:0,run_ecmult_gen_blind
FNDA:0,ec_pubkey_parse_pointtest
FNDA:0,run_ec_pubkey_parse_test
FNDA:0,run_eckey_edge_case_test
FNDA:0,random_sign
FNDA:0,test_ecdsa_sign_verify
FNDA:0,run_ecdsa_sign_verify
FNDA:0,precomputed_nonce_function
FNDA:0,nonce_function_test_fail
FNDA:0,nonce_function_test_retry
FNDA:0,is_empty_signature
FNDA:0,test_ecdsa_end_to_end
FNDA:0,test_random_pubkeys
FNDA:0,run_random_pubkeys
FNDA:0,run_ecdsa_end_to_end
FNDA:288,test_ecdsa_der_parse
FNDA:0,assign_big_endian
FNDA:0,damage_array
FNDA:0,random_ber_signature
FNDA:0,run_ecdsa_der_parse
FNDA:0,test_ecdsa_edge_cases
FNDA:0,run_ecdsa_edge_cases
FNDA:0,get_openssl_key
FNDA:0,test_ecdsa_openssl
FNDA:0,run_ecdsa_openssl
FNDA:1,test_der_vectors
FNDA:1,main
FNF:86
FNH:3
BRDA:64,4294967295,1,-
BRDA:64,4294967295,2,-
BRDA:74,4294967295,0,-
BRDA:74,4294967295,1,-
BRDA:88,4294967295,2,-
BRDA:88,4294967295,3,-
BRDA:99,4294967295,1,-
BRDA:99,4294967295,2,-
BRDA:116,4294967295,0,-
BRDA:116,4294967295,1,-
BRDA:116,0,3,-
BRDA:116,0,4,-
BRDA:129,4294967295,0,-
BRDA:129,4294967295,1,-
BRDA:129,0,3,-
BRDA:129,0,4,-
BRDA:157,4294967295,0,-
BRDA:157,4294967295,1,-
BRDA:170,4294967295,0,-
BRDA:170,4294967295,1,-
BRDA:173,4294967295,0,-
BRDA:173,4294967295,1,-
BRDA:183,4294967295,1,-
BRDA:183,4294967295,2,-
BRDA:184,0,0,-
BRDA:184,0,1,-
BRDA:186,0,1,-
BRDA:186,0,2,-
BRDA:188,0,1,-
BRDA:188,0,2,-
BRDA:189,0,0,-
BRDA:189,0,1,-
BRDA:191,0,1,-
BRDA:191,0,2,-
BRDA:193,0,0,-
BRDA:193,0,1,-
BRDA:194,0,1,-
BRDA:194,0,2,-
BRDA:195,0,0,-
BRDA:195,0,1,-
BRDA:196,0,1,-
BRDA:196,0,2,-
BRDA:197,0,0,-
BRDA:197,0,1,-
BRDA:198,0,1,-
BRDA:198,0,2,-
BRDA:199,0,0,-
BRDA:199,0,1,-
BRDA:200,0,1,-
BRDA:200,0,2,-
BRDA:201,0,0,-
BRDA:201,0,1,-
BRDA:202,0,1,-
BRDA:202,0,2,-
BRDA:203,0,0,-
BRDA:203,0,1,-
BRDA:204,0,1,-
BRDA:204,0,2,-
BRDA:205,0,0,-
BRDA:205,0,1,-
BRDA:206,0,1,-
BRDA:206,0,2,-
BRDA:207,0,0,-
BRDA:207,0,1,-
BRDA:208,0,1,-
BRDA:208,0,2,-
BRDA:209,0,0,-
BRDA:209,0,1,-
BRDA:220,4294967295,1,-
BRDA:220,4294967295,2,-
BRDA:223,0,1,-
BRDA:223,0,2,-
BRDA:224,0,1,-
BRDA:224,0,2,-
BRDA:227,0,1,-
BRDA:227,0,2,-
BRDA:228,0,1,-
BRDA:228,0,2,-
BRDA:259,2,0,-
BRDA:259,2,1,-
BRDA:265,4294967295,0,-
BRDA:265,4294967295,1,-
BRDA:266,0,0,-
BRDA:266,0,1,-
BRDA:272,4294967295,0,-
BRDA:272,4294967295,1,-
BRDA:303,2,0,-
BRDA:303,2,1,-
BRDA:309,4294967295,0,-
BRDA:309,4294967295,1,-
BRDA:310,0,0,-
BRDA:310,0,1,-
BRDA:316,4294967295,0,-
BRDA:316,4294967295,1,-
BRDA:341,1,0,-
BRDA:341,1,1,-
BRDA:343,4294967295,0,-
BRDA:343,4294967295,1,-
BRDA:348,1,0,-
BRDA:348,1,1,-
BRDA:350,4294967295,0,-
BRDA:350,4294967295,1,-
BRDA:355,1,0,-
BRDA:355,1,1,-
BRDA:357,4294967295,0,-
BRDA:357,4294967295,1,-
BRDA:380,2,0,-
BRDA:380,2,1,-
BRDA:381,0,0,-
BRDA:381,0,1,-
BRDA:382,0,0,-
BRDA:382,0,1,-
BRDA:383,2,0,-
BRDA:383,2,1,-
BRDA:385,2,0,-
BRDA:385,2,1,-
BRDA:390,2,0,-
BRDA:390,2,1,-
BRDA:391,2,0,-
BRDA:391,2,1,-
BRDA:393,0,0,-
BRDA:393,0,1,-
BRDA:404,0,0,-
BRDA:404,0,1,-
BRDA:405,2,0,-
BRDA:405,2,1,-
BRDA:407,4294967295,0,-
BRDA:407,4294967295,1,-
BRDA:412,0,0,-
BRDA:412,0,1,-
BRDA:418,0,0,-
BRDA:418,0,1,-
BRDA:427,2,0,-
BRDA:427,2,1,-
BRDA:428,1,0,-
BRDA:428,1,1,-
BRDA:657,0,0,-
BRDA:657,0,1,-
BRDA:661,0,0,-
BRDA:661,0,1,-
BRDA:666,0,1,-
BRDA:666,0,2,-
BRDA:674,0,0,-
BRDA:674,0,1,-
BRDA:678,4294967295,0,-
BRDA:678,4294967295,1,-
BRDA:682,0,0,-
BRDA:682,0,1,-
BRDA:688,0,1,-
BRDA:688,0,2,-
BRDA:782,0,1,-
BRDA:782,0,2,-
BRDA:796,4294967295,1,-
BRDA:796,4294967295,2,-
BRDA:799,4294967295,1,-
BRDA:799,4294967295,2,-
BRDA:812,4294967295,1,-
BRDA:812,4294967295,2,-
BRDA:822,4294967295,1,-
BRDA:822,4294967295,2,-
BRDA:823,1,0,-
BRDA:823,1,1,-
BRDA:828,0,1,-
BRDA:828,0,2,-
BRDA:831,4294967295,1,-
BRDA:831,4294967295,2,-
BRDA:834,4294967295,1,-
BRDA:834,4294967295,2,-
BRDA:843,4294967295,1,-
BRDA:843,4294967295,2,-
BRDA:853,4294967295,1,-
BRDA:853,4294967295,2,-
BRDA:863,4294967295,1,-
BRDA:863,4294967295,2,-
BRDA:874,4294967295,1,-
BRDA:874,4294967295,2,-
BRDA:882,4294967295,1,-
BRDA:882,4294967295,2,-
BRDA:890,4294967295,1,-
BRDA:890,4294967295,2,-
BRDA:898,4294967295,1,-
BRDA:898,4294967295,2,-
BRDA:906,4294967295,1,-
BRDA:906,4294967295,2,-
BRDA:913,1,0,-
BRDA:913,1,1,-
BRDA:921,4294967295,1,-
BRDA:921,4294967295,2,-
BRDA:924,4294967295,1,-
BRDA:924,4294967295,2,-
BRDA:926,4294967295,1,-
BRDA:926,4294967295,2,-
BRDA:950,0,1,-
BRDA:950,0,2,-
BRDA:1503,1,0,-
BRDA:1503,1,1,-
BRDA:1505,4294967295,0,-
BRDA:1505,4294967295,1,-
BRDA:1507,4294967295,0,-
BRDA:1507,4294967295,1,-
BRDA:1509,4294967295,0,-
BRDA:1509,4294967295,1,-
BRDA:1511,4294967295,0,-
BRDA:1511,4294967295,1,-
BRDA:1513,4294967295,1,-
BRDA:1513,4294967295,2,-
BRDA:1514,0,1,-
BRDA:1514,0,2,-
BRDA:1515,0,1,-
BRDA:1515,0,2,-
BRDA:1517,4294967295,1,-
BRDA:1517,4294967295,2,-
BRDA:1523,4294967295,1,-
BRDA:1523,4294967295,2,-
BRDA:1524,0,1,-
BRDA:1524,0,2,-
BRDA:1526,4294967295,1,-
BRDA:1526,4294967295,2,-
BRDA:1527,0,1,-
BRDA:1527,0,2,-
BRDA:1530,4294967295,1,-
BRDA:1530,4294967295,2,-
BRDA:1532,4294967295,1,-
BRDA:1532,4294967295,2,-
BRDA:1533,0,1,-
BRDA:1533,0,2,-
BRDA:1534,0,1,-
BRDA:1534,0,2,-
BRDA:1545,4294967295,1,-
BRDA:1545,4294967295,2,-
BRDA:1555,4294967295,1,-
BRDA:1555,4294967295,2,-
BRDA:1563,1,0,-
BRDA:1563,1,1,-
BRDA:1566,4294967295,1,-
BRDA:1566,4294967295,2,-
BRDA:1571,0,0,-
BRDA:1571,0,1,-
BRDA:1577,4294967295,1,-
BRDA:1577,4294967295,2,-
BRDA:1616,0,1,-
BRDA:1616,0,2,-
BRDA:1617,0,1,-
BRDA:1617,0,2,-
BRDA:1619,4294967295,1,-
BRDA:1619,4294967295,2,-
BRDA:1622,4294967295,0,-
BRDA:1622,4294967295,1,-
BRDA:1624,4294967295,0,-
BRDA:1624,4294967295,1,-
BRDA:1643,2,0,-
BRDA:1643,2,1,-
BRDA:1648,4294967295,1,-
BRDA:1648,4294967295,2,-
BRDA:1649,0,1,-
BRDA:1649,0,2,-
BRDA:1655,4294967295,0,-
BRDA:1655,4294967295,1,-
BRDA:1655,0,2,-
BRDA:1655,0,3,-
BRDA:1657,4294967295,1,-
BRDA:1657,4294967295,2,-
BRDA:1658,0,1,-
BRDA:1658,0,2,-
BRDA:1660,4294967295,0,-
BRDA:1660,4294967295,1,-
BRDA:1660,0,2,-
BRDA:1660,0,3,-
BRDA:1661,0,1,-
BRDA:1661,0,2,-
BRDA:1664,4294967295,1,-
BRDA:1664,4294967295,2,-
BRDA:1667,4294967295,0,-
BRDA:1667,4294967295,1,-
BRDA:1667,0,2,-
BRDA:1667,0,3,-
BRDA:1668,2,0,-
BRDA:1668,2,1,-
BRDA:1672,4294967295,0,-
BRDA:1672,4294967295,1,-
BRDA:1672,0,2,-
BRDA:1672,0,3,-
BRDA:1681,4294967295,0,-
BRDA:1681,4294967295,1,-
BRDA:1683,4294967295,0,-
BRDA:1683,4294967295,1,-
BRDA:1692,4294967295,1,-
BRDA:1692,4294967295,2,-
BRDA:1695,4294967295,1,-
BRDA:1695,4294967295,2,-
BRDA:1699,4294967295,1,-
BRDA:1699,4294967295,2,-
BRDA:1703,4294967295,1,-
BRDA:1703,4294967295,2,-
BRDA:1704,0,1,-
BRDA:1704,0,2,-
BRDA:1711,2,0,-
BRDA:1711,2,1,-
BRDA:1714,4294967295,1,-
BRDA:1714,4294967295,2,-
BRDA:1716,4294967295,1,-
BRDA:1716,4294967295,2,-
BRDA:1723,2,0,-
BRDA:1723,2,1,-
BRDA:1726,4294967295,1,-
BRDA:1726,4294967295,2,-
BRDA:1728,4294967295,1,-
BRDA:1728,4294967295,2,-
BRDA:1737,1,0,-
BRDA:1737,1,1,-
BRDA:1740,0,0,-
BRDA:1740,0,1,-
BRDA:1744,1,0,-
BRDA:1744,1,1,-
BRDA:1745,0,1,-
BRDA:1745,0,2,-
BRDA:1748,1,0,-
BRDA:1748,1,1,-
BRDA:1749,0,1,-
BRDA:1749,0,2,-
BRDA:1762,0,0,-
BRDA:1762,0,1,-
BRDA:1773,4294967295,0,-
BRDA:1773,4294967295,1,-
BRDA:1775,0,0,-
BRDA:1775,0,1,-
BRDA:1780,4294967295,1,-
BRDA:1780,4294967295,2,-
BRDA:1780,0,4,-
BRDA:1780,0,5,-
BRDA:1794,0,0,-
BRDA:1794,0,1,-
BRDA:1803,2,0,-
BRDA:1803,2,1,-
BRDA:1806,0,0,-
BRDA:1806,0,1,-
BRDA:1821,0,0,-
BRDA:1821,0,1,-
BRDA:1822,0,0,-
BRDA:1822,0,1,-
BRDA:1825,0,1,-
BRDA:1825,0,2,-
BRDA:1826,0,1,-
BRDA:1826,0,2,-
BRDA:1835,0,0,-
BRDA:1835,0,1,-
BRDA:1835,1,2,-
BRDA:1835,1,3,-
BRDA:1854,0,0,-
BRDA:1854,0,1,-
BRDA:1855,0,0,-
BRDA:1855,0,1,-
BRDA:1864,4294967295,1,-
BRDA:1864,4294967295,2,-
BRDA:1865,0,1,-
BRDA:1865,0,2,-
BRDA:1891,1,0,-
BRDA:1891,1,1,-
BRDA:1911,0,0,-
BRDA:1911,0,1,-
BRDA:1923,2,0,-
BRDA:1923,2,1,-
BRDA:1924,0,0,-
BRDA:1924,0,1,-
BRDA:1928,4294967295,1,-
BRDA:1928,4294967295,2,-
BRDA:1940,4294967295,1,-
BRDA:1940,4294967295,2,-
BRDA:1946,1,0,-
BRDA:1946,1,1,-
BRDA:1948,2,0,-
BRDA:1948,2,1,-
BRDA:1953,0,1,-
BRDA:1953,0,2,-
BRDA:1955,4294967295,1,-
BRDA:1955,4294967295,2,-
BRDA:1955,0,4,-
BRDA:1955,0,5,-
BRDA:1957,4294967295,1,-
BRDA:1957,4294967295,2,-
BRDA:1962,4294967295,1,-
BRDA:1962,4294967295,2,-
BRDA:1964,4294967295,1,-
BRDA:1964,4294967295,2,-
BRDA:1964,0,4,-
BRDA:1964,0,5,-
BRDA:1966,4294967295,1,-
BRDA:1966,4294967295,2,-
BRDA:1981,4294967295,0,-
BRDA:1981,4294967295,1,-
BRDA:1988,0,0,-
BRDA:1988,0,1,-
BRDA:1988,1,2,-
BRDA:1988,1,3,-
BRDA:1988,2,4,-
BRDA:1988,2,5,-
BRDA:1988,3,6,-
BRDA:1988,3,7,-
BRDA:1995,4294967295,1,-
BRDA:1995,4294967295,2,-
BRDA:2002,0,0,-
BRDA:2002,0,1,-
BRDA:2002,1,2,-
BRDA:2002,1,3,-
BRDA:2002,2,4,-
BRDA:2002,2,5,-
BRDA:2002,3,6,-
BRDA:2002,3,7,-
BRDA:2003,0,1,-
BRDA:2003,0,2,-
BRDA:2007,0,0,-
BRDA:2007,0,1,-
BRDA:2008,0,1,-
BRDA:2008,0,2,-
BRDA:2009,0,1,-
BRDA:2009,0,2,-
BRDA:2012,0,0,-
BRDA:2012,0,1,-
BRDA:2013,0,1,-
BRDA:2013,0,2,-
BRDA:2014,0,1,-
BRDA:2014,0,2,-
BRDA:2024,2,0,-
BRDA:2024,2,1,-
BRDA:2027,2,0,-
BRDA:2027,2,1,-
BRDA:2029,4294967295,0,-
BRDA:2029,4294967295,1,-
BRDA:2035,1,0,-
BRDA:2035,1,1,-
BRDA:2038,0,1,-
BRDA:2038,0,2,-
BRDA:2047,2,0,-
BRDA:2047,2,1,-
BRDA:2049,0,0,-
BRDA:2049,0,1,-
BRDA:2055,0,0,-
BRDA:2055,0,1,-
BRDA:2141,1,0,-
BRDA:2141,1,1,-
BRDA:2156,2,0,-
BRDA:2156,2,1,-
BRDA:2167,4294967295,1,-
BRDA:2167,4294967295,2,-
BRDA:2168,0,0,-
BRDA:2168,0,1,-
BRDA:2174,1,0,-
BRDA:2174,1,1,-
BRDA:2195,4294967295,0,-
BRDA:2195,4294967295,1,-
BRDA:2196,0,0,-
BRDA:2196,0,1,-
BRDA:2198,0,0,-
BRDA:2198,0,1,-
BRDA:2207,4294967295,0,-
BRDA:2207,4294967295,1,-
BRDA:2208,0,0,-
BRDA:2208,0,1,-
BRDA:2209,0,0,-
BRDA:2209,0,1,-
BRDA:2212,0,1,-
BRDA:2212,0,2,-
BRDA:2213,0,1,-
BRDA:2213,0,2,-
BRDA:2214,0,1,-
BRDA:2214,0,2,-
BRDA:2217,0,1,-
BRDA:2217,0,2,-
BRDA:2220,0,1,-
BRDA:2220,0,2,-
BRDA:2221,0,1,-
BRDA:2221,0,2,-
BRDA:2225,4294967295,1,-
BRDA:2225,4294967295,2,-
BRDA:2228,4294967295,1,-
BRDA:2228,4294967295,2,-
BRDA:2230,4294967295,1,-
BRDA:2230,4294967295,2,-
BRDA:2232,4294967295,1,-
BRDA:2232,4294967295,2,-
BRDA:2235,4294967295,1,-
BRDA:2235,4294967295,2,-
BRDA:2237,4294967295,1,-
BRDA:2237,4294967295,2,-
BRDA:2239,4294967295,1,-
BRDA:2239,4294967295,2,-
BRDA:2245,1,0,-
BRDA:2245,1,1,-
BRDA:2284,2,0,-
BRDA:2284,2,1,-
BRDA:2297,4294967295,0,-
BRDA:2297,4294967295,1,-
BRDA:2308,4294967295,1,-
BRDA:2308,4294967295,2,-
BRDA:2315,4294967295,1,-
BRDA:2315,4294967295,2,-
BRDA:2333,4294967295,1,-
BRDA:2333,4294967295,2,-
BRDA:2334,0,1,-
BRDA:2334,0,2,-
BRDA:2336,4294967295,1,-
BRDA:2336,4294967295,2,-
BRDA:2337,0,1,-
BRDA:2337,0,2,-
BRDA:2338,0,1,-
BRDA:2338,0,2,-
BRDA:2340,0,1,-
BRDA:2340,0,2,-
BRDA:2344,4294967295,1,-
BRDA:2344,4294967295,2,-
BRDA:2360,1,0,-
BRDA:2360,1,1,-
BRDA:2362,0,1,-
BRDA:2362,0,2,-
BRDA:2364,0,1,-
BRDA:2364,0,2,-
BRDA:2366,4294967295,1,-
BRDA:2366,4294967295,2,-
BRDA:2372,4294967295,1,-
BRDA:2372,4294967295,2,-
BRDA:2398,4294967295,1,-
BRDA:2398,4294967295,2,-
BRDA:2435,4294967295,1,-
BRDA:2435,4294967295,2,-
BRDA:2462,0,0,-
BRDA:2462,0,1,-
BRDA:2487,4294967295,0,-
BRDA:2487,4294967295,1,-
BRDA:2488,1,0,-
BRDA:2488,1,1,-
BRDA:2491,4294967295,0,-
BRDA:2491,4294967295,1,-
BRDA:2492,0,0,-
BRDA:2492,0,1,-
BRDA:2492,1,2,-
BRDA:2492,1,3,-
BRDA:2494,0,0,-
BRDA:2494,0,1,-
BRDA:2495,0,0,-
BRDA:2495,0,1,-
BRDA:2496,0,0,-
BRDA:2496,0,1,-
BRDA:2498,0,0,-
BRDA:2498,0,1,-
BRDA:2501,0,0,-
BRDA:2501,0,1,-
BRDA:2509,0,1,-
BRDA:2509,0,2,-
BRDA:2518,0,1,-
BRDA:2518,0,2,-
BRDA:2523,4294967295,0,-
BRDA:2523,4294967295,1,-
BRDA:2524,0,1,-
BRDA:2524,0,2,-
BRDA:2544,0,0,-
BRDA:2544,0,1,-
BRDA:2547,0,0,-
BRDA:2547,0,1,-
BRDA:2548,0,0,-
BRDA:2548,0,1,-
BRDA:2549,0,0,-
BRDA:2549,0,1,-
BRDA:2550,0,0,-
BRDA:2550,0,1,-
BRDA:2553,4294967295,0,-
BRDA:2553,4294967295,1,-
BRDA:2563,4294967295,1,-
BRDA:2563,4294967295,2,-
BRDA:2577,0,0,-
BRDA:2577,0,1,-
BRDA:2584,4294967295,1,-
BRDA:2584,4294967295,2,-
BRDA:2585,0,1,-
BRDA:2585,0,2,-
BRDA:2586,0,1,-
BRDA:2586,0,2,-
BRDA:2587,0,1,-
BRDA:2587,0,2,-
BRDA:2598,1,0,-
BRDA:2598,1,1,-
BRDA:2601,0,0,-
BRDA:2601,0,1,-
BRDA:2602,0,0,-
BRDA:2602,0,1,-
BRDA:2607,0,1,-
BRDA:2607,0,2,-
BRDA:2609,2,0,-
BRDA:2609,2,1,-
BRDA:2613,0,0,-
BRDA:2613,0,1,-
BRDA:2614,0,0,-
BRDA:2614,0,1,-
BRDA:2619,0,1,-
BRDA:2619,0,2,-
BRDA:2642,4294967295,1,-
BRDA:2642,4294967295,2,-
BRDA:2644,4294967295,1,-
BRDA:2644,4294967295,2,-
BRDA:2645,0,1,-
BRDA:2645,0,2,-
BRDA:2658,4294967295,1,-
BRDA:2658,4294967295,2,-
BRDA:2659,0,1,-
BRDA:2659,0,2,-
BRDA:2665,0,0,-
BRDA:2665,0,1,-
BRDA:2708,1,0,-
BRDA:2708,1,1,-
BRDA:2713,2,0,-
BRDA:2713,2,1,-
BRDA:2722,0,0,-
BRDA:2722,0,1,-
BRDA:2722,1,2,-
BRDA:2722,1,3,-
BRDA:2722,2,4,-
BRDA:2722,2,5,-
BRDA:2724,0,0,-
BRDA:2724,0,1,-
BRDA:2724,1,2,-
BRDA:2724,1,3,-
BRDA:2724,4,4,-
BRDA:2724,4,5,-
BRDA:2724,5,6,-
BRDA:2724,5,7,-
BRDA:2725,0,0,-
BRDA:2725,0,1,-
BRDA:2725,1,2,-
BRDA:2725,1,3,-
BRDA:2725,2,4,-
BRDA:2725,2,5,-
BRDA:2725,3,6,-
BRDA:2725,3,7,-
BRDA:2726,0,0,-
BRDA:2726,0,1,-
BRDA:2726,1,2,-
BRDA:2726,1,3,-
BRDA:2733,0,1,-
BRDA:2733,0,2,-
BRDA:2737,0,1,-
BRDA:2737,0,2,-
BRDA:2739,0,0,-
BRDA:2739,0,1,-
BRDA:2740,0,0,-
BRDA:2740,0,1,-
BRDA:2741,0,0,-
BRDA:2741,0,1,-
BRDA:2741,1,2,-
BRDA:2741,1,3,-
BRDA:2742,0,0,-
BRDA:2742,0,1,-
BRDA:2744,0,0,-
BRDA:2744,0,1,-
BRDA:2745,0,1,-
BRDA:2745,0,2,-
BRDA:2752,4294967295,1,-
BRDA:2752,4294967295,2,-
BRDA:2754,0,0,-
BRDA:2754,0,1,-
BRDA:2755,0,0,-
BRDA:2755,0,1,-
BRDA:2756,0,0,-
BRDA:2756,0,1,-
BRDA:2758,0,0,-
BRDA:2758,0,1,-
BRDA:2764,0,1,-
BRDA:2764,0,2,-
BRDA:2766,0,0,-
BRDA:2766,0,1,-
BRDA:2767,0,1,-
BRDA:2767,0,2,-
BRDA:2768,0,0,-
BRDA:2768,0,1,-
BRDA:2971,4294967295,1,-
BRDA:2971,4294967295,2,-
BRDA:2973,0,0,-
BRDA:2973,0,1,-
BRDA:2974,0,1,-
BRDA:2974,0,2,-
BRDA:2975,0,0,-
BRDA:2975,0,1,-
BRDA:2977,2,0,-
BRDA:2977,2,1,-
BRDA:2983,0,1,-
BRDA:2983,0,2,-
BRDA:2985,0,0,-
BRDA:2985,0,1,-
BRDA:2986,0,1,-
BRDA:2986,0,2,-
BRDA:2987,0,0,-
BRDA:2987,0,1,-
BRDA:2990,2,0,-
BRDA:2990,2,1,-
BRDA:2996,0,1,-
BRDA:2996,0,2,-
BRDA:2998,0,0,-
BRDA:2998,0,1,-
BRDA:2999,0,1,-
BRDA:2999,0,2,-
BRDA:3000,0,0,-
BRDA:3000,0,1,-
BRDA:3006,0,1,-
BRDA:3006,0,2,-
BRDA:3008,0,0,-
BRDA:3008,0,1,-
BRDA:3009,0,1,-
BRDA:3009,0,2,-
BRDA:3010,0,0,-
BRDA:3010,0,1,-
BRDA:3012,0,1,-
BRDA:3012,0,2,-
BRDA:3013,0,0,-
BRDA:3013,0,1,-
BRDA:3018,0,1,-
BRDA:3018,0,2,-
BRDA:3020,0,0,-
BRDA:3020,0,1,-
BRDA:3021,0,1,-
BRDA:3021,0,2,-
BRDA:3022,0,0,-
BRDA:3022,0,1,-
BRDA:3027,0,1,-
BRDA:3027,0,2,-
BRDA:3029,0,0,-
BRDA:3029,0,1,-
BRDA:3030,0,1,-
BRDA:3030,0,2,-
BRDA:3031,0,0,-
BRDA:3031,0,1,-
BRDA:3036,0,1,-
BRDA:3036,0,2,-
BRDA:3038,0,0,-
BRDA:3038,0,1,-
BRDA:3039,0,1,-
BRDA:3039,0,2,-
BRDA:3040,0,0,-
BRDA:3040,0,1,-
BRDA:3045,0,1,-
BRDA:3045,0,2,-
BRDA:3047,0,0,-
BRDA:3047,0,1,-
BRDA:3049,0,1,-
BRDA:3049,0,2,-
BRDA:3054,4294967295,0,-
BRDA:3054,4294967295,1,-
BRDA:3058,0,1,-
BRDA:3058,0,2,-
BRDA:3059,0,0,-
BRDA:3059,0,1,-
BRDA:3060,0,0,-
BRDA:3060,0,1,-
BRDA:3061,0,1,-
BRDA:3061,0,2,-
BRDA:3062,0,0,-
BRDA:3062,0,1,-
BRDA:3065,0,1,-
BRDA:3065,0,2,-
BRDA:3067,0,0,-
BRDA:3067,0,1,-
BRDA:3068,0,0,-
BRDA:3068,0,1,-
BRDA:3070,0,1,-
BRDA:3070,0,2,-
BRDA:3071,0,0,-
BRDA:3071,0,1,-
BRDA:3072,0,0,-
BRDA:3072,0,1,-
BRDA:3075,0,1,-
BRDA:3075,0,2,-
BRDA:3077,0,0,-
BRDA:3077,0,1,-
BRDA:3078,0,0,-
BRDA:3078,0,1,-
BRDA:3082,0,1,-
BRDA:3082,0,2,-
[...]
DA:175,0
DA:178,45
DA:179,2925
DA:180,2880
DA:182,45
DA:184,45
DA:185,2925
DA:186,2880
DA:188,45
DA:189,45
DA:190,45
DA:192,62
DA:193,62
DA:194,62
DA:196,45
DA:198,45
DA:199,45
DA:200,45
DA:201,45
DA:202,45
DA:205,1
DA:210,1
DA:211,1
DA:214,1
DA:215,1
DA:216,1
DA:217,1
DA:218,1
DA:219,1
DA:220,1
DA:221,1
DA:224,1
DA:225,1
DA:226,1
DA:227,1
DA:228,1
DA:229,1
DA:230,1
DA:231,1
DA:232,1
DA:233,1
DA:235,15
DA:238,15
DA:240,13
DA:241,13
DA:242,13
DA:243,13
DA:244,13
DA:245,13
DA:246,13
DA:249,30
DA:251,15
DA:252,15
DA:253,15
DA:254,15
DA:255,15
DA:256,0
DA:258,15
DA:259,15
DA:260,15
DA:263,15
DA:264,15
DA:266,1
DA:267,1
DA:268,1
DA:269,1
DA:270,1
LF:183
LH:178
end_of_record
SF:/home/apoelstra/dload/code/secp256k1/src/modules/ecdh/main_impl.h
FN:13,secp256k1_ecdh
FNDA:0,secp256k1_ecdh
FNF:1
FNH:0
BRDA:19,0,0,-
BRDA:19,0,1,-
BRDA:20,0,0,-
BRDA:20,0,1,-
BRDA:21,0,0,-
BRDA:21,0,1,-
BRDA:26,4294967295,0,-
BRDA:26,4294967295,1,-
BRDA:26,0,3,-
BRDA:26,0,4,-
BRF:10
BRH:0
DA:13,0
DA:14,0
DA:15,0
DA:19,0
DA:20,0
DA:21,0
DA:24,0
DA:25,0
DA:26,0
DA:27,0
DA:33,0
DA:34,0
DA:38,0
DA:39,0
DA:40,0
DA:41,0
DA:43,0
DA:44,0
DA:45,0
DA:46,0
DA:47,0
DA:50,0
DA:51,0
LF:23
LH:0
end_of_record
SF:/home/apoelstra/dload/code/secp256k1/src/modules/recovery/main_impl.h
FN:12,secp256k1_ecdsa_recoverable_signature_load
FN:27,secp256k1_ecdsa_recoverable_signature_save
FN:38,secp256k1_ecdsa_recoverable_signature_parse_compact
FN:60,secp256k1_ecdsa_recoverable_signature_serialize_compact
FN:74,secp256k1_ecdsa_recoverable_signature_convert
FN:87,secp256k1_ecdsa_sig_recover
FN:123,secp256k1_ecdsa_sign_recoverable
FN:170,secp256k1_ecdsa_recover
FNDA:0,secp256k1_ecdsa_recoverable_signature_load
FNDA:0,secp256k1_ecdsa_recoverable_signature_save
FNDA:0,secp256k1_ecdsa_recoverable_signature_parse_compact
FNDA:0,secp256k1_ecdsa_recoverable_signature_serialize_compact
FNDA:0,secp256k1_ecdsa_recoverable_signature_convert
FNDA:0,secp256k1_ecdsa_sig_recover
FNDA:0,secp256k1_ecdsa_sign_recoverable
FNDA:0,secp256k1_ecdsa_recover
FNF:8
FNH:0
BRDA:44,0,0,-
BRDA:44,0,1,-
BRDA:45,0,0,-
BRDA:45,0,1,-
BRDA:46,0,0,-
BRDA:46,0,1,-
BRDA:46,1,2,-
BRDA:46,1,3,-
BRDA:52,4294967295,0,-
BRDA:52,4294967295,1,-
BRDA:64,0,0,-
BRDA:64,0,1,-
BRDA:65,0,0,-
BRDA:65,0,1,-
BRDA:66,0,0,-
BRDA:66,0,1,-
BRDA:79,0,0,-
BRDA:79,0,1,-
BRDA:80,0,0,-
BRDA:80,0,1,-
BRDA:96,0,1,-
BRDA:96,0,2,-
BRDA:96,1,4,-
BRDA:96,1,5,-
BRDA:104,4294967295,0,-
BRDA:104,4294967295,1,-
BRDA:105,0,1,-
BRDA:105,0,2,-
BRDA:110,0,1,-
BRDA:110,0,2,-
BRDA:130,0,1,-
BRDA:130,0,2,-
BRDA:131,0,0,-
BRDA:131,0,1,-
BRDA:132,0,0,-
BRDA:132,0,1,-
BRDA:133,0,0,-
BRDA:133,0,1,-
BRDA:134,0,0,-
BRDA:134,0,1,-
BRDA:140,4294967295,0,-
BRDA:140,4294967295,1,-
BRDA:140,0,3,-
BRDA:140,0,4,-
BRDA:146,4294967295,0,-
BRDA:146,4294967295,1,-
BRDA:150,4294967295,1,-
BRDA:150,4294967295,2,-
BRDA:150,0,3,-
BRDA:150,0,4,-
BRDA:151,0,1,-
BRDA:151,0,2,-
BRDA:162,0,0,-
BRDA:162,0,1,-
BRDA:176,0,1,-
BRDA:176,0,2,-
BRDA:177,0,0,-
BRDA:177,0,1,-
BRDA:178,0,0,-
BRDA:178,0,1,-
BRDA:179,0,0,-
BRDA:179,0,1,-
BRDA:182,4294967295,0,-
BRDA:182,4294967295,1,-
BRDA:182,0,2,-
BRDA:182,0,3,-
BRDA:184,4294967295,1,-
BRDA:184,4294967295,2,-
BRF:68
BRH:0
DA:12,0
DA:21,0
DA:22,0
DA:24,0
DA:25,0
DA:27,0
DA:32,0
DA:33,0
DA:35,0
DA:36,0
DA:38,0
DA:40,0
DA:41,0
DA:44,0
DA:45,0
DA:46,0
DA:48,0
DA:49,0
DA:50,0
DA:51,0
DA:52,0
DA:53,0
DA:55,0
DA:57,0
DA:60,0
DA:64,0
DA:65,0
DA:66,0
DA:68,0
DA:69,0
DA:70,0
DA:71,0
DA:74,0
DA:79,0
DA:80,0
DA:82,0
DA:83,0
DA:84,0
DA:87,0
DA:96,0
DA:97,0
DA:100,0
DA:101,0
DA:104,0
DA:105,0
DA:106,0
DA:108,0
DA:110,0
DA:111,0
DA:113,0
DA:114,0
DA:115,0
DA:116,0
DA:117,0
DA:118,0
DA:119,0
DA:120,0
DA:123,0
DA:127,0
DA:128,0
DA:130,0
DA:131,0
DA:132,0
DA:133,0
DA:134,0
DA:135,0
DA:138,0
DA:140,0
DA:142,0
DA:143,0
DA:145,0
DA:146,0
DA:147,0
DA:149,0
DA:150,0
DA:151,0
DA:152,0
DA:155,0
DA:157,0
DA:158,0
DA:159,0
DA:160,0
DA:162,0
DA:163,0
DA:165,0
DA:167,0
DA:170,0
DA:176,0
DA:177,0
DA:178,0
DA:179,0
DA:181,0
DA:182,0
DA:183,0
DA:184,0
DA:185,0
DA:186,0
DA:188,0
DA:189,0
LF:99
LH:0
end_of_record
SF:/home/apoelstra/dload/code/secp256k1/src/scalar_impl.h
FN:55,secp256k1_scalar_inverse
FN:262,secp256k1_scalar_inverse_var
FNDA:12120,secp256k1_scalar_inverse
FNDA:10368,secp256k1_scalar_inverse_var
FNF:2
FNH:2
BRDA:59,2,0,157560
BRDA:59,2,1,12120
BRDA:60,0,0,12120
BRDA:60,0,1,145440
BRF:4
BRH:4
DA:55,12120
DA:58,12120
DA:59,169680
DA:60,157560
DA:61,12120
DA:64,12120
DA:65,12120
DA:262,10368
DA:264,10368
DA:281,10368
LF:10
LH:10
end_of_record
SF:/home/apoelstra/dload/code/secp256k1/src/scalar_low_impl.h
FN:14,secp256k1_scalar_is_even
FN:18,secp256k1_scalar_clear
FN:19,secp256k1_scalar_set_int
FN:21,secp256k1_scalar_get_bits
FN:28,secp256k1_scalar_get_bits_var
FN:35,secp256k1_scalar_check_overflow
FN:37,secp256k1_scalar_add
FN:42,secp256k1_scalar_cadd_bit
FN:50,secp256k1_scalar_set_b32
FN:61,secp256k1_scalar_get_b32
FN:66,secp256k1_scalar_is_zero
FN:70,secp256k1_scalar_negate
FN:75,secp256k1_scalar_is_one
FN:79,secp256k1_scalar_is_high
FN:83,secp256k1_scalar_cond_negate
FN:88,secp256k1_scalar_mul
FN:92,secp256k1_scalar_shr_int
FN:101,secp256k1_scalar_sqr
FN:105,secp256k1_scalar_split_128
FN:110,secp256k1_scalar_eq
FNDA:1872,secp256k1_scalar_is_even
FNDA:8318,secp256k1_scalar_clear
FNDA:112705,secp256k1_scalar_set_int
FNDA:6399592,secp256k1_scalar_get_bits
FNDA:28560,secp256k1_scalar_get_bits_var
FNDA:1872,secp256k1_scalar_check_overflow
FNDA:24265,secp256k1_scalar_add
FNDA:1872,secp256k1_scalar_cadd_bit
FNDA:352790,secp256k1_scalar_set_b32
FNDA:70357,secp256k1_scalar_get_b32
FNDA:27722,secp256k1_scalar_is_zero
FNDA:3535,secp256k1_scalar_negate
FNDA:1872,secp256k1_scalar_is_one
FNDA:44940,secp256k1_scalar_is_high
FNDA:1872,secp256k1_scalar_cond_negate
FNDA:65712,secp256k1_scalar_mul
FNDA:162864,secp256k1_scalar_shr_int
FNDA:0,secp256k1_scalar_sqr
FNDA:0,secp256k1_scalar_split_128
FNDA:30240,secp256k1_scalar_eq
FNF:20
FNH:18
BRDA:22,0,0,721880
BRDA:22,0,1,5677712
BRDA:29,0,0,28560
BRDA:29,0,1,0
BRDA:43,0,0,1728
BRDA:43,0,1,144
BRDA:43,1,2,1728
BRDA:43,1,3,0
BRDA:54,2,0,11289280
BRDA:54,2,1,352790
BRDA:58,0,0,14630
BRDA:58,0,1,338160
BRDA:84,0,0,864
BRDA:84,0,1,1008
BRDA:85,0,0,864
BRDA:85,0,1,1008
BRF:16
BRH:14
DA:14,1872
DA:15,1872
DA:18,8318
DA:19,112705
DA:21,6399592
DA:22,6399592
DA:23,721880
DA:25,5677712
DA:28,28560
DA:29,28560
DA:30,28560
DA:32,0
DA:35,3744
DA:37,24265
DA:38,24265
DA:39,24265
DA:42,1872
DA:43,1872
DA:44,1728
DA:46,1872
DA:48,1872
DA:50,352790
DA:51,352790
DA:53,352790
DA:54,11642070
DA:55,11289280
DA:58,352790
DA:59,352790
DA:61,70357
DA:62,70357
DA:63,70357
DA:64,70357
DA:66,27722
DA:67,27722
DA:70,3535
DA:71,3535
DA:72,3535
DA:73,3535
DA:75,1872
DA:76,1872
DA:79,44940
DA:80,44940
DA:83,1872
DA:84,1872
DA:85,1872
DA:88,65712
DA:89,65712
DA:90,65712
DA:92,162864
DA:96,162864
DA:97,162864
DA:98,162864
DA:101,0
DA:102,0
DA:103,0
DA:105,0
DA:106,0
DA:107,0
DA:108,0
DA:110,30240
DA:111,30240
LF:61
LH:53
end_of_record
SF:/home/apoelstra/dload/code/secp256k1/src/secp256k1.c
FN:28,default_illegal_callback_fn
FN:39,default_error_callback_fn
FN:58,secp256k1_context_create
FN:83,secp256k1_context_clone
FN:92,secp256k1_context_destroy
FN:101,secp256k1_context_set_illegal_callback
FN:109,secp256k1_context_set_error_callback
FN:117,secp256k1_pubkey_load
FN:136,secp256k1_pubkey_save
FN:150,secp256k1_ec_pubkey_parse
FN:165,secp256k1_ec_pubkey_serialize
FN:188,secp256k1_ecdsa_signature_load
FN:202,secp256k1_ecdsa_signature_save
FN:212,secp256k1_ecdsa_signature_parse_der
FN:228,secp256k1_ecdsa_signature_parse_compact
FN:249,secp256k1_ecdsa_signature_serialize_der
FN:261,secp256k1_ecdsa_signature_serialize_compact
FN:274,secp256k1_ecdsa_signature_normalize
FN:293,secp256k1_ecdsa_verify
FN:310,nonce_function_rfc6979
FN:345,secp256k1_ecdsa_sign
FN:392,secp256k1_ec_seckey_verify
FN:405,secp256k1_ec_pubkey_create
FN:428,secp256k1_ec_privkey_tweak_add
FN:451,secp256k1_ec_pubkey_tweak_add
FN:475,secp256k1_ec_privkey_tweak_mul
FN:497,secp256k1_ec_pubkey_tweak_mul
FN:521,secp256k1_context_randomize
FN:528,secp256k1_ec_pubkey_combine
FNDA:0,default_illegal_callback_fn
FNDA:0,default_error_callback_fn
FNDA:1,secp256k1_context_create
FNDA:0,secp256k1_context_clone
FNDA:0,secp256k1_context_destroy
FNDA:0,secp256k1_context_set_illegal_callback
FNDA:0,secp256k1_context_set_error_callback
FNDA:10368,secp256k1_pubkey_load
FNDA:20736,secp256k1_pubkey_save
FNDA:0,secp256k1_ec_pubkey_parse
FNDA:0,secp256k1_ec_pubkey_serialize
FNDA:22332,secp256k1_ecdsa_signature_load
FNDA:22332,secp256k1_ecdsa_signature_save
FNDA:0,secp256k1_ecdsa_signature_parse_der
FNDA:0,secp256k1_ecdsa_signature_parse_compact
FNDA:0,secp256k1_ecdsa_signature_serialize_der
FNDA:0,secp256k1_ecdsa_signature_serialize_compact
FNDA:0,secp256k1_ecdsa_signature_normalize
FNDA:20736,secp256k1_ecdsa_verify
FNDA:0,nonce_function_rfc6979
FNDA:1596,secp256k1_ecdsa_sign
FNDA:0,secp256k1_ec_seckey_verify
FNDA:0,secp256k1_ec_pubkey_create
FNDA:0,secp256k1_ec_privkey_tweak_add
FNDA:0,secp256k1_ec_pubkey_tweak_add
FNDA:0,secp256k1_ec_privkey_tweak_mul
FNDA:0,secp256k1_ec_pubkey_tweak_mul
FNDA:0,secp256k1_context_randomize
FNDA:0,secp256k1_ec_pubkey_combine
FNF:29
FNH:7
BRDA:63,4294967295,0,0
BRDA:63,4294967295,1,1
BRDA:73,4294967295,0,1
BRDA:73,4294967295,1,0
BRDA:76,0,0,1
BRDA:76,0,1,0
BRDA:93,0,0,-
BRDA:93,0,1,-
BRDA:102,0,0,-
BRDA:102,0,1,-
BRDA:110,0,0,-
BRDA:110,0,1,-
BRDA:132,0,1,0
BRDA:132,0,2,10368
BRDA:154,0,0,-
BRDA:154,0,1,-
BRDA:156,0,0,-
BRDA:156,0,1,-
BRDA:157,0,1,-
BRDA:157,0,2,-
BRDA:171,0,0,-
BRDA:171,0,1,-
BRDA:172,0,0,-
BRDA:172,0,1,-
BRDA:172,3,2,-
BRDA:172,3,3,-
BRDA:175,0,0,-
BRDA:175,0,1,-
BRDA:177,0,0,-
BRDA:177,0,1,-
BRDA:178,0,0,-
BRDA:178,0,1,-
BRDA:179,0,1,-
BRDA:179,0,2,-
BRDA:181,4294967295,0,-
BRDA:181,4294967295,1,-
BRDA:216,0,0,-
BRDA:216,0,1,-
BRDA:217,0,0,-
BRDA:217,0,1,-
BRDA:219,0,1,-
BRDA:219,0,2,-
BRDA:234,0,0,-
BRDA:234,0,1,-
BRDA:235,0,0,-
BRDA:235,0,1,-
BRDA:241,4294967295,0,-
BRDA:241,4294967295,1,-
BRDA:253,0,0,-
BRDA:253,0,1,-
BRDA:254,0,0,-
BRDA:254,0,1,-
BRDA:255,0,0,-
BRDA:255,0,1,-
BRDA:265,0,0,-
BRDA:265,0,1,-
BRDA:266,0,0,-
BRDA:266,0,1,-
BRDA:279,0,0,-
BRDA:279,0,1,-
BRDA:283,4294967295,0,-
BRDA:283,4294967295,1,-
BRDA:284,0,0,-
BRDA:284,0,1,-
BRDA:298,0,1,0
BRDA:298,0,2,20736
BRDA:299,0,0,0
BRDA:299,0,1,20736
BRDA:300,0,0,0
BRDA:300,0,1,20736
BRDA:301,0,0,0
BRDA:301,0,1,20736
BRDA:305,4294967295,1,10368
BRDA:305,4294967295,2,0
BRDA:306,4294967295,0,10368
BRDA:306,4294967295,1,10368
BRDA:306,0,3,792
BRDA:306,0,4,9576
BRDA:325,0,0,-
BRDA:325,0,1,-
BRDA:329,0,0,-
BRDA:329,0,1,-
BRDA:335,0,0,-
BRDA:335,0,1,-
BRDA:351,0,1,0
BRDA:351,0,2,1596
BRDA:352,0,0,0
BRDA:352,0,1,1596
BRDA:353,0,0,0
BRDA:353,0,1,1596
BRDA:354,0,0,0
BRDA:354,0,1,1596
BRDA:355,0,0,0
BRDA:355,0,1,1596
BRDA:361,4294967295,0,1596
BRDA:361,4294967295,1,0
BRDA:361,0,3,1596
BRDA:361,0,4,0
BRDA:367,4294967295,0,0
BRDA:367,4294967295,1,1764
BRDA:371,4294967295,0,1764
BRDA:371,4294967295,1,0
BRDA:373,0,1,1596
BRDA:373,0,2,168
BRDA:384,0,0,1596
BRDA:384,0,1,0
BRDA:397,0,0,-
BRDA:397,0,1,-
BRDA:400,4294967295,0,-
BRDA:400,4294967295,1,-
BRDA:400,0,3,-
BRDA:400,0,4,-
BRDA:412,0,0,-
BRDA:412,0,1,-
BRDA:414,0,1,-
BRDA:414,0,2,-
BRDA:415,0,0,-
BRDA:415,0,1,-
BRDA:419,4294967295,0,-
BRDA:419,4294967295,1,-
BRDA:434,0,0,-
BRDA:434,0,1,-
BRDA:435,0,0,-
BRDA:435,0,1,-
BRDA:440,4294967295,0,-
BRDA:440,4294967295,1,-
BRDA:440,0,3,-
BRDA:440,0,4,-
BRDA:442,0,0,-
BRDA:442,0,1,-
BRDA:457,0,1,-
BRDA:457,0,2,-
BRDA:458,0,0,-
BRDA:458,0,1,-
BRDA:459,0,0,-
BRDA:459,0,1,-
BRDA:462,4294967295,0,-
BRDA:462,4294967295,1,-
BRDA:462,0,3,-
BRDA:462,0,4,-
BRDA:464,0,0,-
BRDA:464,0,1,-
BRDA:465,0,1,-
BRDA:465,0,2,-
BRDA:481,0,0,-
BRDA:481,0,1,-
BRDA:482,0,0,-
BRDA:482,0,1,-
BRDA:486,4294967295,0,-
BRDA:486,4294967295,1,-
BRDA:486,0,3,-
BRDA:486,0,4,-
BRDA:488,0,0,-
BRDA:488,0,1,-
BRDA:503,0,1,-
BRDA:503,0,2,-
BRDA:504,0,0,-
BRDA:504,0,1,-
BRDA:505,0,0,-
BRDA:505,0,1,-
BRDA:508,4294967295,0,-
BRDA:508,4294967295,1,-
BRDA:508,0,3,-
BRDA:508,0,4,-
BRDA:510,0,0,-
BRDA:510,0,1,-
BRDA:511,0,1,-
BRDA:511,0,2,-
BRDA:523,0,1,-
BRDA:523,0,2,-
BRDA:533,0,0,-
BRDA:533,0,1,-
BRDA:535,0,0,-
BRDA:535,0,1,-
BRDA:536,0,0,-
BRDA:536,0,1,-
BRDA:540,0,0,-
BRDA:540,0,1,-
BRDA:544,0,1,-
BRDA:544,0,2,-
BRF:180
BRH:25
DA:28,0
DA:30,0
DA:31,0
DA:39,0
DA:41,0
DA:42,0
DA:58,1
DA:59,1
DA:60,1
DA:61,1
DA:63,1
DA:64,0
DA:66,0
DA:67,0
DA:70,1
DA:71,1
DA:73,1
DA:74,1
DA:76,1
DA:77,1
DA:80,1
DA:83,0
DA:84,0
DA:85,0
DA:86,0
DA:87,0
DA:88,0
DA:89,0
DA:92,0
DA:93,0
DA:94,0
DA:95,0
DA:97,0
DA:99,0
DA:101,0
DA:102,0
DA:103,0
DA:105,0
DA:106,0
DA:107,0
DA:109,0
DA:110,0
DA:111,0
DA:113,0
DA:114,0
DA:115,0
DA:117,20736
DA:123,10368
DA:124,10368
DA:132,10368
DA:133,10368
DA:136,41472
DA:139,20736
DA:140,20736
DA:148,20736
DA:150,0
DA:154,0
DA:155,0
DA:156,0
DA:157,0
DA:158,0
DA:160,0
DA:161,0
DA:162,0
DA:165,0
DA:168,0
DA:171,0
DA:172,0
DA:173,0
DA:174,0
DA:175,0
DA:176,0
DA:177,0
DA:178,0
DA:179,0
DA:180,0
DA:181,0
DA:182,0
DA:185,0
DA:188,44664
DA:197,22332
DA:198,22332
DA:200,22332
DA:202,44664
DA:207,22332
DA:208,22332
DA:210,22332
DA:212,0
DA:216,0
DA:217,0
DA:219,0
DA:220,0
DA:221,0
DA:223,0
DA:224,0
DA:228,0
DA:230,0
DA:231,0
DA:234,0
DA:235,0
DA:237,0
DA:238,0
DA:239,0
DA:240,0
DA:241,0
DA:242,0
DA:244,0
DA:246,0
DA:249,0
DA:253,0
DA:254,0
DA:255,0
DA:257,0
DA:258,0
DA:261,0
DA:265,0
DA:266,0
DA:268,0
DA:269,0
DA:270,0
DA:271,0
DA:274,0
DA:276,0
DA:279,0
DA:281,0
DA:282,0
DA:283,0
DA:284,0
DA:285,0
DA:287,0
DA:290,0
DA:293,20736
DA:298,20736
DA:299,20736
DA:300,20736
DA:301,20736
DA:303,20736
DA:304,20736
DA:305,31104
DA:306,31104
DA:307,10368
DA:310,0
DA:312,0
DA:323,0
DA:324,0
DA:325,0
DA:326,0
DA:327,0
DA:329,0
DA:330,0
DA:331,0
DA:333,0
DA:334,0
DA:335,0
DA:336,0
DA:338,0
DA:339,0
DA:345,1596
DA:348,1596
DA:349,1596
DA:351,1596
DA:352,1596
DA:353,1596
DA:354,1596
DA:355,1596
DA:356,0
DA:359,1596
DA:361,1596
DA:363,1596
DA:364,1596
DA:366,1764
DA:367,1764
DA:368,0
DA:370,1764
DA:371,1764
DA:373,1764
DA:374,1596
DA:377,168
DA:379,1596
DA:380,1596
DA:381,1596
DA:382,1596
DA:384,1596
DA:385,1596
DA:387,0
DA:389,1596
DA:392,0
DA:397,0
DA:399,0
DA:400,0
DA:401,0
DA:402,0
DA:405,0
DA:410,0
DA:412,0
DA:413,0
DA:414,0
DA:415,0
DA:417,0
DA:418,0
DA:419,0
DA:420,0
DA:421,0
DA:422,0
DA:424,0
DA:425,0
DA:428,0
DA:431,0
DA:432,0
DA:434,0
DA:435,0
DA:437,0
DA:438,0
DA:440,0
DA:441,0
DA:442,0
DA:443,0
DA:446,0
DA:447,0
DA:448,0
DA:451,0
DA:454,0
DA:455,0
DA:457,0
DA:458,0
DA:459,0
DA:461,0
DA:462,0
DA:463,0
DA:464,0
DA:465,0
DA:466,0
DA:468,0
DA:472,0
DA:475,0
DA:478,0
DA:479,0
DA:481,0
DA:482,0
DA:484,0
DA:485,0
DA:486,0
DA:487,0
DA:488,0
DA:489,0
DA:492,0
DA:493,0
DA:494,0
DA:497,0
DA:500,0
DA:501,0
DA:503,0
DA:504,0
DA:505,0
DA:507,0
DA:508,0
DA:509,0
DA:510,0
DA:511,0
DA:512,0
DA:514,0
DA:518,0
DA:521,0
DA:523,0
DA:524,0
DA:525,0
DA:528,0
DA:533,0
DA:534,0
DA:535,0
DA:536,0
DA:538,0
DA:540,0
DA:541,0
DA:542,0
DA:544,0
DA:545,0
DA:547,0
DA:548,0
DA:549,0
LF:280
LH:65
end_of_record
SF:/home/apoelstra/dload/code/secp256k1/src/testrand_impl.h
FN:26,secp256k1_rand32
FN:34,secp256k1_rand_bits
FN:47,secp256k1_rand_int
FN:86,secp256k1_rand256
FN:90,secp256k1_rand_bytes_test
FN:106,secp256k1_rand256_test
FNDA:0,secp256k1_rand32
FNDA:0,secp256k1_rand_bits
FNDA:0,secp256k1_rand_int
FNDA:12,secp256k1_rand256
FNDA:0,secp256k1_rand_bytes_test
FNDA:0,secp256k1_rand256_test
FNF:6
FNH:1
BRDA:27,0,0,-
BRDA:27,0,1,-
BRDA:36,0,0,-
BRDA:36,0,1,-
BRDA:62,0,0,-
BRDA:62,0,1,-
BRDA:66,1,0,-
BRDA:66,1,1,-
BRDA:70,0,0,-
BRDA:70,0,1,-
BRDA:80,4294967295,0,-
BRDA:80,4294967295,1,-
BRDA:81,0,0,-
BRDA:81,0,1,-
BRDA:93,1,0,-
BRDA:93,1,1,-
BRDA:98,0,0,-
BRDA:98,0,1,-
BRDA:98,1,2,-
BRDA:98,1,3,-
BRF:20
BRH:0
DA:26,0
DA:27,0
DA:28,0
DA:29,0
DA:31,0
DA:34,0
DA:36,0
DA:37,0
DA:38,0
DA:40,0
DA:41,0
DA:42,0
DA:43,0
DA:44,0
DA:47,0
DA:61,0
DA:62,0
DA:63,0
DA:65,0
DA:66,0
DA:67,0
DA:68,0
DA:70,0
DA:71,0
DA:72,0
DA:73,0
DA:75,0
DA:76,0
DA:78,0
DA:79,0
DA:80,0
DA:81,0
DA:86,12
DA:87,12
DA:88,12
DA:90,0
DA:91,0
DA:92,0
DA:93,0
DA:96,0
DA:97,0
DA:98,0
DA:99,0
DA:100,0
DA:101,0
DA:104,0
DA:106,0
DA:107,0
DA:108,0
LF:49
LH:3
end_of_record
SF:/home/apoelstra/dload/code/secp256k1/src/tests_exhaustive.c
FN:30,ge_equals_ge
FN:39,ge_equals_gej
FN:56,random_fe
FN:67,secp256k1_nonce_function_smallint
FN:87,test_exhaustive_addition
FN:147,test_exhaustive_ecmult
FN:169,r_from_k
FN:179,test_exhaustive_verify
FN:229,test_exhaustive_sign
FN:268,main
FNDA:12,ge_equals_ge
FNDA:4600,ge_equals_gej
FNDA:12,random_fe
FNDA:1764,secp256k1_nonce_function_smallint
FNDA:1,test_exhaustive_addition
FNDA:1,test_exhaustive_ecmult
FNDA:271164,r_from_k
FNDA:1,test_exhaustive_verify
FNDA:1,test_exhaustive_sign
FNDA:1,main
FNF:10
FNH:10
BRDA:31,0,0,0
BRDA:31,0,1,12
BRDA:32,0,0,0
BRDA:32,0,1,12
BRDA:35,0,1,0
BRDA:35,0,2,12
BRDA:36,0,1,0
BRDA:36,0,2,12
BRDA:42,0,0,0
BRDA:42,0,1,4600
BRDA:43,0,0,352
BRDA:43,0,1,4248
BRDA:52,4294967295,1,0
BRDA:52,4294967295,2,4248
BRDA:53,0,1,0
BRDA:53,0,2,4248
BRDA:60,4294967295,1,12
BRDA:60,4294967295,2,0
BRDA:79,0,0,168
BRDA:79,0,1,1596
BRDA:91,0,1,0
BRDA:91,0,2,1
BRDA:92,0,1,0
BRDA:92,0,2,1
BRDA:93,2,0,12
BRDA:93,2,1,1
BRDA:94,0,1,0
BRDA:94,0,2,12
BRDA:95,0,1,0
BRDA:95,0,2,12
BRDA:99,2,0,13
BRDA:99,2,1,1
BRDA:102,0,0,169
BRDA:102,0,1,13
BRDA:109,4294967295,0,156
BRDA:109,4294967295,1,13
BRDA:126,1,0,13
BRDA:126,1,1,1
BRDA:128,0,0,12
BRDA:128,0,1,1
BRDA:137,1,0,12
BRDA:137,1,1,1
BRDA:149,2,0,12
BRDA:149,2,1,1
BRDA:150,2,0,156
BRDA:150,2,1,12
BRDA:151,2,0,2028
BRDA:151,2,1,156
BRDA:160,4294967295,0,1872
BRDA:160,4294967295,1,156
BRDA:181,2,0,12
BRDA:181,2,1,1
BRDA:182,2,0,144
BRDA:182,2,1,12
BRDA:183,2,0,1728
BRDA:183,2,1,144
BRDA:184,2,0,20736
BRDA:184,2,1,1728
BRDA:202,1,0,269568
BRDA:202,1,1,20736
BRDA:205,4294967295,0,20736
BRDA:205,4294967295,1,248832
BRDA:221,4294967295,1,0
BRDA:221,4294967295,2,20736
BRDA:233,2,0,12
BRDA:233,2,1,1
BRDA:234,2,0,144
BRDA:234,2,1,12
BRDA:235,2,0,1596
BRDA:235,2,1,144
BRDA:251,4294967295,0,0
BRDA:251,4294967295,1,1596
BRDA:252,0,0,798
BRDA:252,0,1,798
BRDA:252,1,2,0
BRDA:252,1,3,798
BRDA:281,1,0,12
BRDA:281,1,1,1
BRDA:300,4294967295,0,0
BRDA:300,4294967295,1,12
BRDA:301,0,0,0
BRDA:301,0,1,12
BRDA:302,0,1,0
BRDA:302,0,2,12
BRDA:303,0,1,0
BRDA:303,0,2,12
BRF:86
BRH:67
DA:30,12
DA:31,12
DA:32,12
DA:33,0
DA:35,12
DA:36,12
DA:39,4600
DA:42,4600
DA:43,4600
DA:44,352
DA:47,4248
DA:48,4248
DA:49,4248
DA:50,4248
DA:51,4248
DA:52,4248
DA:53,4248
DA:56,12
DA:59,24
DA:60,12
DA:61,12
DA:67,1764
DA:71,1764
DA:79,1764
DA:80,168
DA:82,1764
DA:83,1764
DA:84,1764
DA:87,1
DA:91,1
DA:92,1
DA:93,13
DA:94,12
DA:95,12
DA:99,14
DA:101,13
DA:102,182
DA:106,169
DA:107,169
DA:109,169
DA:110,156
DA:111,156
DA:114,169
DA:115,169
DA:117,169
DA:118,169
DA:119,169
DA:120,169
DA:121,169
DA:126,14
DA:128,13
DA:129,12
DA:130,12
DA:132,13
DA:133,13
DA:137,13
DA:140,12
DA:141,12
DA:142,12
DA:143,12
DA:145,1
DA:147,1
DA:149,13
DA:150,168
DA:151,2184
DA:154,2028
DA:155,2028
DA:157,2028
DA:158,2028
DA:160,2028
DA:161,1872
DA:162,1872
DA:167,1
DA:169,271164
DA:172,271164
DA:173,271164
DA:174,271164
DA:175,271164
DA:176,271164
DA:177,271164
DA:179,1
DA:181,13
DA:182,156
DA:183,1872
DA:184,22464
DA:193,20736
DA:194,20736
DA:195,20736
DA:196,20736
DA:201,20736
DA:202,290304
DA:204,269568
DA:205,269568
DA:206,20736
DA:207,20736
DA:208,20736
DA:209,20736
DA:210,20736
DA:214,20736
DA:217,20736
DA:218,20736
DA:219,20736
DA:220,20736
DA:221,20736
DA:227,1
DA:229,1
DA:233,13
DA:234,156
DA:235,1740
DA:239,1596
DA:240,1596
DA:241,1596
DA:242,1596
DA:244,1596
DA:246,1596
DA:250,1596
DA:251,1596
DA:252,1596
DA:266,1
DA:268,1
DA:274,1
DA:279,1
DA:280,1
DA:281,13
DA:284,12
DA:286,12
DA:287,12
DA:288,12
DA:296,12
DA:297,12
DA:298,12
DA:300,12
DA:301,12
DA:302,12
DA:303,12
DA:308,1
DA:309,1
DA:310,1
DA:311,1
DA:313,1
LF:140
LH:139
end_of_record
SF:/home/apoelstra/dload/code/secp256k1/src/util.h
FN:23,secp256k1_callback_call
FN:68,checked_malloc
FNDA:0,secp256k1_callback_call
FNDA:8,checked_malloc
FNF:2
FNH:1
BRDA:70,0,0,0
BRDA:70,0,1,8
BRF:2
BRH:1
DA:23,0
DA:24,0
DA:25,0
DA:68,8
DA:69,8
DA:70,8
DA:71,0
DA:73,8
LF:8
LH:4
end_of_record
